{"level":"info","message":"Database Connected Successfully!","timestamp":"2024-09-15T18:01:37.400Z"}
{"level":"info","message":"Route  added with route.ts","timestamp":"2024-09-15T18:01:37.472Z"}
{"level":"info","message":"Middleware /v1/protected added with middleware.ts","timestamp":"2024-09-15T18:01:37.952Z"}
{"level":"info","message":"Route /v1/auth added with route.ts","timestamp":"2024-09-15T18:01:38.413Z"}
{"level":"info","message":"Route /v2/demo added with route.ts","timestamp":"2024-09-15T18:01:38.458Z"}
{"level":"info","message":"Route /v1/protected/conversation added with route.ts","timestamp":"2024-09-15T18:01:38.983Z"}
{"level":"info","message":"Route /v1/protected/message added with route.ts","timestamp":"2024-09-15T18:01:39.095Z"}
{"level":"info","message":"Route /v1/protected/user added with route.ts","timestamp":"2024-09-15T18:01:39.577Z"}
{"level":"info","message":"6 routes have been added","timestamp":"2024-09-15T18:01:39.578Z"}
{"level":"info","message":"Routes added successfully","timestamp":"2024-09-15T18:01:39.578Z"}
{"level":"info","message":"Server is listening on http://localhost:3000","timestamp":"2024-09-15T18:01:39.581Z"}
{"level":"info","message":"{\"id\":\"2d3ae191-8546-4533-81a8-4c55d880464f\",\"ip\":\"::1\",\"method\":\"GET\",\"url\":\"/api/v1/protected/user\",\"status\":\"200\",\"responseTime\":\"17.859\"}","timestamp":"2024-09-15T18:01:47.609Z"}
{"level":"info","message":"{\"id\":\"4377fa40-b56a-4bca-b712-48f680991d47\",\"ip\":\"::1\",\"method\":\"GET\",\"url\":\"/api/v1/protected/user\",\"status\":\"200\",\"responseTime\":\"7.228\"}","timestamp":"2024-09-15T18:02:05.676Z"}
{"level":"info","message":"{\"id\":\"849f0ad4-775e-43cf-8027-8fa661d5a547\",\"ip\":\"::1\",\"method\":\"GET\",\"url\":\"/api/v1/protected/user?search=elias\",\"status\":\"200\",\"responseTime\":\"6.351\"}","timestamp":"2024-09-15T18:02:16.774Z"}
{"level":"info","message":"Database Connected Successfully!","timestamp":"2024-09-15T18:02:37.952Z"}
{"level":"info","message":"Route  added with route.ts","timestamp":"2024-09-15T18:02:38.024Z"}
{"level":"info","message":"Route /v1/auth added with route.ts","timestamp":"2024-09-15T18:02:38.533Z"}
{"level":"info","message":"Middleware /v1/protected added with middleware.ts","timestamp":"2024-09-15T18:02:38.994Z"}
{"level":"info","message":"Route /v2/demo added with route.ts","timestamp":"2024-09-15T18:02:39.051Z"}
{"level":"info","message":"Route /v1/protected/conversation added with route.ts","timestamp":"2024-09-15T18:02:39.577Z"}
{"level":"info","message":"Route /v1/protected/message added with route.ts","timestamp":"2024-09-15T18:02:39.685Z"}
{"level":"info","message":"Route /v1/protected/user added with route.ts","timestamp":"2024-09-15T18:02:40.123Z"}
{"level":"info","message":"6 routes have been added","timestamp":"2024-09-15T18:02:40.123Z"}
{"level":"info","message":"Routes added successfully","timestamp":"2024-09-15T18:02:40.124Z"}
{"level":"info","message":"Server is listening on http://localhost:3000","timestamp":"2024-09-15T18:02:40.126Z"}
{"level":"info","message":"{\"id\":\"4016729a-9c58-418b-9cc3-be2ad25341bb\",\"ip\":\"::1\",\"method\":\"GET\",\"url\":\"/api/v1/protected/user?search=elias\",\"status\":\"200\",\"responseTime\":\"17.091\"}","timestamp":"2024-09-15T18:02:41.872Z"}
{"level":"info","message":"{\"id\":\"769f63ee-268c-4549-bc3e-9e8b6e958bac\",\"ip\":\"::1\",\"method\":\"GET\",\"url\":\"/api/v1/protected/user\",\"status\":\"200\",\"responseTime\":\"7.309\"}","timestamp":"2024-09-15T18:02:46.406Z"}
{"level":"info","message":"{\"id\":\"db7ca31c-d0f4-44c8-be89-25a8d7d39453\",\"ip\":\"::1\",\"method\":\"GET\",\"url\":\"/api/v1/protected/user?search=%22%22\",\"status\":\"404\",\"responseTime\":\"9.062\"}","timestamp":"2024-09-15T18:03:03.720Z"}
{"level":"info","message":"{\"id\":\"cc61a247-76b8-4c69-9b99-0bba59757a72\",\"ip\":\"::1\",\"method\":\"GET\",\"url\":\"/api/v1/protected/user?search=%22asdsaf%22\",\"status\":\"404\",\"responseTime\":\"6.355\"}","timestamp":"2024-09-15T18:03:06.850Z"}
{"level":"info","message":"{\"id\":\"205919db-0735-4a88-9d5a-d6765fe4b54c\",\"ip\":\"::1\",\"method\":\"GET\",\"url\":\"/api/v1/protected/user?search\",\"status\":\"200\",\"responseTime\":\"10.205\"}","timestamp":"2024-09-15T18:03:10.315Z"}
{"level":"info","message":"Database Connected Successfully!","timestamp":"2024-09-15T18:04:17.193Z"}
{"level":"info","message":"Route  added with route.ts","timestamp":"2024-09-15T18:04:17.264Z"}
{"level":"info","message":"Route /v1/auth added with route.ts","timestamp":"2024-09-15T18:04:17.868Z"}
{"level":"info","message":"Middleware /v1/protected added with middleware.ts","timestamp":"2024-09-15T18:04:18.336Z"}
{"level":"info","message":"Route /v2/demo added with route.ts","timestamp":"2024-09-15T18:04:18.387Z"}
{"level":"info","message":"Route /v1/protected/conversation added with route.ts","timestamp":"2024-09-15T18:04:18.899Z"}
{"level":"info","message":"Route /v1/protected/message added with route.ts","timestamp":"2024-09-15T18:04:19.010Z"}
{"level":"info","message":"Route /v1/protected/user added with route.ts","timestamp":"2024-09-15T18:04:19.456Z"}
{"level":"info","message":"6 routes have been added","timestamp":"2024-09-15T18:04:19.457Z"}
{"level":"info","message":"Routes added successfully","timestamp":"2024-09-15T18:04:19.457Z"}
{"level":"info","message":"Server is listening on http://localhost:3000","timestamp":"2024-09-15T18:04:19.459Z"}
{"level":"info","message":"{\"id\":\"9c437011-65cd-4eab-8191-646cd6658b85\",\"ip\":\"::1\",\"method\":\"GET\",\"url\":\"/api/v1/protected/user?search\",\"status\":\"200\",\"responseTime\":\"18.112\"}","timestamp":"2024-09-15T18:04:29.741Z"}
{"level":"info","message":"{\"id\":\"9156735d-0734-4630-93dd-6e3aa8744ede\",\"ip\":\"::1\",\"method\":\"GET\",\"url\":\"/api/v1/protected/user?search=elias\",\"status\":\"200\",\"responseTime\":\"7.115\"}","timestamp":"2024-09-15T18:04:37.686Z"}
{"level":"info","message":"{\"id\":\"0cfed696-2adb-4c6b-aa56-53f6d46c3c9d\",\"ip\":\"::1\",\"method\":\"GET\",\"url\":\"/api/v1/protected/user\",\"status\":\"200\",\"responseTime\":\"5.493\"}","timestamp":"2024-09-15T18:04:44.149Z"}
{"level":"info","message":"Database Connected Successfully!","timestamp":"2024-09-15T18:05:02.370Z"}
{"level":"info","message":"Route  added with route.ts","timestamp":"2024-09-15T18:05:02.447Z"}
{"level":"info","message":"Route /v1/auth added with route.ts","timestamp":"2024-09-15T18:05:03.035Z"}
{"level":"info","message":"Middleware /v1/protected added with middleware.ts","timestamp":"2024-09-15T18:05:03.492Z"}
{"level":"info","message":"Route /v2/demo added with route.ts","timestamp":"2024-09-15T18:05:03.537Z"}
{"level":"info","message":"Route /v1/protected/conversation added with route.ts","timestamp":"2024-09-15T18:05:04.118Z"}
{"level":"info","message":"Route /v1/protected/message added with route.ts","timestamp":"2024-09-15T18:05:04.224Z"}
{"level":"info","message":"Route /v1/protected/user added with route.ts","timestamp":"2024-09-15T18:05:04.653Z"}
{"level":"info","message":"6 routes have been added","timestamp":"2024-09-15T18:05:04.654Z"}
{"level":"info","message":"Routes added successfully","timestamp":"2024-09-15T18:05:04.654Z"}
{"level":"info","message":"Server is listening on http://localhost:3000","timestamp":"2024-09-15T18:05:04.656Z"}
{"level":"info","message":"{\"id\":\"28dfbfd9-bfa4-4db7-a8a6-25dd99abe697\",\"ip\":\"::1\",\"method\":\"GET\",\"url\":\"/api/v1/protected/user\",\"status\":\"200\",\"responseTime\":\"17.377\"}","timestamp":"2024-09-15T18:05:05.920Z"}
{"level":"info","message":"Database Connected Successfully!","timestamp":"2024-09-15T19:51:10.583Z"}
{"level":"info","message":"Route  added with route.ts","timestamp":"2024-09-15T19:51:10.692Z"}
{"level":"info","message":"Route /v1/auth added with route.ts","timestamp":"2024-09-15T19:51:11.314Z"}
{"level":"info","message":"Middleware /v1/protected added with middleware.ts","timestamp":"2024-09-15T19:51:11.856Z"}
{"level":"info","message":"Route /v2/demo added with route.ts","timestamp":"2024-09-15T19:51:11.938Z"}
{"level":"info","message":"Database Connected Successfully!","timestamp":"2024-09-15T19:51:51.222Z"}
{"level":"info","message":"Database Connected Successfully!","timestamp":"2024-09-15T19:52:17.671Z"}
{"level":"info","message":"Database Connected Successfully!","timestamp":"2024-09-15T19:55:36.179Z"}
{"level":"info","message":"Database Connected Successfully!","timestamp":"2024-09-15T19:56:45.893Z"}
{"level":"info","message":"Route  added with route.ts","timestamp":"2024-09-15T19:56:46.481Z"}
{"level":"info","message":"Route /v2/demo added with route.ts","timestamp":"2024-09-15T19:56:46.564Z"}
{"level":"info","message":"Route /v1/auth added with route.ts","timestamp":"2024-09-15T19:56:47.154Z"}
{"level":"info","message":"Middleware /v1/protected added with middleware.ts","timestamp":"2024-09-15T19:56:47.665Z"}
{"level":"info","message":"Route /v1/protected/conversation added with route.ts","timestamp":"2024-09-15T19:56:48.166Z"}
{"level":"info","message":"Route /v1/protected/message added with route.ts","timestamp":"2024-09-15T19:56:48.290Z"}
{"level":"info","message":"Route /v1/protected/upload added with route.ts","timestamp":"2024-09-15T19:56:50.230Z"}
{"level":"info","message":"Route /v1/protected/user added with route.ts","timestamp":"2024-09-15T19:56:50.686Z"}
{"level":"info","message":"7 routes have been added","timestamp":"2024-09-15T19:56:50.687Z"}
{"level":"info","message":"Routes added successfully","timestamp":"2024-09-15T19:56:50.688Z"}
{"level":"info","message":"Server is listening on http://localhost:3000","timestamp":"2024-09-15T19:56:50.691Z"}
{"level":"info","message":"Database Connected Successfully!","timestamp":"2024-09-15T19:57:04.682Z"}
{"level":"info","message":"Route  added with route.ts","timestamp":"2024-09-15T19:57:04.802Z"}
{"level":"info","message":"Middleware /v1/protected added with middleware.ts","timestamp":"2024-09-15T19:57:05.350Z"}
{"level":"info","message":"Route /v1/auth added with route.ts","timestamp":"2024-09-15T19:57:05.902Z"}
{"level":"info","message":"Route /v2/demo added with route.ts","timestamp":"2024-09-15T19:57:05.979Z"}
{"level":"info","message":"Route /v1/protected/conversation added with route.ts","timestamp":"2024-09-15T19:57:06.451Z"}
{"level":"info","message":"Route /v1/protected/message added with route.ts","timestamp":"2024-09-15T19:57:06.571Z"}
{"level":"info","message":"Route /v1/protected/upload added with route.ts","timestamp":"2024-09-15T19:57:06.809Z"}
{"level":"info","message":"Route /v1/protected/user added with route.ts","timestamp":"2024-09-15T19:57:07.275Z"}
{"level":"info","message":"7 routes have been added","timestamp":"2024-09-15T19:57:07.276Z"}
{"level":"info","message":"Routes added successfully","timestamp":"2024-09-15T19:57:07.276Z"}
{"level":"info","message":"Server is listening on http://localhost:3000","timestamp":"2024-09-15T19:57:07.278Z"}
{"level":"info","message":"{\"id\":\"c1227fbf-d2f4-425e-bb2b-534c1a23b7bf\",\"ip\":\"::1\",\"method\":\"POST\",\"url\":\"/api/v1/protected/upload\",\"status\":\"400\",\"responseTime\":\"13.974\"}","timestamp":"2024-09-15T19:59:41.770Z"}
{"level":"info","message":"{\"id\":\"44969919-6089-490b-b6ce-7f1fe7be1dd5\",\"ip\":\"::1\",\"method\":\"POST\",\"url\":\"/api/v1/protected/upload\",\"status\":\"400\",\"responseTime\":\"9.174\"}","timestamp":"2024-09-15T19:59:41.772Z"}
{"level":"info","message":"{\"id\":\"c2046382-5a95-4ac1-9ccf-0e33e0cb9084\",\"ip\":\"::1\",\"method\":\"POST\",\"url\":\"/api/v1/protected/upload\",\"status\":\"200\",\"responseTime\":\"1856.722\"}","timestamp":"2024-09-15T20:01:06.643Z"}
{"level":"info","message":"Database Connected Successfully!","timestamp":"2024-09-15T20:04:32.373Z"}
{"level":"info","message":"Route  added with route.ts","timestamp":"2024-09-15T20:04:32.517Z"}
{"level":"info","message":"Middleware /v1/protected added with middleware.ts","timestamp":"2024-09-15T20:04:33.168Z"}
{"level":"info","message":"Route /v1/auth added with route.ts","timestamp":"2024-09-15T20:04:33.868Z"}
{"level":"info","message":"Route /v2/demo added with route.ts","timestamp":"2024-09-15T20:04:33.953Z"}
{"level":"info","message":"Route /v1/protected/conversation added with route.ts","timestamp":"2024-09-15T20:04:34.446Z"}
{"level":"info","message":"Route /v1/protected/message added with route.ts","timestamp":"2024-09-15T20:04:34.570Z"}
{"level":"info","message":"Route /v1/protected/upload added with route.ts","timestamp":"2024-09-15T20:04:34.806Z"}
{"level":"info","message":"Route /v1/protected/user added with route.ts","timestamp":"2024-09-15T20:04:35.248Z"}
{"level":"info","message":"7 routes have been added","timestamp":"2024-09-15T20:04:35.248Z"}
{"level":"info","message":"Routes added successfully","timestamp":"2024-09-15T20:04:35.249Z"}
{"level":"info","message":"Server is listening on http://localhost:3000","timestamp":"2024-09-15T20:04:35.251Z"}
{"level":"info","message":"{\"id\":\"bbb5c74a-5d64-466e-87d6-3e240dc9da3b\",\"ip\":\"::1\",\"method\":\"POST\",\"url\":\"/api/v1/protected/upload\",\"status\":\"200\",\"responseTime\":\"1857.726\"}","timestamp":"2024-09-15T20:04:40.066Z"}
{"level":"info","message":"Database Connected Successfully!","timestamp":"2024-09-15T20:09:57.918Z"}
{"level":"info","message":"Route  added with route.ts","timestamp":"2024-09-15T20:09:58.047Z"}
{"level":"info","message":"Route /v1/auth added with route.ts","timestamp":"2024-09-15T20:09:58.618Z"}
{"level":"info","message":"Middleware /v1/protected added with middleware.ts","timestamp":"2024-09-15T20:09:59.180Z"}
{"level":"info","message":"Route /v2/demo added with route.ts","timestamp":"2024-09-15T20:09:59.253Z"}
{"level":"info","message":"Route /v1/protected/conversation added with route.ts","timestamp":"2024-09-15T20:09:59.747Z"}
{"level":"info","message":"Route /v1/protected/message added with route.ts","timestamp":"2024-09-15T20:09:59.867Z"}
{"level":"info","message":"Route /v1/protected/user added with route.ts","timestamp":"2024-09-15T20:10:00.397Z"}
{"level":"info","message":"Route /v1/protected/upload added with route.ts","timestamp":"2024-09-15T20:10:00.690Z"}
{"level":"info","message":"7 routes have been added","timestamp":"2024-09-15T20:10:00.691Z"}
{"level":"info","message":"Routes added successfully","timestamp":"2024-09-15T20:10:00.692Z"}
{"level":"info","message":"Server is listening on http://localhost:3000","timestamp":"2024-09-15T20:10:00.694Z"}
{"level":"info","message":"Database Connected Successfully!","timestamp":"2024-09-15T20:10:27.560Z"}
{"level":"info","message":"Route  added with route.ts","timestamp":"2024-09-15T20:10:27.687Z"}
{"level":"info","message":"Route /v1/auth added with route.ts","timestamp":"2024-09-15T20:10:28.228Z"}
{"level":"info","message":"Middleware /v1/protected added with middleware.ts","timestamp":"2024-09-15T20:10:28.762Z"}
{"level":"info","message":"Route /v2/demo added with route.ts","timestamp":"2024-09-15T20:10:28.833Z"}
{"level":"info","message":"Database Connected Successfully!","timestamp":"2024-09-15T20:10:59.600Z"}
{"level":"info","message":"Route  added with route.ts","timestamp":"2024-09-15T20:10:59.725Z"}
{"level":"info","message":"Route /v1/auth added with route.ts","timestamp":"2024-09-15T20:11:00.312Z"}
{"level":"info","message":"Middleware /v1/protected added with middleware.ts","timestamp":"2024-09-15T20:11:01.003Z"}
{"level":"info","message":"Route /v2/demo added with route.ts","timestamp":"2024-09-15T20:11:01.082Z"}
{"level":"info","message":"Database Connected Successfully!","timestamp":"2024-09-15T20:11:13.815Z"}
{"level":"info","message":"Route  added with route.ts","timestamp":"2024-09-15T20:11:13.943Z"}
{"level":"info","message":"Route /v1/auth added with route.ts","timestamp":"2024-09-15T20:11:14.501Z"}
{"level":"info","message":"Middleware /v1/protected added with middleware.ts","timestamp":"2024-09-15T20:11:15.033Z"}
{"level":"info","message":"Route /v2/demo added with route.ts","timestamp":"2024-09-15T20:11:15.109Z"}
{"level":"info","message":"Route /v1/protected/conversation added with route.ts","timestamp":"2024-09-15T20:11:15.572Z"}
{"level":"info","message":"Route /v1/protected/message added with route.ts","timestamp":"2024-09-15T20:11:15.694Z"}
{"level":"info","message":"Route /v1/protected/user added with route.ts","timestamp":"2024-09-15T20:11:16.146Z"}
{"level":"info","message":"Route /v1/protected/upload added with route.ts","timestamp":"2024-09-15T20:11:16.372Z"}
{"level":"info","message":"7 routes have been added","timestamp":"2024-09-15T20:11:16.372Z"}
{"level":"info","message":"Routes added successfully","timestamp":"2024-09-15T20:11:16.373Z"}
{"level":"info","message":"Server is listening on http://localhost:3000","timestamp":"2024-09-15T20:11:16.374Z"}
{"level":"info","message":"{\"id\":\"f35fd679-1148-43f8-87b6-994facf72449\",\"ip\":\"::1\",\"method\":\"POST\",\"url\":\"/api/v1/protected/upload\",\"status\":\"400\",\"responseTime\":\"13.287\"}","timestamp":"2024-09-15T20:11:36.377Z"}
{"level":"info","message":"{\"id\":\"6bcf86c5-8435-4818-8cc5-b93a3cd7105c\",\"ip\":\"::1\",\"method\":\"POST\",\"url\":\"/api/v1/protected/upload?fileName%20=%22te%22\",\"status\":\"400\",\"responseTime\":\"4.629\"}","timestamp":"2024-09-15T20:13:16.734Z"}
{"level":"info","message":"{\"id\":\"8f2bb1e4-c39c-460c-9541-732dd8958b1f\",\"ip\":\"::1\",\"method\":\"POST\",\"url\":\"/api/v1/protected/upload?fileName%20=te\",\"status\":\"400\",\"responseTime\":\"3.240\"}","timestamp":"2024-09-15T20:13:25.846Z"}
{"level":"info","message":"{\"id\":\"f12b5019-9158-4a8c-a217-0dc6c5b3e8f3\",\"ip\":\"::1\",\"method\":\"POST\",\"url\":\"/api/v1/protected/upload\",\"status\":\"400\",\"responseTime\":\"3.181\"}","timestamp":"2024-09-15T20:13:50.863Z"}
{"level":"info","message":"Database Connected Successfully!","timestamp":"2024-09-15T20:16:28.386Z"}
{"level":"info","message":"Route  added with route.ts","timestamp":"2024-09-15T20:16:28.525Z"}
{"level":"info","message":"Middleware /v1/protected added with middleware.ts","timestamp":"2024-09-15T20:16:29.115Z"}
{"level":"info","message":"Route /v1/auth added with route.ts","timestamp":"2024-09-15T20:16:29.716Z"}
{"level":"info","message":"Route /v2/demo added with route.ts","timestamp":"2024-09-15T20:16:29.785Z"}
{"level":"info","message":"Database Connected Successfully!","timestamp":"2024-09-15T20:17:14.846Z"}
{"level":"info","message":"Route  added with route.ts","timestamp":"2024-09-15T20:17:14.963Z"}
{"level":"info","message":"Middleware /v1/protected added with middleware.ts","timestamp":"2024-09-15T20:17:15.487Z"}
{"level":"info","message":"Route /v1/auth added with route.ts","timestamp":"2024-09-15T20:17:16.056Z"}
{"level":"info","message":"Route /v2/demo added with route.ts","timestamp":"2024-09-15T20:17:16.142Z"}
{"level":"info","message":"Route /v1/protected/conversation added with route.ts","timestamp":"2024-09-15T20:17:16.725Z"}
{"level":"info","message":"Route /v1/protected/message added with route.ts","timestamp":"2024-09-15T20:17:16.843Z"}
{"level":"info","message":"Route /v1/protected/upload added with route.ts","timestamp":"2024-09-15T20:17:17.097Z"}
{"level":"info","message":"Route /v1/protected/user added with route.ts","timestamp":"2024-09-15T20:17:17.579Z"}
{"level":"info","message":"7 routes have been added","timestamp":"2024-09-15T20:17:17.580Z"}
{"level":"info","message":"Routes added successfully","timestamp":"2024-09-15T20:17:17.580Z"}
{"level":"info","message":"Server is listening on http://localhost:3000","timestamp":"2024-09-15T20:17:17.583Z"}
{"level":"info","message":"Database Connected Successfully!","timestamp":"2024-09-15T20:30:57.369Z"}
{"level":"info","message":"Route  added with route.ts","timestamp":"2024-09-15T20:30:57.496Z"}
{"level":"info","message":"Route /v2/demo added with route.ts","timestamp":"2024-09-15T20:30:57.602Z"}
{"level":"info","message":"Database Connected Successfully!","timestamp":"2024-09-15T20:31:01.594Z"}
{"level":"info","message":"Route  added with route.ts","timestamp":"2024-09-15T20:31:01.740Z"}
{"level":"info","message":"Route /v1/auth added with route.ts","timestamp":"2024-09-15T20:31:02.361Z"}
{"level":"info","message":"Middleware /v1/protected added with middleware.ts","timestamp":"2024-09-15T20:31:02.902Z"}
{"level":"info","message":"Route /v2/demo added with route.ts","timestamp":"2024-09-15T20:31:02.982Z"}
{"level":"info","message":"Route /v1/protected/conversation added with route.ts","timestamp":"2024-09-15T20:31:03.456Z"}
{"level":"info","message":"Route /v1/protected/message added with route.ts","timestamp":"2024-09-15T20:31:03.571Z"}
{"level":"info","message":"Route /v1/protected/upload added with route.ts","timestamp":"2024-09-15T20:31:03.806Z"}
{"level":"info","message":"Route /v1/protected/user added with route.ts","timestamp":"2024-09-15T20:31:04.303Z"}
{"level":"info","message":"7 routes have been added","timestamp":"2024-09-15T20:31:04.304Z"}
{"level":"info","message":"Routes added successfully","timestamp":"2024-09-15T20:31:04.304Z"}
{"level":"info","message":"Server is listening on http://localhost:3000","timestamp":"2024-09-15T20:31:04.306Z"}
{"level":"info","message":"{\"id\":\"1ad26e23-757e-4896-b2a8-7434078ba134\",\"ip\":\"::1\",\"method\":\"POST\",\"url\":\"/api/v1/protected/upload\",\"status\":\"200\",\"responseTime\":\"2290.916\"}","timestamp":"2024-09-15T20:31:20.469Z"}
{"level":"info","message":"Database Connected Successfully!","timestamp":"2024-09-15T20:33:14.701Z"}
{"level":"info","message":"Route  added with route.ts","timestamp":"2024-09-15T20:33:14.823Z"}
{"level":"info","message":"Route /v1/auth added with route.ts","timestamp":"2024-09-15T20:33:15.427Z"}
{"level":"info","message":"Middleware /v1/protected added with middleware.ts","timestamp":"2024-09-15T20:33:16.005Z"}
{"level":"info","message":"Route /v2/demo added with route.ts","timestamp":"2024-09-15T20:33:16.078Z"}
{"level":"info","message":"Route /v1/protected/conversation added with route.ts","timestamp":"2024-09-15T20:33:16.544Z"}
{"level":"info","message":"Route /v1/protected/message added with route.ts","timestamp":"2024-09-15T20:33:16.660Z"}
{"level":"info","message":"Route /v1/protected/upload added with route.ts","timestamp":"2024-09-15T20:33:16.910Z"}
{"level":"info","message":"Route /v1/protected/user added with route.ts","timestamp":"2024-09-15T20:33:17.383Z"}
{"level":"info","message":"7 routes have been added","timestamp":"2024-09-15T20:33:17.383Z"}
{"level":"info","message":"Routes added successfully","timestamp":"2024-09-15T20:33:17.384Z"}
{"level":"info","message":"Server is listening on http://localhost:3000","timestamp":"2024-09-15T20:33:17.386Z"}
{"level":"info","message":"Database Connected Successfully!","timestamp":"2024-09-15T20:35:13.051Z"}
{"level":"info","message":"Route  added with route.ts","timestamp":"2024-09-15T20:35:13.183Z"}
{"level":"info","message":"Middleware /v1/protected added with middleware.ts","timestamp":"2024-09-15T20:35:13.763Z"}
{"level":"info","message":"Database Connected Successfully!","timestamp":"2024-09-15T20:35:17.900Z"}
{"level":"info","message":"Route  added with route.ts","timestamp":"2024-09-15T20:35:18.021Z"}
{"level":"info","message":"Route /v1/auth added with route.ts","timestamp":"2024-09-15T20:35:18.573Z"}
{"level":"info","message":"Middleware /v1/protected added with middleware.ts","timestamp":"2024-09-15T20:35:19.128Z"}
{"level":"info","message":"Route /v2/demo added with route.ts","timestamp":"2024-09-15T20:35:19.200Z"}
{"level":"info","message":"Database Connected Successfully!","timestamp":"2024-09-15T20:36:31.359Z"}
{"level":"info","message":"Route  added with route.ts","timestamp":"2024-09-15T20:36:31.485Z"}
{"level":"info","message":"Route /v1/auth added with route.ts","timestamp":"2024-09-15T20:36:32.147Z"}
{"level":"info","message":"Route /v2/demo added with route.ts","timestamp":"2024-09-15T20:36:32.222Z"}
{"level":"info","message":"Middleware /v1/protected added with middleware.ts","timestamp":"2024-09-15T20:36:32.760Z"}
{"level":"info","message":"Database Connected Successfully!","timestamp":"2024-09-15T20:37:20.728Z"}
{"level":"info","message":"Route  added with route.ts","timestamp":"2024-09-15T20:37:20.871Z"}
{"level":"info","message":"Route /v1/auth added with route.ts","timestamp":"2024-09-15T20:37:21.503Z"}
{"level":"info","message":"Middleware /v1/protected added with middleware.ts","timestamp":"2024-09-15T20:37:22.112Z"}
{"level":"info","message":"Route /v2/demo added with route.ts","timestamp":"2024-09-15T20:37:22.183Z"}
{"level":"info","message":"Database Connected Successfully!","timestamp":"2024-09-15T20:37:37.039Z"}
{"level":"info","message":"Route  added with route.ts","timestamp":"2024-09-15T20:37:37.164Z"}
{"level":"info","message":"Route /v1/auth added with route.ts","timestamp":"2024-09-15T20:37:37.769Z"}
{"level":"info","message":"Route /v2/demo added with route.ts","timestamp":"2024-09-15T20:37:37.844Z"}
{"level":"info","message":"Middleware /v1/protected added with middleware.ts","timestamp":"2024-09-15T20:37:38.412Z"}
{"level":"info","message":"Database Connected Successfully!","timestamp":"2024-09-15T20:42:34.886Z"}
{"level":"info","message":"Route  added with route.ts","timestamp":"2024-09-15T20:42:35.026Z"}
{"level":"info","message":"Middleware /v1/protected added with middleware.ts","timestamp":"2024-09-15T20:42:35.627Z"}
{"level":"info","message":"Route /v1/auth added with route.ts","timestamp":"2024-09-15T20:42:36.229Z"}
{"level":"info","message":"Route /v2/demo added with route.ts","timestamp":"2024-09-15T20:42:36.303Z"}
{"level":"info","message":"Route /v1/protected/conversation added with route.ts","timestamp":"2024-09-15T20:42:36.777Z"}
{"level":"info","message":"Route /v1/protected/message added with route.ts","timestamp":"2024-09-15T20:42:36.897Z"}
{"level":"info","message":"Route /v1/protected/user added with route.ts","timestamp":"2024-09-15T20:42:37.342Z"}
{"level":"info","message":"Route /v1/protected/upload added with route.ts","timestamp":"2024-09-15T20:42:37.600Z"}
{"level":"info","message":"7 routes have been added","timestamp":"2024-09-15T20:42:37.600Z"}
{"level":"info","message":"Routes added successfully","timestamp":"2024-09-15T20:42:37.601Z"}
{"level":"info","message":"Server is listening on http://localhost:3000","timestamp":"2024-09-15T20:42:37.603Z"}
{"level":"info","message":"{\"id\":\"16b596ec-5815-49f3-b824-eb20e8ee3e5c\",\"ip\":\"::1\",\"method\":\"POST\",\"url\":\"/api/v1/protected/upload\",\"status\":\"200\",\"responseTime\":\"3244.519\"}","timestamp":"2024-09-15T20:42:44.815Z"}
{"level":"info","message":"Database Connected Successfully!","timestamp":"2024-09-15T20:44:45.810Z"}
{"level":"info","message":"Route  added with route.ts","timestamp":"2024-09-15T20:44:45.931Z"}
{"level":"info","message":"Route /v2/demo added with route.ts","timestamp":"2024-09-15T20:44:46.013Z"}
{"level":"info","message":"Route /v1/auth added with route.ts","timestamp":"2024-09-15T20:44:46.546Z"}
{"level":"info","message":"Middleware /v1/protected added with middleware.ts","timestamp":"2024-09-15T20:44:47.033Z"}
{"level":"info","message":"Route /v1/protected/conversation added with route.ts","timestamp":"2024-09-15T20:44:47.512Z"}
{"level":"info","message":"Route /v1/protected/upload added with route.ts","timestamp":"2024-09-15T20:44:47.777Z"}
{"level":"info","message":"Route /v1/protected/message added with route.ts","timestamp":"2024-09-15T20:44:47.888Z"}
{"level":"info","message":"Route /v1/protected/user added with route.ts","timestamp":"2024-09-15T20:44:48.385Z"}
{"level":"info","message":"7 routes have been added","timestamp":"2024-09-15T20:44:48.386Z"}
{"level":"info","message":"Routes added successfully","timestamp":"2024-09-15T20:44:48.386Z"}
{"level":"info","message":"Server is listening on http://localhost:3000","timestamp":"2024-09-15T20:44:48.388Z"}
{"level":"info","message":"Database Connected Successfully!","timestamp":"2024-09-15T20:45:40.568Z"}
{"level":"info","message":"Route  added with route.ts","timestamp":"2024-09-15T20:45:40.685Z"}
{"level":"info","message":"Middleware /v1/protected added with middleware.ts","timestamp":"2024-09-15T20:45:41.171Z"}
{"level":"info","message":"Route /v1/auth added with route.ts","timestamp":"2024-09-15T20:45:41.722Z"}
{"level":"info","message":"Route /v2/demo added with route.ts","timestamp":"2024-09-15T20:45:41.801Z"}
{"level":"info","message":"Route /v1/protected/conversation added with route.ts","timestamp":"2024-09-15T20:45:42.241Z"}
{"level":"info","message":"Route /v1/protected/upload added with route.ts","timestamp":"2024-09-15T20:45:42.501Z"}
{"level":"info","message":"Route /v1/protected/message added with route.ts","timestamp":"2024-09-15T20:45:42.614Z"}
{"level":"info","message":"Route /v1/protected/user added with route.ts","timestamp":"2024-09-15T20:45:43.041Z"}
{"level":"info","message":"7 routes have been added","timestamp":"2024-09-15T20:45:43.041Z"}
{"level":"info","message":"Routes added successfully","timestamp":"2024-09-15T20:45:43.042Z"}
{"level":"info","message":"Server is listening on http://localhost:3000","timestamp":"2024-09-15T20:45:43.044Z"}
{"level":"info","message":"{\"id\":\"47c4695f-6803-44d8-90a4-c064240a32ec\",\"ip\":\"::1\",\"method\":\"POST\",\"url\":\"/api/v1/protected/upload\",\"status\":\"200\",\"responseTime\":\"15312.077\"}","timestamp":"2024-09-15T20:46:01.158Z"}
{"level":"info","message":"{\"id\":\"f84c7cc7-b8ac-47ac-9c0d-04d18111815f\",\"ip\":\"::1\",\"method\":\"POST\",\"url\":\"/api/v1/protected/upload\",\"status\":\"200\",\"responseTime\":\"14717.917\"}","timestamp":"2024-09-15T20:47:46.546Z"}
{"level":"info","message":"{\"id\":\"cf2059bf-72d4-401a-8fdb-6ed7e3bc5522\",\"ip\":\"::1\",\"method\":\"POST\",\"url\":\"/api/v1/protected/upload\",\"status\":\"200\",\"responseTime\":\"14707.631\"}","timestamp":"2024-09-15T20:48:21.776Z"}
{"level":"info","message":"{\"id\":\"551046f6-8d74-4394-9c5e-ad2b8fdce215\",\"ip\":\"::1\",\"method\":\"POST\",\"url\":\"/api/v1/protected/upload\",\"status\":\"200\",\"responseTime\":\"15215.447\"}","timestamp":"2024-09-15T20:48:53.713Z"}
{"level":"info","message":"{\"id\":\"8d3050d7-bb66-4f78-b421-27155a73c766\",\"ip\":\"::1\",\"method\":\"POST\",\"url\":\"/api/v1/protected/upload\",\"status\":\"200\",\"responseTime\":\"13707.038\"}","timestamp":"2024-09-15T20:49:56.608Z"}
{"level":"info","message":"Database Connected Successfully!","timestamp":"2024-09-15T20:54:27.336Z"}
{"level":"info","message":"Route  added with route.ts","timestamp":"2024-09-15T20:54:27.463Z"}
{"level":"info","message":"Route /v1/auth added with route.ts","timestamp":"2024-09-15T20:54:28.026Z"}
{"level":"info","message":"Route /v2/demo added with route.ts","timestamp":"2024-09-15T20:54:28.097Z"}
{"level":"info","message":"Middleware /v1/protected added with middleware.ts","timestamp":"2024-09-15T20:54:28.664Z"}
{"level":"info","message":"Route /v1/protected/conversation added with route.ts","timestamp":"2024-09-15T20:54:29.145Z"}
{"level":"info","message":"Route /v1/protected/message added with route.ts","timestamp":"2024-09-15T20:54:29.264Z"}
{"level":"info","message":"Route /v1/protected/upload added with route.ts","timestamp":"2024-09-15T20:54:29.526Z"}
{"level":"info","message":"Route /v1/protected/user added with route.ts","timestamp":"2024-09-15T20:54:29.988Z"}
{"level":"info","message":"7 routes have been added","timestamp":"2024-09-15T20:54:29.988Z"}
{"level":"info","message":"Routes added successfully","timestamp":"2024-09-15T20:54:29.989Z"}
{"level":"info","message":"Server is listening on http://localhost:3000","timestamp":"2024-09-15T20:54:29.991Z"}
{"level":"info","message":"{\"id\":\"dd8ca78c-d604-47f6-bb1d-da4d424edc4e\",\"ip\":\"::1\",\"method\":\"POST\",\"url\":\"/api/v1/protected/upload\",\"status\":\"200\",\"responseTime\":\"14476.983\"}","timestamp":"2024-09-15T20:55:30.414Z"}
{"level":"info","message":"{\"id\":\"9fe7726d-5966-4952-8285-f7edbe1c8786\",\"ip\":\"::1\",\"method\":\"POST\",\"url\":\"/api/v1/protected/upload\",\"status\":\"200\",\"responseTime\":\"13169.959\"}","timestamp":"2024-09-15T20:55:59.424Z"}
{"level":"info","message":"{\"id\":\"2aa14bd4-6e31-4383-a37f-e0bf6ac0d51b\",\"ip\":\"::1\",\"method\":\"POST\",\"url\":\"/api/v1/protected/upload\",\"status\":\"200\",\"responseTime\":\"13145.452\"}","timestamp":"2024-09-15T20:56:18.501Z"}
{"level":"info","message":"{\"id\":\"2697f538-d44d-4ac3-8010-2d483fe1f95f\",\"ip\":\"::1\",\"method\":\"POST\",\"url\":\"/api/v1/protected/upload\",\"status\":\"200\",\"responseTime\":\"51583.469\"}","timestamp":"2024-09-15T20:59:29.048Z"}
{"level":"info","message":"{\"id\":\"21b108b2-91bc-49b5-b138-08f48cae512f\",\"ip\":\"::1\",\"method\":\"POST\",\"url\":\"/api/v1/protected/upload\",\"status\":\"200\",\"responseTime\":\"5756.939\"}","timestamp":"2024-09-15T21:00:47.409Z"}
{"level":"info","message":"{\"id\":\"0f999598-1579-442c-b54c-217bbfc476a4\",\"ip\":\"::1\",\"method\":\"POST\",\"url\":\"/api/v1/protected/upload\",\"status\":\"200\",\"responseTime\":\"1745.875\"}","timestamp":"2024-09-15T21:01:13.804Z"}
{"level":"info","message":"Database Connected Successfully!","timestamp":"2024-09-15T21:07:29.569Z"}
{"level":"info","message":"Route  added with route.ts","timestamp":"2024-09-15T21:07:29.690Z"}
{"level":"info","message":"Route /v2/demo added with route.ts","timestamp":"2024-09-15T21:07:29.771Z"}
{"level":"info","message":"Middleware /v1/protected added with middleware.ts","timestamp":"2024-09-15T21:07:30.282Z"}
{"level":"info","message":"Route /v1/auth added with route.ts","timestamp":"2024-09-15T21:07:30.883Z"}
{"level":"info","message":"Database Connected Successfully!","timestamp":"2024-09-15T21:08:15.737Z"}
{"level":"info","message":"Route  added with route.ts","timestamp":"2024-09-15T21:08:15.874Z"}
{"level":"info","message":"Route /v1/auth added with route.ts","timestamp":"2024-09-15T21:08:16.423Z"}
{"level":"info","message":"Middleware /v1/protected added with middleware.ts","timestamp":"2024-09-15T21:08:16.944Z"}
{"level":"info","message":"Route /v2/demo added with route.ts","timestamp":"2024-09-15T21:08:17.016Z"}
{"level":"info","message":"Database Connected Successfully!","timestamp":"2024-09-15T21:13:52.642Z"}
{"level":"info","message":"Route  added with route.ts","timestamp":"2024-09-15T21:13:52.778Z"}
{"level":"info","message":"Route /v1/auth added with route.ts","timestamp":"2024-09-15T21:13:53.402Z"}
{"level":"info","message":"Middleware /v1/protected added with middleware.ts","timestamp":"2024-09-15T21:13:54.111Z"}
{"level":"info","message":"Route /v2/demo added with route.ts","timestamp":"2024-09-15T21:13:54.186Z"}
{"level":"info","message":"Database Connected Successfully!","timestamp":"2024-09-15T21:13:58.879Z"}
{"level":"info","message":"Route  added with route.ts","timestamp":"2024-09-15T21:13:59.000Z"}
{"level":"info","message":"Route /v2/demo added with route.ts","timestamp":"2024-09-15T21:13:59.083Z"}
{"level":"info","message":"Middleware /v1/protected added with middleware.ts","timestamp":"2024-09-15T21:13:59.592Z"}
{"level":"info","message":"Route /v1/auth added with route.ts","timestamp":"2024-09-15T21:14:00.154Z"}
{"level":"info","message":"Route /v1/protected/conversation added with route.ts","timestamp":"2024-09-15T21:14:00.627Z"}
{"level":"info","message":"Route /v1/protected/message added with route.ts","timestamp":"2024-09-15T21:14:00.744Z"}
{"level":"info","message":"Route /v1/protected/uploadsec added with route.ts","timestamp":"2024-09-15T21:14:00.962Z"}
{"level":"info","message":"Route /v1/protected/upload added with route.ts","timestamp":"2024-09-15T21:14:01.073Z"}
{"level":"info","message":"Route /v1/protected/user added with route.ts","timestamp":"2024-09-15T21:14:01.541Z"}
{"level":"info","message":"8 routes have been added","timestamp":"2024-09-15T21:14:01.542Z"}
{"level":"info","message":"Routes added successfully","timestamp":"2024-09-15T21:14:01.543Z"}
{"level":"info","message":"Server is listening on http://localhost:3000","timestamp":"2024-09-15T21:14:01.546Z"}
{"level":"info","message":"{\"id\":\"328c9a1f-7f18-410c-8505-175760bfd4dd\",\"ip\":\"::1\",\"method\":\"POST\",\"url\":\"/api/v1/protected/uploadsec?fileName%20=elias_emon.jpg\",\"status\":\"400\",\"responseTime\":\"13.346\"}","timestamp":"2024-09-15T21:15:05.666Z"}
{"level":"info","message":"Database Connected Successfully!","timestamp":"2024-09-15T21:15:20.824Z"}
{"level":"info","message":"Route  added with route.ts","timestamp":"2024-09-15T21:15:20.951Z"}
{"level":"info","message":"Route /v1/auth added with route.ts","timestamp":"2024-09-15T21:15:21.498Z"}
{"level":"info","message":"Middleware /v1/protected added with middleware.ts","timestamp":"2024-09-15T21:15:22.051Z"}
{"level":"info","message":"Route /v2/demo added with route.ts","timestamp":"2024-09-15T21:15:22.132Z"}
{"level":"info","message":"Route /v1/protected/conversation added with route.ts","timestamp":"2024-09-15T21:15:22.653Z"}
{"level":"info","message":"Route /v1/protected/message added with route.ts","timestamp":"2024-09-15T21:15:22.778Z"}
{"level":"info","message":"Route /v1/protected/upload added with route.ts","timestamp":"2024-09-15T21:15:23.050Z"}
{"level":"info","message":"Route /v1/protected/uploadsec added with route.ts","timestamp":"2024-09-15T21:15:23.131Z"}
{"level":"info","message":"Route /v1/protected/user added with route.ts","timestamp":"2024-09-15T21:15:23.591Z"}
{"level":"info","message":"8 routes have been added","timestamp":"2024-09-15T21:15:23.592Z"}
{"level":"info","message":"Routes added successfully","timestamp":"2024-09-15T21:15:23.592Z"}
{"level":"info","message":"Server is listening on http://localhost:3000","timestamp":"2024-09-15T21:15:23.594Z"}
{"level":"info","message":"{\"id\":\"f00ccc35-235c-4de3-b2eb-dcb6d8712677\",\"ip\":\"::1\",\"method\":\"POST\",\"url\":\"/api/v1/protected/uploadsec?fileName%20=elias_emon.jpg\",\"status\":\"400\",\"responseTime\":\"12.736\"}","timestamp":"2024-09-15T21:15:25.167Z"}
{"level":"info","message":"Database Connected Successfully!","timestamp":"2024-09-15T21:15:51.137Z"}
{"level":"info","message":"Route  added with route.ts","timestamp":"2024-09-15T21:15:51.256Z"}
{"level":"info","message":"Route /v1/auth added with route.ts","timestamp":"2024-09-15T21:15:51.807Z"}
{"level":"info","message":"Middleware /v1/protected added with middleware.ts","timestamp":"2024-09-15T21:15:52.353Z"}
{"level":"info","message":"Route /v2/demo added with route.ts","timestamp":"2024-09-15T21:15:52.426Z"}
{"level":"info","message":"Route /v1/protected/conversation added with route.ts","timestamp":"2024-09-15T21:15:52.905Z"}
{"level":"info","message":"Route /v1/protected/message added with route.ts","timestamp":"2024-09-15T21:15:53.025Z"}
{"level":"info","message":"Route /v1/protected/upload added with route.ts","timestamp":"2024-09-15T21:15:53.278Z"}
{"level":"info","message":"Route /v1/protected/uploadsec added with route.ts","timestamp":"2024-09-15T21:15:53.356Z"}
{"level":"info","message":"Route /v1/protected/user added with route.ts","timestamp":"2024-09-15T21:15:53.825Z"}
{"level":"info","message":"8 routes have been added","timestamp":"2024-09-15T21:15:53.825Z"}
{"level":"info","message":"Routes added successfully","timestamp":"2024-09-15T21:15:53.826Z"}
{"level":"info","message":"Server is listening on http://localhost:3000","timestamp":"2024-09-15T21:15:53.829Z"}
{"level":"info","message":"{\"id\":\"974e05e1-dd96-4bee-bc0f-5f5b03bb972c\",\"ip\":\"::1\",\"method\":\"POST\",\"url\":\"/api/v1/protected/uploadsec?fileName%20=elias_emon.jpg\",\"status\":\"400\",\"responseTime\":\"14.187\"}","timestamp":"2024-09-15T21:15:55.002Z"}
{"level":"info","message":"Database Connected Successfully!","timestamp":"2024-09-15T21:17:15.847Z"}
{"level":"info","message":"Route  added with route.ts","timestamp":"2024-09-15T21:17:15.968Z"}
{"level":"info","message":"Route /v1/auth added with route.ts","timestamp":"2024-09-15T21:17:16.555Z"}
{"level":"info","message":"Middleware /v1/protected added with middleware.ts","timestamp":"2024-09-15T21:17:17.104Z"}
{"level":"info","message":"Route /v2/demo added with route.ts","timestamp":"2024-09-15T21:17:17.182Z"}
{"level":"info","message":"Route /v1/protected/conversation added with route.ts","timestamp":"2024-09-15T21:17:17.669Z"}
{"level":"info","message":"Route /v1/protected/message added with route.ts","timestamp":"2024-09-15T21:17:17.792Z"}
{"level":"info","message":"Route /v1/protected/upload added with route.ts","timestamp":"2024-09-15T21:17:18.051Z"}
{"level":"info","message":"Route /v1/protected/uploadsec added with route.ts","timestamp":"2024-09-15T21:17:18.133Z"}
{"level":"info","message":"Route /v1/protected/user added with route.ts","timestamp":"2024-09-15T21:17:18.587Z"}
{"level":"info","message":"8 routes have been added","timestamp":"2024-09-15T21:17:18.587Z"}
{"level":"info","message":"Routes added successfully","timestamp":"2024-09-15T21:17:18.588Z"}
{"level":"info","message":"Server is listening on http://localhost:3000","timestamp":"2024-09-15T21:17:18.590Z"}
{"level":"info","message":"{\"id\":\"0b3568fe-ce2e-4484-8fae-3871ea2b0092\",\"ip\":\"::1\",\"method\":\"POST\",\"url\":\"/api/v1/protected/uploadsec?fileName%20=elias_emon.jpg\",\"status\":\"400\",\"responseTime\":\"12.854\"}","timestamp":"2024-09-15T21:17:21.191Z"}
{"level":"info","message":"{\"id\":\"25c60811-4c6f-43ca-86b4-a7e61d3f84ad\",\"ip\":\"::1\",\"method\":\"POST\",\"url\":\"/api/v1/protected/uploadsec?fileName=elias_emon.jpg\",\"status\":\"200\",\"responseTime\":\"1957.381\"}","timestamp":"2024-09-15T21:17:35.064Z"}
{"level":"info","message":"{\"id\":\"c198312e-5c82-4161-8ea8-1323fff91ba6\",\"ip\":\"::1\",\"method\":\"POST\",\"url\":\"/api/v1/protected/uploadsec?fileName=elias_emon.jpg\",\"status\":\"200\",\"responseTime\":\"1365.695\"}","timestamp":"2024-09-15T21:18:43.498Z"}
{"level":"info","message":"{\"id\":\"c4559ed2-8523-410b-ad0a-9a297853370e\",\"ip\":\"::1\",\"method\":\"POST\",\"url\":\"/api/v1/protected/uploadsec?fileName=2024-08-27%2019-31-32.mp4\",\"status\":\"200\",\"responseTime\":\"50578.255\"}","timestamp":"2024-09-15T21:20:43.562Z"}
{"level":"info","message":"{\"id\":\"43b179a4-48f7-42d4-b2bd-981c50f625bf\",\"ip\":\"::1\",\"method\":\"POST\",\"url\":\"/api/v1/protected/uploadsec?fileName=2024-08-27%2019-31-32.mp4\",\"status\":\"200\",\"responseTime\":\"1354.646\"}","timestamp":"2024-09-15T21:22:00.961Z"}
{"level":"info","message":"{\"id\":\"d6728651-d717-419b-bb8a-0fac9c24a9c8\",\"ip\":\"::1\",\"method\":\"POST\",\"url\":\"/api/v1/protected/uploadsec?fileName=2024-08-27%2019-31-32.jpg\",\"status\":\"200\",\"responseTime\":\"1293.815\"}","timestamp":"2024-09-15T21:23:08.496Z"}
{"level":"info","message":"Database Connected Successfully!","timestamp":"2024-09-15T21:27:10.082Z"}
{"level":"info","message":"Route  added with route.ts","timestamp":"2024-09-15T21:27:10.206Z"}
{"level":"info","message":"Route /v1/auth added with route.ts","timestamp":"2024-09-15T21:27:10.771Z"}
{"level":"info","message":"Middleware /v1/protected added with middleware.ts","timestamp":"2024-09-15T21:27:11.305Z"}
{"level":"info","message":"Route /v2/demo added with route.ts","timestamp":"2024-09-15T21:27:11.376Z"}
{"level":"info","message":"Route /v1/protected/conversation added with route.ts","timestamp":"2024-09-15T21:27:11.856Z"}
{"level":"info","message":"Route /v1/protected/message added with route.ts","timestamp":"2024-09-15T21:27:11.974Z"}
{"level":"info","message":"Route /v1/protected/user added with route.ts","timestamp":"2024-09-15T21:27:12.457Z"}
{"level":"info","message":"Route /v1/protected/upload added with route.ts","timestamp":"2024-09-15T21:27:12.704Z"}
{"level":"info","message":"Route /v1/protected/uploadsec added with route.ts","timestamp":"2024-09-15T21:27:12.792Z"}
{"level":"info","message":"8 routes have been added","timestamp":"2024-09-15T21:27:12.793Z"}
{"level":"info","message":"Routes added successfully","timestamp":"2024-09-15T21:27:12.793Z"}
{"level":"info","message":"Server is listening on http://localhost:3000","timestamp":"2024-09-15T21:27:12.796Z"}
{"level":"info","message":"{\"id\":\"6d9c9211-ce74-4a6b-b40a-bc10de5b081c\",\"ip\":\"::1\",\"method\":\"POST\",\"url\":\"/api/v1/protected/uploadsec?fileName=2024-08-27%2019-31-32.jpg\",\"status\":\"200\",\"responseTime\":\"2162.882\"}","timestamp":"2024-09-15T21:27:17.260Z"}
{"level":"info","message":"{\"id\":\"07050fba-26a2-423c-aa24-83d1146120a8\",\"ip\":\"::1\",\"method\":\"POST\",\"url\":\"/api/v1/protected/uploadsec?fileName=2024-08-2719-31-32.jpg\",\"status\":\"200\",\"responseTime\":\"1757.706\"}","timestamp":"2024-09-15T21:27:38.869Z"}
{"level":"info","message":"{\"id\":\"50c183e7-9d6f-470e-9a19-626c6950c159\",\"ip\":\"::1\",\"method\":\"POST\",\"url\":\"/api/v1/protected/uploadsec?fileName=elias_emon.jpg\",\"status\":\"200\",\"responseTime\":\"1827.108\"}","timestamp":"2024-09-15T21:31:27.810Z"}
{"level":"info","message":"Database Connected Successfully!","timestamp":"2024-09-15T21:34:06.351Z"}
{"level":"info","message":"Route  added with route.ts","timestamp":"2024-09-15T21:34:06.470Z"}
{"level":"info","message":"Route /v1/auth added with route.ts","timestamp":"2024-09-15T21:34:07.033Z"}
{"level":"info","message":"Middleware /v1/protected added with middleware.ts","timestamp":"2024-09-15T21:34:07.569Z"}
{"level":"info","message":"Route /v2/demo added with route.ts","timestamp":"2024-09-15T21:34:07.651Z"}
{"level":"info","message":"Route /v1/protected/conversation added with route.ts","timestamp":"2024-09-15T21:34:08.127Z"}
{"level":"info","message":"Route /v1/protected/message added with route.ts","timestamp":"2024-09-15T21:34:08.266Z"}
{"level":"info","message":"Route /v1/protected/upload added with route.ts","timestamp":"2024-09-15T21:34:08.538Z"}
{"level":"info","message":"Route /v1/protected/uploadsec added with route.ts","timestamp":"2024-09-15T21:34:08.616Z"}
{"level":"info","message":"Route /v1/protected/user added with route.ts","timestamp":"2024-09-15T21:34:09.083Z"}
{"level":"info","message":"8 routes have been added","timestamp":"2024-09-15T21:34:09.083Z"}
{"level":"info","message":"Routes added successfully","timestamp":"2024-09-15T21:34:09.083Z"}
{"level":"info","message":"Server is listening on http://localhost:3000","timestamp":"2024-09-15T21:34:09.085Z"}
{"level":"info","message":"{\"id\":\"58beb32d-41a8-4113-bbe8-c31865b08173\",\"ip\":\"::1\",\"method\":\"POST\",\"url\":\"/api/v1/protected/uploadsec?fileName=elias_emon.jpg\",\"status\":\"200\",\"responseTime\":\"2239.365\"}","timestamp":"2024-09-15T21:34:27.944Z"}
{"level":"info","message":"{\"id\":\"249646db-c26b-4891-816a-d4b15a2714e4\",\"ip\":\"::1\",\"method\":\"POST\",\"url\":\"/api/v1/protected/upload\",\"status\":\"200\",\"responseTime\":\"2869.197\"}","timestamp":"2024-09-15T21:40:00.424Z"}
{"level":"info","message":"{\"id\":\"256018b9-2060-4888-b309-c5a47775861c\",\"ip\":\"::1\",\"method\":\"POST\",\"url\":\"/api/v1/protected/uploadsec?fileName=elias_emon.jpg\",\"status\":\"200\",\"responseTime\":\"1785.710\"}","timestamp":"2024-09-15T21:42:47.501Z"}
{"level":"info","message":"Database Connected Successfully!","timestamp":"2024-09-15T21:44:25.323Z"}
{"level":"info","message":"Route  added with route.ts","timestamp":"2024-09-15T21:44:25.444Z"}
{"level":"info","message":"Route /v1/auth added with route.ts","timestamp":"2024-09-15T21:44:26.160Z"}
{"level":"info","message":"Middleware /v1/protected added with middleware.ts","timestamp":"2024-09-15T21:44:26.869Z"}
{"level":"info","message":"Route /v2/demo added with route.ts","timestamp":"2024-09-15T21:44:26.946Z"}
{"level":"info","message":"Route /v1/protected/conversation added with route.ts","timestamp":"2024-09-15T21:44:27.494Z"}
{"level":"info","message":"Route /v1/protected/message added with route.ts","timestamp":"2024-09-15T21:44:27.656Z"}
{"level":"info","message":"Route /v1/protected/upload added with route.ts","timestamp":"2024-09-15T21:44:27.981Z"}
{"level":"info","message":"Route /v1/protected/user added with route.ts","timestamp":"2024-09-15T21:44:28.469Z"}
{"level":"info","message":"Route /v1/protected/uploadsec added with route.ts","timestamp":"2024-09-15T21:44:28.545Z"}
{"level":"info","message":"8 routes have been added","timestamp":"2024-09-15T21:44:28.545Z"}
{"level":"info","message":"Routes added successfully","timestamp":"2024-09-15T21:44:28.546Z"}
{"level":"info","message":"Server is listening on http://localhost:3000","timestamp":"2024-09-15T21:44:28.547Z"}
{"level":"info","message":"{\"id\":\"3be59a4c-1cec-42b0-bdfb-e35dd5257629\",\"ip\":\"::1\",\"method\":\"POST\",\"url\":\"/api/v1/protected/uploadsec?fileName=elias_emon.jpg\",\"status\":\"200\",\"responseTime\":\"2387.656\"}","timestamp":"2024-09-15T21:44:34.725Z"}
{"level":"info","message":"Database Connected Successfully!","timestamp":"2024-09-15T21:45:37.917Z"}
{"level":"info","message":"Route  added with route.ts","timestamp":"2024-09-15T21:45:38.093Z"}
{"level":"info","message":"Route /v1/auth added with route.ts","timestamp":"2024-09-15T21:45:38.681Z"}
{"level":"info","message":"Middleware /v1/protected added with middleware.ts","timestamp":"2024-09-15T21:45:39.245Z"}
{"level":"info","message":"Route /v2/demo added with route.ts","timestamp":"2024-09-15T21:45:39.317Z"}
{"level":"info","message":"Route /v1/protected/conversation added with route.ts","timestamp":"2024-09-15T21:45:39.783Z"}
{"level":"info","message":"Route /v1/protected/message added with route.ts","timestamp":"2024-09-15T21:45:39.902Z"}
{"level":"info","message":"Route /v1/protected/upload added with route.ts","timestamp":"2024-09-15T21:45:40.149Z"}
{"level":"info","message":"Route /v1/protected/uploadsec added with route.ts","timestamp":"2024-09-15T21:45:40.232Z"}
{"level":"info","message":"Route /v1/protected/user added with route.ts","timestamp":"2024-09-15T21:45:40.716Z"}
{"level":"info","message":"8 routes have been added","timestamp":"2024-09-15T21:45:40.716Z"}
{"level":"info","message":"Routes added successfully","timestamp":"2024-09-15T21:45:40.717Z"}
{"level":"info","message":"Server is listening on http://localhost:3000","timestamp":"2024-09-15T21:45:40.719Z"}
{"level":"info","message":"{\"id\":\"0dbbac12-9b86-4ab5-aeec-8297c656c102\",\"ip\":\"::1\",\"method\":\"POST\",\"url\":\"/api/v1/protected/upload\",\"status\":\"200\",\"responseTime\":\"3069.566\"}","timestamp":"2024-09-15T21:45:46.410Z"}
{"level":"info","message":"Database Connected Successfully!","timestamp":"2024-09-15T21:48:17.968Z"}
{"level":"info","message":"Route  added with route.ts","timestamp":"2024-09-15T21:48:18.088Z"}
{"level":"info","message":"Route /v1/auth added with route.ts","timestamp":"2024-09-15T21:48:18.605Z"}
{"level":"info","message":"Route /v2/demo added with route.ts","timestamp":"2024-09-15T21:48:18.671Z"}
{"level":"info","message":"Middleware /v1/protected added with middleware.ts","timestamp":"2024-09-15T21:48:19.160Z"}
{"level":"info","message":"Database Connected Successfully!","timestamp":"2024-09-15T21:48:38.606Z"}
{"level":"info","message":"Route  added with route.ts","timestamp":"2024-09-15T21:48:38.731Z"}
{"level":"info","message":"Route /v1/auth added with route.ts","timestamp":"2024-09-15T21:48:39.269Z"}
{"level":"info","message":"Middleware /v1/protected added with middleware.ts","timestamp":"2024-09-15T21:48:39.774Z"}
{"level":"info","message":"Route /v2/demo added with route.ts","timestamp":"2024-09-15T21:48:39.852Z"}
{"level":"info","message":"Route /v1/protected/conversation added with route.ts","timestamp":"2024-09-15T21:48:40.310Z"}
{"level":"info","message":"Route /v1/protected/message added with route.ts","timestamp":"2024-09-15T21:48:40.422Z"}
{"level":"info","message":"Route /v1/protected/upload added with route.ts","timestamp":"2024-09-15T21:48:40.664Z"}
{"level":"info","message":"Route /v1/protected/uploadsec added with route.ts","timestamp":"2024-09-15T21:48:40.742Z"}
{"level":"info","message":"Route /v1/protected/user added with route.ts","timestamp":"2024-09-15T21:48:41.182Z"}
{"level":"info","message":"8 routes have been added","timestamp":"2024-09-15T21:48:41.182Z"}
{"level":"info","message":"Routes added successfully","timestamp":"2024-09-15T21:48:41.183Z"}
{"level":"info","message":"Server is listening on http://localhost:3000","timestamp":"2024-09-15T21:48:41.185Z"}
{"level":"info","message":"{\"id\":\"5ab86dc3-a82a-42e3-b487-6a81bfc5c05a\",\"ip\":\"::1\",\"method\":\"POST\",\"url\":\"/api/v1/protected/uploadsec?fileName=elias_emon%20.jpg\",\"status\":\"200\",\"responseTime\":\"2163.041\"}","timestamp":"2024-09-15T21:49:01.022Z"}
{"level":"info","message":"Database Connected Successfully!","timestamp":"2024-09-15T21:49:44.001Z"}
{"level":"info","message":"Route  added with route.ts","timestamp":"2024-09-15T21:49:44.117Z"}
{"level":"info","message":"Route /v1/auth added with route.ts","timestamp":"2024-09-15T21:49:44.655Z"}
{"level":"info","message":"Route /v2/demo added with route.ts","timestamp":"2024-09-15T21:49:44.723Z"}
{"level":"info","message":"Middleware /v1/protected added with middleware.ts","timestamp":"2024-09-15T21:49:45.209Z"}
{"level":"info","message":"Route /v1/protected/conversation added with route.ts","timestamp":"2024-09-15T21:49:45.664Z"}
{"level":"info","message":"Route /v1/protected/message added with route.ts","timestamp":"2024-09-15T21:49:45.775Z"}
{"level":"info","message":"Route /v1/protected/upload added with route.ts","timestamp":"2024-09-15T21:49:46.017Z"}
{"level":"info","message":"Route /v1/protected/uploadsec added with route.ts","timestamp":"2024-09-15T21:49:46.093Z"}
{"level":"info","message":"Route /v1/protected/user added with route.ts","timestamp":"2024-09-15T21:49:46.521Z"}
{"level":"info","message":"8 routes have been added","timestamp":"2024-09-15T21:49:46.522Z"}
{"level":"info","message":"Routes added successfully","timestamp":"2024-09-15T21:49:46.522Z"}
{"level":"info","message":"Server is listening on http://localhost:3000","timestamp":"2024-09-15T21:49:46.525Z"}
{"level":"info","message":"Database Connected Successfully!","timestamp":"2024-09-15T21:50:02.627Z"}
{"level":"info","message":"Route  added with route.ts","timestamp":"2024-09-15T21:50:02.748Z"}
{"level":"info","message":"Route /v1/auth added with route.ts","timestamp":"2024-09-15T21:50:03.305Z"}
{"level":"info","message":"Middleware /v1/protected added with middleware.ts","timestamp":"2024-09-15T21:50:03.854Z"}
{"level":"info","message":"Route /v2/demo added with route.ts","timestamp":"2024-09-15T21:50:03.949Z"}
{"level":"info","message":"Route /v1/protected/conversation added with route.ts","timestamp":"2024-09-15T21:50:04.557Z"}
{"level":"info","message":"Route /v1/protected/upload added with route.ts","timestamp":"2024-09-15T21:50:04.831Z"}
{"level":"info","message":"Route /v1/protected/message added with route.ts","timestamp":"2024-09-15T21:50:04.952Z"}
{"level":"info","message":"Route /v1/protected/user added with route.ts","timestamp":"2024-09-15T21:50:05.495Z"}
{"level":"info","message":"Route /v1/protected/uploadsec added with route.ts","timestamp":"2024-09-15T21:50:05.586Z"}
{"level":"info","message":"8 routes have been added","timestamp":"2024-09-15T21:50:05.587Z"}
{"level":"info","message":"Routes added successfully","timestamp":"2024-09-15T21:50:05.587Z"}
{"level":"info","message":"Server is listening on http://localhost:3000","timestamp":"2024-09-15T21:50:05.590Z"}
{"level":"info","message":"{\"id\":\"a00c2b8f-4b7c-45cf-b741-95a056b08ea3\",\"ip\":\"::1\",\"method\":\"POST\",\"url\":\"/api/v1/protected/uploadsec?fileName=elias_emon%20.jpg\",\"status\":\"200\",\"responseTime\":\"3109.578\"}","timestamp":"2024-09-15T21:50:16.797Z"}
{"level":"info","message":"Database Connected Successfully!","timestamp":"2024-09-15T21:54:25.307Z"}
{"level":"info","message":"Route  added with route.ts","timestamp":"2024-09-15T21:54:25.425Z"}
{"level":"info","message":"Route /v1/auth added with route.ts","timestamp":"2024-09-15T21:54:25.947Z"}
{"level":"info","message":"Middleware /v1/protected added with middleware.ts","timestamp":"2024-09-15T21:54:26.473Z"}
{"level":"info","message":"Route /v2/demo added with route.ts","timestamp":"2024-09-15T21:54:26.540Z"}
{"level":"info","message":"Route /v1/protected/conversation added with route.ts","timestamp":"2024-09-15T21:54:27.049Z"}
{"level":"info","message":"Route /v1/protected/upload added with route.ts","timestamp":"2024-09-15T21:54:27.345Z"}
{"level":"info","message":"Route /v1/protected/uploadsec added with route.ts","timestamp":"2024-09-15T21:54:27.439Z"}
{"level":"info","message":"Route /v1/protected/message added with route.ts","timestamp":"2024-09-15T21:54:27.571Z"}
{"level":"info","message":"Route /v1/protected/user added with route.ts","timestamp":"2024-09-15T21:54:28.129Z"}
{"level":"info","message":"8 routes have been added","timestamp":"2024-09-15T21:54:28.130Z"}
{"level":"info","message":"Routes added successfully","timestamp":"2024-09-15T21:54:28.130Z"}
{"level":"info","message":"Server is listening on http://localhost:3000","timestamp":"2024-09-15T21:54:28.133Z"}
{"level":"info","message":"Database Connected Successfully!","timestamp":"2024-09-15T21:54:33.318Z"}
{"level":"info","message":"Route  added with route.ts","timestamp":"2024-09-15T21:54:33.434Z"}
{"level":"info","message":"Route /v1/auth added with route.ts","timestamp":"2024-09-15T21:54:34.188Z"}
{"level":"info","message":"Middleware /v1/protected added with middleware.ts","timestamp":"2024-09-15T21:54:34.754Z"}
{"level":"info","message":"Route /v2/demo added with route.ts","timestamp":"2024-09-15T21:54:34.823Z"}
{"level":"info","message":"Route /v1/protected/conversation added with route.ts","timestamp":"2024-09-15T21:54:35.277Z"}
{"level":"info","message":"Route /v1/protected/uploadsec added with route.ts","timestamp":"2024-09-15T21:54:35.502Z"}
{"level":"info","message":"Route /v1/protected/message added with route.ts","timestamp":"2024-09-15T21:54:35.613Z"}
{"level":"info","message":"Route /v1/protected/upload added with route.ts","timestamp":"2024-09-15T21:54:35.724Z"}
{"level":"info","message":"Route /v1/protected/user added with route.ts","timestamp":"2024-09-15T21:54:36.212Z"}
{"level":"info","message":"8 routes have been added","timestamp":"2024-09-15T21:54:36.213Z"}
{"level":"info","message":"Routes added successfully","timestamp":"2024-09-15T21:54:36.213Z"}
{"level":"info","message":"Server is listening on http://localhost:3000","timestamp":"2024-09-15T21:54:36.215Z"}
{"level":"info","message":"{\"id\":\"1ab87830-bcdc-4366-b65f-ffab901ffeaa\",\"ip\":\"::1\",\"method\":\"POST\",\"url\":\"/api/v1/protected/uploadsec?fileName=elias_emon%20.jpg\",\"status\":\"200\",\"responseTime\":\"2218.963\"}","timestamp":"2024-09-15T21:54:41.437Z"}
{"level":"info","message":"Database Connected Successfully!","timestamp":"2024-09-15T22:13:31.025Z"}
{"level":"info","message":"Route  added with route.ts","timestamp":"2024-09-15T22:13:31.144Z"}
{"level":"info","message":"Route /v1/auth added with route.ts","timestamp":"2024-09-15T22:13:31.749Z"}
{"level":"info","message":"Middleware /v1/protected added with middleware.ts","timestamp":"2024-09-15T22:13:32.302Z"}
{"level":"info","message":"Route /v2/demo added with route.ts","timestamp":"2024-09-15T22:13:32.373Z"}
{"level":"info","message":"Route /v1/protected/conversation added with route.ts","timestamp":"2024-09-15T22:13:32.867Z"}
{"level":"info","message":"Route /v1/protected/message added with route.ts","timestamp":"2024-09-15T22:13:33.001Z"}
{"level":"info","message":"Route /v1/protected/upload added with route.ts","timestamp":"2024-09-15T22:13:33.268Z"}
{"level":"info","message":"Route /v1/protected/user added with route.ts","timestamp":"2024-09-15T22:13:33.720Z"}
{"level":"info","message":"Route /v1/protected/uploadsec added with route.ts","timestamp":"2024-09-15T22:13:33.800Z"}
{"level":"info","message":"8 routes have been added","timestamp":"2024-09-15T22:13:33.800Z"}
{"level":"info","message":"Routes added successfully","timestamp":"2024-09-15T22:13:33.801Z"}
{"level":"info","message":"Server is listening on http://localhost:3000","timestamp":"2024-09-15T22:13:33.803Z"}
{"level":"info","message":"{\"id\":\"0da69dee-c844-4951-9e12-91b1a88aed80\",\"ip\":\"::1\",\"method\":\"POST\",\"url\":\"/api/v1/protected/uploadsec?fileName=elias_emon.jpg\",\"status\":\"200\",\"responseTime\":\"2576.416\"}","timestamp":"2024-09-15T22:14:00.002Z"}
{"level":"info","message":"{\"id\":\"51484a48-e8c7-431b-aed0-990611446c51\",\"ip\":\"::1\",\"method\":\"POST\",\"url\":\"/api/v1/protected/upload\",\"status\":\"200\",\"responseTime\":\"1814.657\"}","timestamp":"2024-09-15T22:17:48.423Z"}
{"level":"info","message":"Database Connected Successfully!","timestamp":"2024-09-16T00:42:51.630Z"}
{"level":"info","message":"Route  added with route.ts","timestamp":"2024-09-16T00:42:51.748Z"}
{"level":"info","message":"Route /v1/auth added with route.ts","timestamp":"2024-09-16T00:42:52.279Z"}
{"level":"info","message":"Middleware /v1/protected added with middleware.ts","timestamp":"2024-09-16T00:42:52.791Z"}
{"level":"info","message":"Route /v2/demo added with route.ts","timestamp":"2024-09-16T00:42:52.863Z"}
{"level":"info","message":"Database Connected Successfully!","timestamp":"2024-09-16T00:45:41.369Z"}
{"level":"info","message":"Route  added with route.ts","timestamp":"2024-09-16T00:45:41.488Z"}
{"level":"info","message":"Route /v1/auth added with route.ts","timestamp":"2024-09-16T00:45:42.056Z"}
{"level":"info","message":"Middleware /v1/protected added with middleware.ts","timestamp":"2024-09-16T00:45:42.585Z"}
{"level":"info","message":"Route /v2/demo added with route.ts","timestamp":"2024-09-16T00:45:42.653Z"}
{"level":"info","message":"Database Connected Successfully!","timestamp":"2024-09-16T00:47:05.086Z"}
{"level":"info","message":"Route  added with route.ts","timestamp":"2024-09-16T00:47:05.200Z"}
{"level":"info","message":"Route /v1/auth added with route.ts","timestamp":"2024-09-16T00:47:05.808Z"}
{"level":"info","message":"Middleware /v1/protected added with middleware.ts","timestamp":"2024-09-16T00:47:06.357Z"}
{"level":"info","message":"Route /v2/demo added with route.ts","timestamp":"2024-09-16T00:47:06.426Z"}
{"level":"info","message":"Database Connected Successfully!","timestamp":"2024-09-16T00:47:46.482Z"}
{"level":"info","message":"Route  added with route.ts","timestamp":"2024-09-16T00:47:46.602Z"}
{"level":"info","message":"Middleware /v1/protected added with middleware.ts","timestamp":"2024-09-16T00:47:47.179Z"}
{"level":"info","message":"Route /v1/auth added with route.ts","timestamp":"2024-09-16T00:47:47.704Z"}
{"level":"info","message":"Route /v2/demo added with route.ts","timestamp":"2024-09-16T00:47:47.772Z"}
{"level":"info","message":"Database Connected Successfully!","timestamp":"2024-09-16T00:49:24.656Z"}
{"level":"info","message":"Route  added with route.ts","timestamp":"2024-09-16T00:49:24.779Z"}
{"level":"info","message":"Route /v1/auth added with route.ts","timestamp":"2024-09-16T00:49:25.385Z"}
{"level":"info","message":"Middleware /v1/protected added with middleware.ts","timestamp":"2024-09-16T00:49:25.876Z"}
{"level":"info","message":"Route /v2/demo added with route.ts","timestamp":"2024-09-16T00:49:25.941Z"}
{"level":"info","message":"Database Connected Successfully!","timestamp":"2024-09-16T00:53:46.718Z"}
{"level":"info","message":"Route  added with route.ts","timestamp":"2024-09-16T00:53:46.843Z"}
{"level":"info","message":"Route /v1/auth added with route.ts","timestamp":"2024-09-16T00:53:47.444Z"}
{"level":"info","message":"Route /v2/demo added with route.ts","timestamp":"2024-09-16T00:53:47.521Z"}
{"level":"info","message":"Middleware /v1/protected added with middleware.ts","timestamp":"2024-09-16T00:53:48.028Z"}
{"level":"info","message":"Route /v1/protected/conversation added with route.ts","timestamp":"2024-09-16T00:53:48.488Z"}
{"level":"info","message":"Route /v1/protected/uploadsec added with route.ts","timestamp":"2024-09-16T00:53:48.707Z"}
{"level":"info","message":"Route /v1/protected/message added with route.ts","timestamp":"2024-09-16T00:53:48.814Z"}
{"level":"info","message":"Route /v1/protected/upload added with route.ts","timestamp":"2024-09-16T00:53:48.937Z"}
{"level":"info","message":"Route /v1/protected/user added with route.ts","timestamp":"2024-09-16T00:53:49.415Z"}
{"level":"info","message":"8 routes have been added","timestamp":"2024-09-16T00:53:49.415Z"}
{"level":"info","message":"Routes added successfully","timestamp":"2024-09-16T00:53:49.415Z"}
{"level":"info","message":"Server is listening on http://localhost:3000","timestamp":"2024-09-16T00:53:49.417Z"}
{"level":"info","message":"Database Connected Successfully!","timestamp":"2024-09-16T00:54:20.917Z"}
{"level":"info","message":"Route  added with route.ts","timestamp":"2024-09-16T00:54:21.064Z"}
{"level":"info","message":"Route /v1/auth added with route.ts","timestamp":"2024-09-16T00:54:21.613Z"}
{"level":"info","message":"Middleware /v1/protected added with middleware.ts","timestamp":"2024-09-16T00:54:22.129Z"}
{"level":"info","message":"Route /v2/demo added with route.ts","timestamp":"2024-09-16T00:54:22.198Z"}
{"level":"info","message":"Route /v1/protected/conversation added with route.ts","timestamp":"2024-09-16T00:54:22.650Z"}
{"level":"info","message":"Route /v1/protected/message added with route.ts","timestamp":"2024-09-16T00:54:22.760Z"}
{"level":"info","message":"Route /v1/protected/uploadsec added with route.ts","timestamp":"2024-09-16T00:54:23.038Z"}
{"level":"info","message":"Route /v1/protected/upload added with route.ts","timestamp":"2024-09-16T00:54:23.172Z"}
{"level":"info","message":"Route /v1/protected/user added with route.ts","timestamp":"2024-09-16T00:54:23.656Z"}
{"level":"info","message":"8 routes have been added","timestamp":"2024-09-16T00:54:23.656Z"}
{"level":"info","message":"Routes added successfully","timestamp":"2024-09-16T00:54:23.657Z"}
{"level":"info","message":"Server is listening on http://localhost:3000","timestamp":"2024-09-16T00:54:23.658Z"}
{"level":"info","message":"Database Connected Successfully!","timestamp":"2024-09-16T00:54:37.849Z"}
{"level":"info","message":"Route  added with route.ts","timestamp":"2024-09-16T00:54:37.965Z"}
{"level":"info","message":"Middleware /v1/protected added with middleware.ts","timestamp":"2024-09-16T00:54:38.488Z"}
{"level":"info","message":"Route /v1/auth added with route.ts","timestamp":"2024-09-16T00:54:39.015Z"}
{"level":"info","message":"Route /v2/demo added with route.ts","timestamp":"2024-09-16T00:54:39.086Z"}
{"level":"info","message":"Route /v1/protected/conversation added with route.ts","timestamp":"2024-09-16T00:54:39.532Z"}
{"level":"info","message":"Route /v1/protected/message added with route.ts","timestamp":"2024-09-16T00:54:39.644Z"}
{"level":"info","message":"Route /v1/protected/upload added with route.ts","timestamp":"2024-09-16T00:54:39.891Z"}
{"level":"info","message":"Route /v1/protected/uploadsec added with route.ts","timestamp":"2024-09-16T00:54:39.975Z"}
{"level":"info","message":"Route /v1/protected/user added with route.ts","timestamp":"2024-09-16T00:54:40.437Z"}
{"level":"info","message":"8 routes have been added","timestamp":"2024-09-16T00:54:40.438Z"}
{"level":"info","message":"Routes added successfully","timestamp":"2024-09-16T00:54:40.438Z"}
{"level":"info","message":"Server is listening on http://localhost:3000","timestamp":"2024-09-16T00:54:40.440Z"}
{"level":"info","message":"Database Connected Successfully!","timestamp":"2024-09-16T00:58:06.306Z"}
{"level":"info","message":"Route  added with route.ts","timestamp":"2024-09-16T00:58:06.430Z"}
{"level":"info","message":"Middleware /v1/protected added with middleware.ts","timestamp":"2024-09-16T00:58:06.965Z"}
{"level":"info","message":"Route /v1/auth added with route.ts","timestamp":"2024-09-16T00:58:07.479Z"}
{"level":"info","message":"Route /v2/demo added with route.ts","timestamp":"2024-09-16T00:58:07.549Z"}
{"level":"info","message":"Route /v1/protected/message added with route.ts","timestamp":"2024-09-16T00:58:07.663Z"}
{"level":"info","message":"Route /v1/protected/conversation added with route.ts","timestamp":"2024-09-16T00:58:08.089Z"}
{"level":"info","message":"Route /v1/protected/upload added with route.ts","timestamp":"2024-09-16T00:58:08.337Z"}
{"level":"info","message":"Route /v1/protected/user added with route.ts","timestamp":"2024-09-16T00:58:08.767Z"}
{"level":"info","message":"Route /v1/protected/uploadsec added with route.ts","timestamp":"2024-09-16T00:58:08.844Z"}
{"level":"info","message":"8 routes have been added","timestamp":"2024-09-16T00:58:08.845Z"}
{"level":"info","message":"Routes added successfully","timestamp":"2024-09-16T00:58:08.845Z"}
{"level":"info","message":"Server is listening on http://localhost:3000","timestamp":"2024-09-16T00:58:08.847Z"}
{"level":"info","message":"Database Connected Successfully!","timestamp":"2024-09-16T00:58:53.390Z"}
{"level":"info","message":"Route  added with route.ts","timestamp":"2024-09-16T00:58:53.505Z"}
{"level":"info","message":"Route /v1/auth added with route.ts","timestamp":"2024-09-16T00:58:54.023Z"}
{"level":"info","message":"Middleware /v1/protected added with middleware.ts","timestamp":"2024-09-16T00:58:54.520Z"}
{"level":"info","message":"Route /v2/demo added with route.ts","timestamp":"2024-09-16T00:58:54.589Z"}
{"level":"info","message":"Route /v1/protected/conversation added with route.ts","timestamp":"2024-09-16T00:58:55.062Z"}
{"level":"info","message":"Route /v1/protected/message added with route.ts","timestamp":"2024-09-16T00:58:55.175Z"}
{"level":"info","message":"Route /v1/protected/upload added with route.ts","timestamp":"2024-09-16T00:58:55.425Z"}
{"level":"info","message":"Route /v1/protected/uploadsec added with route.ts","timestamp":"2024-09-16T00:58:55.510Z"}
{"level":"info","message":"Route /v1/protected/user added with route.ts","timestamp":"2024-09-16T00:58:55.951Z"}
{"level":"info","message":"8 routes have been added","timestamp":"2024-09-16T00:58:55.951Z"}
{"level":"info","message":"Routes added successfully","timestamp":"2024-09-16T00:58:55.952Z"}
{"level":"info","message":"Server is listening on http://localhost:3000","timestamp":"2024-09-16T00:58:55.954Z"}
{"level":"info","message":"Database Connected Successfully!","timestamp":"2024-09-16T01:01:31.710Z"}
{"level":"info","message":"Route  added with route.ts","timestamp":"2024-09-16T01:01:31.828Z"}
{"level":"info","message":"Route /v1/auth added with route.ts","timestamp":"2024-09-16T01:01:32.379Z"}
{"level":"info","message":"Middleware /v1/protected added with middleware.ts","timestamp":"2024-09-16T01:01:32.877Z"}
{"level":"info","message":"Route /v2/demo added with route.ts","timestamp":"2024-09-16T01:01:32.952Z"}
{"level":"info","message":"Route /v1/protected/message added with route.ts","timestamp":"2024-09-16T01:01:33.069Z"}
{"level":"info","message":"Route /v1/protected/conversation added with route.ts","timestamp":"2024-09-16T01:01:33.534Z"}
{"level":"info","message":"Route /v1/protected/upload added with route.ts","timestamp":"2024-09-16T01:01:33.806Z"}
{"level":"info","message":"Route /v1/protected/uploadsec added with route.ts","timestamp":"2024-09-16T01:01:33.903Z"}
{"level":"info","message":"Route /v1/protected/user added with route.ts","timestamp":"2024-09-16T01:01:34.361Z"}
{"level":"info","message":"8 routes have been added","timestamp":"2024-09-16T01:01:34.361Z"}
{"level":"info","message":"Routes added successfully","timestamp":"2024-09-16T01:01:34.362Z"}
{"level":"info","message":"Server is listening on http://localhost:3000","timestamp":"2024-09-16T01:01:34.364Z"}
{"level":"info","message":"Database Connected Successfully!","timestamp":"2024-09-16T01:02:47.452Z"}
{"level":"info","message":"Route  added with route.ts","timestamp":"2024-09-16T01:02:47.569Z"}
{"level":"info","message":"Route /v1/auth added with route.ts","timestamp":"2024-09-16T01:02:48.100Z"}
{"level":"info","message":"Middleware /v1/protected added with middleware.ts","timestamp":"2024-09-16T01:02:48.607Z"}
{"level":"info","message":"Route /v2/demo added with route.ts","timestamp":"2024-09-16T01:02:48.676Z"}
{"level":"info","message":"Database Connected Successfully!","timestamp":"2024-09-16T01:03:23.999Z"}
{"level":"info","message":"Route  added with route.ts","timestamp":"2024-09-16T01:03:24.119Z"}
{"level":"info","message":"Middleware /v1/protected added with middleware.ts","timestamp":"2024-09-16T01:03:24.640Z"}
{"level":"info","message":"Route /v1/auth added with route.ts","timestamp":"2024-09-16T01:03:25.185Z"}
{"level":"info","message":"Route /v2/demo added with route.ts","timestamp":"2024-09-16T01:03:25.267Z"}
{"level":"info","message":"Route /v1/protected/conversation added with route.ts","timestamp":"2024-09-16T01:03:25.756Z"}
{"level":"info","message":"Route /v1/protected/message added with route.ts","timestamp":"2024-09-16T01:03:25.869Z"}
{"level":"info","message":"Route /v1/protected/uploadsec added with route.ts","timestamp":"2024-09-16T01:03:26.091Z"}
{"level":"info","message":"Route /v1/protected/upload added with route.ts","timestamp":"2024-09-16T01:03:26.210Z"}
{"level":"info","message":"Route /v1/protected/user added with route.ts","timestamp":"2024-09-16T01:03:26.650Z"}
{"level":"info","message":"8 routes have been added","timestamp":"2024-09-16T01:03:26.650Z"}
{"level":"info","message":"Routes added successfully","timestamp":"2024-09-16T01:03:26.651Z"}
{"level":"info","message":"Server is listening on http://localhost:3000","timestamp":"2024-09-16T01:03:26.653Z"}
{"level":"info","message":"Database Connected Successfully!","timestamp":"2024-09-16T01:09:32.024Z"}
{"level":"info","message":"Route  added with route.ts","timestamp":"2024-09-16T01:09:32.146Z"}
{"level":"info","message":"Route /v1/auth added with route.ts","timestamp":"2024-09-16T01:09:32.700Z"}
{"level":"info","message":"Middleware /v1/protected added with middleware.ts","timestamp":"2024-09-16T01:09:33.193Z"}
{"level":"info","message":"Route /v2/demo added with route.ts","timestamp":"2024-09-16T01:09:33.258Z"}
{"level":"info","message":"Database Connected Successfully!","timestamp":"2024-09-16T01:10:00.104Z"}
{"level":"info","message":"Route  added with route.ts","timestamp":"2024-09-16T01:10:00.230Z"}
{"level":"info","message":"Route /v1/auth added with route.ts","timestamp":"2024-09-16T01:10:00.766Z"}
{"level":"info","message":"Middleware /v1/protected added with middleware.ts","timestamp":"2024-09-16T01:10:01.275Z"}
{"level":"info","message":"Route /v2/demo added with route.ts","timestamp":"2024-09-16T01:10:01.344Z"}
{"level":"info","message":"Database Connected Successfully!","timestamp":"2024-09-16T01:10:17.030Z"}
{"level":"info","message":"Route  added with route.ts","timestamp":"2024-09-16T01:10:17.145Z"}
{"level":"info","message":"Route /v1/auth added with route.ts","timestamp":"2024-09-16T01:10:17.658Z"}
{"level":"info","message":"Route /v2/demo added with route.ts","timestamp":"2024-09-16T01:10:17.725Z"}
{"level":"info","message":"Middleware /v1/protected added with middleware.ts","timestamp":"2024-09-16T01:10:18.210Z"}
{"level":"info","message":"Route /v1/protected/conversation added with route.ts","timestamp":"2024-09-16T01:10:18.663Z"}
{"level":"info","message":"Route /v1/protected/message added with route.ts","timestamp":"2024-09-16T01:10:18.771Z"}
{"level":"info","message":"Route /v1/protected/upload added with route.ts","timestamp":"2024-09-16T01:10:19.020Z"}
{"level":"info","message":"Route /v1/protected/user added with route.ts","timestamp":"2024-09-16T01:10:19.449Z"}
{"level":"info","message":"Route /v1/protected/uploadsec added with route.ts","timestamp":"2024-09-16T01:10:19.525Z"}
{"level":"info","message":"8 routes have been added","timestamp":"2024-09-16T01:10:19.526Z"}
{"level":"info","message":"Routes added successfully","timestamp":"2024-09-16T01:10:19.527Z"}
{"level":"info","message":"Server is listening on http://localhost:3000","timestamp":"2024-09-16T01:10:19.529Z"}
{"level":"info","message":"{\"id\":\"cb175678-12c9-4a78-9bce-78d13ec60bfe\",\"ip\":\"::1\",\"method\":\"POST\",\"url\":\"/api/v1/protected/upload\",\"status\":\"404\",\"responseTime\":\"2387.228\"}","timestamp":"2024-09-16T01:10:34.536Z"}
{"level":"info","message":"{\"id\":\"a5702801-668d-46f1-9cee-cc6436d000b2\",\"ip\":\"::1\",\"method\":\"POST\",\"url\":\"/api/v1/protected/upload\",\"status\":\"404\",\"responseTime\":\"1769.682\"}","timestamp":"2024-09-16T01:11:06.080Z"}
{"level":"info","message":"Database Connected Successfully!","timestamp":"2024-09-16T01:13:57.785Z"}
{"level":"info","message":"Route  added with route.ts","timestamp":"2024-09-16T01:13:57.899Z"}
{"level":"info","message":"Route /v1/auth added with route.ts","timestamp":"2024-09-16T01:13:58.420Z"}
{"level":"info","message":"Middleware /v1/protected added with middleware.ts","timestamp":"2024-09-16T01:13:58.904Z"}
{"level":"info","message":"Route /v2/demo added with route.ts","timestamp":"2024-09-16T01:13:58.971Z"}
{"level":"info","message":"Route /v1/protected/conversation added with route.ts","timestamp":"2024-09-16T01:13:59.416Z"}
{"level":"info","message":"Route /v1/protected/message added with route.ts","timestamp":"2024-09-16T01:13:59.528Z"}
{"level":"info","message":"Route /v1/protected/upload added with route.ts","timestamp":"2024-09-16T01:13:59.770Z"}
{"level":"info","message":"Route /v1/protected/uploadsec added with route.ts","timestamp":"2024-09-16T01:13:59.859Z"}
{"level":"info","message":"Route /v1/protected/user added with route.ts","timestamp":"2024-09-16T01:14:00.369Z"}
{"level":"info","message":"8 routes have been added","timestamp":"2024-09-16T01:14:00.370Z"}
{"level":"info","message":"Routes added successfully","timestamp":"2024-09-16T01:14:00.371Z"}
{"level":"info","message":"Server is listening on http://localhost:3000","timestamp":"2024-09-16T01:14:00.374Z"}
{"level":"info","message":"{\"id\":\"b54d496c-18b0-4519-a730-a6615a69a7e8\",\"ip\":\"::1\",\"method\":\"POST\",\"url\":\"/api/v1/protected/upload\",\"status\":\"404\",\"responseTime\":\"2262.300\"}","timestamp":"2024-09-16T01:14:06.947Z"}
{"level":"info","message":"{\"id\":\"b89d34e1-4978-496e-904d-695bfe93acb0\",\"ip\":\"::1\",\"method\":\"POST\",\"url\":\"/api/v1/protected/upload\",\"status\":\"404\",\"responseTime\":\"1817.649\"}","timestamp":"2024-09-16T01:14:27.966Z"}
{"level":"info","message":"Database Connected Successfully!","timestamp":"2024-09-16T01:16:15.449Z"}
{"level":"info","message":"Route  added with route.ts","timestamp":"2024-09-16T01:16:15.576Z"}
{"level":"info","message":"Middleware /v1/protected added with middleware.ts","timestamp":"2024-09-16T01:16:16.124Z"}
{"level":"info","message":"Route /v1/auth added with route.ts","timestamp":"2024-09-16T01:16:16.680Z"}
{"level":"info","message":"Route /v2/demo added with route.ts","timestamp":"2024-09-16T01:16:16.753Z"}
{"level":"info","message":"Route /v1/protected/conversation added with route.ts","timestamp":"2024-09-16T01:16:17.234Z"}
{"level":"info","message":"Route /v1/protected/message added with route.ts","timestamp":"2024-09-16T01:16:17.351Z"}
{"level":"info","message":"Route /v1/protected/uploadsec added with route.ts","timestamp":"2024-09-16T01:16:17.563Z"}
{"level":"info","message":"Route /v1/protected/upload added with route.ts","timestamp":"2024-09-16T01:16:17.682Z"}
{"level":"info","message":"Route /v1/protected/user added with route.ts","timestamp":"2024-09-16T01:16:18.179Z"}
{"level":"info","message":"8 routes have been added","timestamp":"2024-09-16T01:16:18.179Z"}
{"level":"info","message":"Routes added successfully","timestamp":"2024-09-16T01:16:18.179Z"}
{"level":"info","message":"Server is listening on http://localhost:3000","timestamp":"2024-09-16T01:16:18.181Z"}
{"level":"info","message":"{\"id\":\"1165e2c7-c647-401b-a204-f9dfe6f4658c\",\"ip\":\"::1\",\"method\":\"POST\",\"url\":\"/api/v1/protected/upload\",\"status\":\"200\",\"responseTime\":\"2260.288\"}","timestamp":"2024-09-16T01:16:27.751Z"}
{"level":"info","message":"{\"id\":\"5dcb5d71-9386-42d5-bd2c-efbc0536e6b9\",\"ip\":\"::1\",\"method\":\"POST\",\"url\":\"/api/v1/protected/upload\",\"status\":\"200\",\"responseTime\":\"50629.894\"}","timestamp":"2024-09-16T01:18:24.570Z"}
{"level":"info","message":"Database Connected Successfully!","timestamp":"2024-09-16T01:32:45.344Z"}
{"level":"info","message":"Route  added with route.ts","timestamp":"2024-09-16T01:32:45.506Z"}
{"level":"info","message":"Route /v1/auth added with route.ts","timestamp":"2024-09-16T01:32:46.046Z"}
{"level":"info","message":"Middleware /v1/protected added with middleware.ts","timestamp":"2024-09-16T01:32:46.559Z"}
{"level":"info","message":"Route /v2/demo added with route.ts","timestamp":"2024-09-16T01:32:46.629Z"}
{"level":"info","message":"Route /v1/protected/conversation added with route.ts","timestamp":"2024-09-16T01:32:47.089Z"}
{"level":"info","message":"Route /v1/protected/message added with route.ts","timestamp":"2024-09-16T01:32:47.203Z"}
{"level":"info","message":"Route /v1/protected/upload added with route.ts","timestamp":"2024-09-16T01:32:47.452Z"}
{"level":"info","message":"Route /v1/protected/uploadsec added with route.ts","timestamp":"2024-09-16T01:32:47.535Z"}
{"level":"info","message":"Route /v1/protected/user added with route.ts","timestamp":"2024-09-16T01:32:48.018Z"}
{"level":"info","message":"8 routes have been added","timestamp":"2024-09-16T01:32:48.019Z"}
{"level":"info","message":"Routes added successfully","timestamp":"2024-09-16T01:32:48.019Z"}
{"level":"info","message":"Server is listening on http://localhost:3000","timestamp":"2024-09-16T01:32:48.021Z"}
{"level":"info","message":"Database Connected Successfully!","timestamp":"2024-09-16T01:33:09.087Z"}
{"level":"info","message":"Route  added with route.ts","timestamp":"2024-09-16T01:33:09.209Z"}
{"level":"info","message":"Middleware /v1/protected added with middleware.ts","timestamp":"2024-09-16T01:33:09.745Z"}
{"level":"info","message":"Route /v1/auth added with route.ts","timestamp":"2024-09-16T01:33:10.297Z"}
{"level":"info","message":"Route /v2/demo added with route.ts","timestamp":"2024-09-16T01:33:10.384Z"}
{"level":"info","message":"Route /v1/protected/conversation added with route.ts","timestamp":"2024-09-16T01:33:10.833Z"}
{"level":"info","message":"Route /v1/protected/message added with route.ts","timestamp":"2024-09-16T01:33:10.954Z"}
{"level":"info","message":"Route /v1/protected/user added with route.ts","timestamp":"2024-09-16T01:33:11.403Z"}
{"level":"info","message":"Route /v1/protected/uploadsec added with route.ts","timestamp":"2024-09-16T01:33:11.635Z"}
{"level":"info","message":"Route /v1/protected/upload added with route.ts","timestamp":"2024-09-16T01:33:11.758Z"}
{"level":"info","message":"8 routes have been added","timestamp":"2024-09-16T01:33:11.759Z"}
{"level":"info","message":"Routes added successfully","timestamp":"2024-09-16T01:33:11.760Z"}
{"level":"info","message":"Server is listening on http://localhost:3000","timestamp":"2024-09-16T01:33:11.762Z"}
{"level":"info","message":"{\"id\":\"0d6ebf06-019e-450a-88dc-1bc60c4873d8\",\"ip\":\"::1\",\"method\":\"POST\",\"url\":\"/api/v1/protected/upload\",\"status\":\"-\",\"responseTime\":\"-\"}","timestamp":"2024-09-16T01:33:31.542Z"}
{"level":"info","message":"{\"id\":\"759be558-d152-4670-bf76-143c11822867\",\"ip\":\"::1\",\"method\":\"POST\",\"url\":\"/api/v1/protected/upload\",\"status\":\"200\",\"responseTime\":\"1865.106\"}","timestamp":"2024-09-16T01:33:49.405Z"}
{"level":"error","message":"Error connecting to Database","timestamp":"2024-09-16T10:33:24.001Z"}
{"level":"info","message":"Database Connected Successfully!","timestamp":"2024-09-16T10:34:24.791Z"}
{"level":"info","message":"Route  added with route.ts","timestamp":"2024-09-16T10:34:24.929Z"}
{"level":"info","message":"Route /v1/auth added with route.ts","timestamp":"2024-09-16T10:34:25.466Z"}
{"level":"info","message":"Middleware /v1/protected added with middleware.ts","timestamp":"2024-09-16T10:34:25.961Z"}
{"level":"info","message":"Route /v2/demo added with route.ts","timestamp":"2024-09-16T10:34:26.037Z"}
{"level":"info","message":"Route /v1/protected/conversation added with route.ts","timestamp":"2024-09-16T10:34:26.496Z"}
{"level":"info","message":"Route /v1/protected/message added with route.ts","timestamp":"2024-09-16T10:34:26.609Z"}
{"level":"info","message":"Route /v1/protected/uploadsec added with route.ts","timestamp":"2024-09-16T10:34:26.882Z"}
{"level":"info","message":"Route /v1/protected/upload added with route.ts","timestamp":"2024-09-16T10:34:27.013Z"}
{"level":"info","message":"Route /v1/protected/user added with route.ts","timestamp":"2024-09-16T10:34:27.463Z"}
{"level":"info","message":"8 routes have been added","timestamp":"2024-09-16T10:34:27.464Z"}
{"level":"info","message":"Routes added successfully","timestamp":"2024-09-16T10:34:27.465Z"}
{"level":"info","message":"Server is listening on http://localhost:3000","timestamp":"2024-09-16T10:34:27.467Z"}
{"level":"info","message":"{\"id\":\"3bcb5ed7-4acc-4a77-9c2f-38430161e458\",\"ip\":\"::1\",\"method\":\"POST\",\"url\":\"/api/v1/protected/upload\",\"status\":\"200\",\"responseTime\":\"2320.598\"}","timestamp":"2024-09-16T10:34:38.134Z"}
{"level":"info","message":"Database Connected Successfully!","timestamp":"2024-09-16T11:26:37.667Z"}
{"level":"info","message":"Route  added with route.ts","timestamp":"2024-09-16T11:26:37.792Z"}
{"level":"info","message":"Middleware /v1/protected added with middleware.ts","timestamp":"2024-09-16T11:26:38.317Z"}
{"level":"info","message":"Route /v1/auth added with route.ts","timestamp":"2024-09-16T11:26:38.904Z"}
{"level":"info","message":"Route /v2/demo added with route.ts","timestamp":"2024-09-16T11:26:38.990Z"}
{"level":"info","message":"Route /v1/protected/conversation added with route.ts","timestamp":"2024-09-16T11:26:39.508Z"}
{"level":"info","message":"Route /v1/protected/message added with route.ts","timestamp":"2024-09-16T11:26:39.634Z"}
{"level":"info","message":"Route /v1/protected/upload added with route.ts","timestamp":"2024-09-16T11:26:39.911Z"}
{"level":"info","message":"Route /v1/protected/uploadsec added with route.ts","timestamp":"2024-09-16T11:26:39.991Z"}
{"level":"info","message":"Route /v1/protected/user added with route.ts","timestamp":"2024-09-16T11:26:40.435Z"}
{"level":"info","message":"8 routes have been added","timestamp":"2024-09-16T11:26:40.435Z"}
{"level":"info","message":"Routes added successfully","timestamp":"2024-09-16T11:26:40.436Z"}
{"level":"info","message":"Server is listening on http://localhost:3000","timestamp":"2024-09-16T11:26:40.438Z"}
{"level":"info","message":"Database Connected Successfully!","timestamp":"2024-09-16T11:27:11.179Z"}
{"level":"info","message":"Route  added with route.ts","timestamp":"2024-09-16T11:27:11.293Z"}
{"level":"info","message":"Route /v1/auth added with route.ts","timestamp":"2024-09-16T11:27:11.805Z"}
{"level":"info","message":"Middleware /v1/protected added with middleware.ts","timestamp":"2024-09-16T11:27:12.300Z"}
{"level":"info","message":"Route /v2/demo added with route.ts","timestamp":"2024-09-16T11:27:12.368Z"}
{"level":"info","message":"Route /v1/protected/conversation added with route.ts","timestamp":"2024-09-16T11:27:12.821Z"}
{"level":"info","message":"Route /v1/protected/upload added with route.ts","timestamp":"2024-09-16T11:27:13.080Z"}
{"level":"info","message":"Route /v1/protected/message added with route.ts","timestamp":"2024-09-16T11:27:13.192Z"}
{"level":"info","message":"Route /v1/protected/uploadsec added with route.ts","timestamp":"2024-09-16T11:27:13.270Z"}
{"level":"info","message":"Route /v1/protected/user added with route.ts","timestamp":"2024-09-16T11:27:13.704Z"}
{"level":"info","message":"8 routes have been added","timestamp":"2024-09-16T11:27:13.704Z"}
{"level":"info","message":"Routes added successfully","timestamp":"2024-09-16T11:27:13.705Z"}
{"level":"info","message":"Server is listening on http://localhost:3000","timestamp":"2024-09-16T11:27:13.707Z"}
{"level":"info","message":"Database Connected Successfully!","timestamp":"2024-09-16T11:27:51.573Z"}
{"level":"info","message":"Route  added with route.ts","timestamp":"2024-09-16T11:27:51.689Z"}
{"level":"info","message":"Route /v1/auth added with route.ts","timestamp":"2024-09-16T11:27:52.215Z"}
{"level":"info","message":"Middleware /v1/protected added with middleware.ts","timestamp":"2024-09-16T11:27:52.702Z"}
{"level":"info","message":"Route /v2/demo added with route.ts","timestamp":"2024-09-16T11:27:52.769Z"}
{"level":"info","message":"Route /v1/protected/conversation added with route.ts","timestamp":"2024-09-16T11:27:53.218Z"}
{"level":"info","message":"Route /v1/protected/message added with route.ts","timestamp":"2024-09-16T11:27:53.336Z"}
{"level":"info","message":"Route /v1/protected/upload added with route.ts","timestamp":"2024-09-16T11:27:53.583Z"}
{"level":"info","message":"Route /v1/protected/uploadsec added with route.ts","timestamp":"2024-09-16T11:27:53.665Z"}
{"level":"info","message":"Route /v1/protected/user added with route.ts","timestamp":"2024-09-16T11:27:54.114Z"}
{"level":"info","message":"8 routes have been added","timestamp":"2024-09-16T11:27:54.115Z"}
{"level":"info","message":"Routes added successfully","timestamp":"2024-09-16T11:27:54.116Z"}
{"level":"info","message":"Server is listening on http://localhost:3000","timestamp":"2024-09-16T11:27:54.118Z"}
{"level":"info","message":"Database Connected Successfully!","timestamp":"2024-09-16T11:29:20.027Z"}
{"level":"info","message":"Route  added with route.ts","timestamp":"2024-09-16T11:29:20.139Z"}
{"level":"info","message":"Route /v1/auth added with route.ts","timestamp":"2024-09-16T11:29:20.659Z"}
{"level":"info","message":"Middleware /v1/protected added with middleware.ts","timestamp":"2024-09-16T11:29:21.147Z"}
{"level":"info","message":"Route /v2/demo added with route.ts","timestamp":"2024-09-16T11:29:21.216Z"}
{"level":"info","message":"Route /v1/protected/conversation added with route.ts","timestamp":"2024-09-16T11:29:21.664Z"}
{"level":"info","message":"Route /v1/protected/message added with route.ts","timestamp":"2024-09-16T11:29:21.777Z"}
{"level":"info","message":"Route /v1/protected/upload added with route.ts","timestamp":"2024-09-16T11:29:22.024Z"}
{"level":"info","message":"Route /v1/protected/uploadsec added with route.ts","timestamp":"2024-09-16T11:29:22.103Z"}
{"level":"info","message":"Route /v1/protected/user added with route.ts","timestamp":"2024-09-16T11:29:22.541Z"}
{"level":"info","message":"8 routes have been added","timestamp":"2024-09-16T11:29:22.541Z"}
{"level":"info","message":"Routes added successfully","timestamp":"2024-09-16T11:29:22.542Z"}
{"level":"info","message":"Server is listening on http://localhost:3000","timestamp":"2024-09-16T11:29:22.544Z"}
{"level":"info","message":"Database Connected Successfully!","timestamp":"2024-09-16T11:29:34.648Z"}
{"level":"info","message":"Route  added with route.ts","timestamp":"2024-09-16T11:29:34.762Z"}
{"level":"info","message":"Route /v1/auth added with route.ts","timestamp":"2024-09-16T11:29:35.336Z"}
{"level":"info","message":"Middleware /v1/protected added with middleware.ts","timestamp":"2024-09-16T11:29:35.860Z"}
{"level":"info","message":"Route /v2/demo added with route.ts","timestamp":"2024-09-16T11:29:35.930Z"}
{"level":"info","message":"Route /v1/protected/conversation added with route.ts","timestamp":"2024-09-16T11:29:36.383Z"}
{"level":"info","message":"Route /v1/protected/message added with route.ts","timestamp":"2024-09-16T11:29:36.495Z"}
{"level":"info","message":"Route /v1/protected/upload added with route.ts","timestamp":"2024-09-16T11:29:36.742Z"}
{"level":"info","message":"Route /v1/protected/user added with route.ts","timestamp":"2024-09-16T11:29:37.169Z"}
{"level":"info","message":"Route /v1/protected/uploadsec added with route.ts","timestamp":"2024-09-16T11:29:37.249Z"}
{"level":"info","message":"8 routes have been added","timestamp":"2024-09-16T11:29:37.249Z"}
{"level":"info","message":"Routes added successfully","timestamp":"2024-09-16T11:29:37.250Z"}
{"level":"info","message":"Server is listening on http://localhost:3000","timestamp":"2024-09-16T11:29:37.252Z"}
{"level":"info","message":"Database Connected Successfully!","timestamp":"2024-09-16T11:40:40.923Z"}
{"level":"info","message":"Route  added with route.ts","timestamp":"2024-09-16T11:40:41.045Z"}
{"level":"info","message":"Middleware /v1/protected added with middleware.ts","timestamp":"2024-09-16T11:40:41.639Z"}
{"level":"info","message":"Route /v1/auth added with route.ts","timestamp":"2024-09-16T11:40:42.193Z"}
{"level":"info","message":"Route /v2/demo added with route.ts","timestamp":"2024-09-16T11:40:42.262Z"}
{"level":"info","message":"Database Connected Successfully!","timestamp":"2024-09-16T11:41:05.256Z"}
{"level":"info","message":"Route  added with route.ts","timestamp":"2024-09-16T11:41:05.379Z"}
{"level":"info","message":"Route /v1/auth added with route.ts","timestamp":"2024-09-16T11:41:05.924Z"}
{"level":"info","message":"Middleware /v1/protected added with middleware.ts","timestamp":"2024-09-16T11:41:06.434Z"}
{"level":"info","message":"Route /v2/demo added with route.ts","timestamp":"2024-09-16T11:41:06.509Z"}
{"level":"info","message":"Database Connected Successfully!","timestamp":"2024-09-16T11:42:27.854Z"}
{"level":"info","message":"Route  added with route.ts","timestamp":"2024-09-16T11:42:27.972Z"}
{"level":"info","message":"Route /v1/auth added with route.ts","timestamp":"2024-09-16T11:42:28.502Z"}
{"level":"info","message":"Middleware /v1/protected added with middleware.ts","timestamp":"2024-09-16T11:42:29.024Z"}
{"level":"info","message":"Route /v2/demo added with route.ts","timestamp":"2024-09-16T11:42:29.093Z"}
{"level":"info","message":"Database Connected Successfully!","timestamp":"2024-09-16T11:43:41.169Z"}
{"level":"info","message":"Route  added with route.ts","timestamp":"2024-09-16T11:43:41.285Z"}
{"level":"info","message":"Route /v1/auth added with route.ts","timestamp":"2024-09-16T11:43:41.804Z"}
{"level":"info","message":"Middleware /v1/protected added with middleware.ts","timestamp":"2024-09-16T11:43:42.313Z"}
{"level":"info","message":"Route /v2/demo added with route.ts","timestamp":"2024-09-16T11:43:42.387Z"}
{"level":"info","message":"Database Connected Successfully!","timestamp":"2024-09-16T15:25:39.195Z"}
{"level":"info","message":"Route  added with route.ts","timestamp":"2024-09-16T15:25:39.311Z"}
{"level":"info","message":"Middleware /v1/protected added with middleware.ts","timestamp":"2024-09-16T15:25:39.788Z"}
{"level":"info","message":"Route /v1/auth added with route.ts","timestamp":"2024-09-16T15:25:40.289Z"}
{"level":"info","message":"Route /v2/demo added with route.ts","timestamp":"2024-09-16T15:25:40.356Z"}
{"level":"info","message":"Database Connected Successfully!","timestamp":"2024-09-16T15:41:48.980Z"}
{"level":"info","message":"Route  added with route.ts","timestamp":"2024-09-16T15:41:49.095Z"}
{"level":"info","message":"Route /v1/auth added with route.ts","timestamp":"2024-09-16T15:41:49.624Z"}
{"level":"info","message":"Middleware /v1/protected added with middleware.ts","timestamp":"2024-09-16T15:41:50.211Z"}
{"level":"info","message":"Route /v2/demo added with route.ts","timestamp":"2024-09-16T15:41:50.291Z"}
{"level":"info","message":"Route /v1/protected/conversation added with route.ts","timestamp":"2024-09-16T15:41:50.766Z"}
{"level":"info","message":"Route /v1/protected/message added with route.ts","timestamp":"2024-09-16T15:41:50.888Z"}
{"level":"info","message":"Route /v1/protected/upload added with route.ts","timestamp":"2024-09-16T15:41:52.356Z"}
{"level":"info","message":"Route /v1/protected/uploadsec added with route.ts","timestamp":"2024-09-16T15:41:52.542Z"}
{"level":"info","message":"Route /v1/protected/user added with route.ts","timestamp":"2024-09-16T15:41:52.997Z"}
{"level":"info","message":"8 routes have been added","timestamp":"2024-09-16T15:41:52.997Z"}
{"level":"info","message":"Routes added successfully","timestamp":"2024-09-16T15:41:52.998Z"}
{"level":"info","message":"Server is listening on http://localhost:3000","timestamp":"2024-09-16T15:41:53.000Z"}
{"level":"info","message":"{\"id\":\"3d9adb75-315d-4563-9189-1cc6ed09f119\",\"ip\":\"::1\",\"method\":\"POST\",\"url\":\"/api/v1/protected/upload\",\"status\":\"200\",\"responseTime\":\"2174.233\"}","timestamp":"2024-09-16T15:42:20.772Z"}
{"level":"info","message":"{\"id\":\"1ea836a7-892d-427a-82c2-6b3f2c8e0fba\",\"ip\":\"::1\",\"method\":\"POST\",\"url\":\"/api/v1/protected/upload\",\"status\":\"200\",\"responseTime\":\"50322.030\"}","timestamp":"2024-09-16T15:46:29.759Z"}
{"level":"info","message":"Database Connected Successfully!","timestamp":"2024-09-16T15:52:24.563Z"}
{"level":"info","message":"Route  added with route.ts","timestamp":"2024-09-16T15:52:24.692Z"}
{"level":"info","message":"Route /v2/demo added with route.ts","timestamp":"2024-09-16T15:52:24.771Z"}
{"level":"info","message":"Route /v1/auth added with route.ts","timestamp":"2024-09-16T15:52:25.333Z"}
{"level":"info","message":"Middleware /v1/protected added with middleware.ts","timestamp":"2024-09-16T15:52:25.855Z"}
{"level":"info","message":"Route /v1/protected/conversation added with route.ts","timestamp":"2024-09-16T15:52:26.322Z"}
{"level":"info","message":"Route /v1/protected/message added with route.ts","timestamp":"2024-09-16T15:52:26.437Z"}
{"level":"info","message":"Route /v1/protected/upload added with route.ts","timestamp":"2024-09-16T15:52:26.758Z"}
{"level":"info","message":"Route /v1/protected/uploadsec added with route.ts","timestamp":"2024-09-16T15:52:26.946Z"}
{"level":"info","message":"Route /v1/protected/user added with route.ts","timestamp":"2024-09-16T15:52:27.414Z"}
{"level":"info","message":"8 routes have been added","timestamp":"2024-09-16T15:52:27.415Z"}
{"level":"info","message":"Routes added successfully","timestamp":"2024-09-16T15:52:27.416Z"}
{"level":"info","message":"Server is listening on http://localhost:3000","timestamp":"2024-09-16T15:52:27.418Z"}
{"level":"info","message":"{\"id\":\"556c186b-ae6d-43d6-9614-c22667ca6bf2\",\"ip\":\"::1\",\"method\":\"POST\",\"url\":\"/api/v1/protected/upload\",\"status\":\"200\",\"responseTime\":\"2248.843\"}","timestamp":"2024-09-16T15:52:49.790Z"}
{"level":"info","message":"Database Connected Successfully!","timestamp":"2024-09-16T17:55:25.154Z"}
{"level":"info","message":"Route  added with route.ts","timestamp":"2024-09-16T17:55:25.277Z"}
{"level":"info","message":"Middleware /v1/protected added with middleware.ts","timestamp":"2024-09-16T17:55:25.794Z"}
{"level":"info","message":"Route /v2/demo added with route.ts","timestamp":"2024-09-16T17:55:25.864Z"}
{"level":"info","message":"Route /v1/auth added with route.ts","timestamp":"2024-09-16T17:55:26.404Z"}
{"level":"info","message":"Route /v1/protected/conversation added with route.ts","timestamp":"2024-09-16T17:55:26.891Z"}
{"level":"info","message":"Route /v1/protected/message added with route.ts","timestamp":"2024-09-16T17:55:27.006Z"}
{"level":"info","message":"Route /v1/protected/upload added with route.ts","timestamp":"2024-09-16T17:55:27.336Z"}
{"level":"info","message":"Route /v1/protected/user added with route.ts","timestamp":"2024-09-16T17:55:27.802Z"}
{"level":"info","message":"7 routes have been added","timestamp":"2024-09-16T17:55:27.802Z"}
{"level":"info","message":"Routes added successfully","timestamp":"2024-09-16T17:55:27.803Z"}
{"level":"info","message":"Server is listening on http://localhost:3000","timestamp":"2024-09-16T17:55:27.806Z"}
