{"level":"info","message":"{\"id\":\"3cbf2785-867d-4f73-8c6a-31ff5192c76b\",\"ip\":\"::1\",\"method\":\"POST\",\"url\":\"/api/v1/auth/signin\",\"status\":\"200\",\"responseTime\":\"97.328\"}","timestamp":"2024-09-13T18:00:24.571Z"}
{"level":"info","message":"Database Connected Successfully!","timestamp":"2024-09-13T18:02:34.660Z"}
{"level":"info","message":"Route  added with route.ts","timestamp":"2024-09-13T18:02:34.741Z"}
{"level":"info","message":"Route /v1 added with route.ts","timestamp":"2024-09-13T18:02:34.799Z"}
{"level":"info","message":"Route /v1/auth added with route.ts","timestamp":"2024-09-13T18:02:35.429Z"}
{"level":"info","message":"Middleware /v1/protected added with middleware.ts","timestamp":"2024-09-13T18:02:35.899Z"}
{"level":"info","message":"Route /v2/demo added with route.ts","timestamp":"2024-09-13T18:02:35.948Z"}
{"level":"info","message":"4 routes have been added","timestamp":"2024-09-13T18:02:35.949Z"}
{"level":"info","message":"Routes added successfully","timestamp":"2024-09-13T18:02:35.949Z"}
{"level":"info","message":"Server is listening on http://localhost:3000","timestamp":"2024-09-13T18:02:35.953Z"}
{"level":"info","message":"Database Connected Successfully!","timestamp":"2024-09-13T18:03:25.389Z"}
{"level":"info","message":"Route  added with route.ts","timestamp":"2024-09-13T18:03:25.453Z"}
{"level":"info","message":"Route /v1 added with route.ts","timestamp":"2024-09-13T18:03:25.510Z"}
{"level":"info","message":"Route /v1/auth added with route.ts","timestamp":"2024-09-13T18:03:26.106Z"}
{"level":"info","message":"Middleware /v1/protected added with middleware.ts","timestamp":"2024-09-13T18:03:26.616Z"}
{"level":"info","message":"Route /v2/demo added with route.ts","timestamp":"2024-09-13T18:03:26.688Z"}
{"level":"info","message":"4 routes have been added","timestamp":"2024-09-13T18:03:26.689Z"}
{"level":"info","message":"Routes added successfully","timestamp":"2024-09-13T18:03:26.689Z"}
{"level":"info","message":"Server is listening on http://localhost:3000","timestamp":"2024-09-13T18:03:26.692Z"}
{"level":"info","message":"Database Connected Successfully!","timestamp":"2024-09-13T18:04:03.756Z"}
{"level":"info","message":"Route  added with route.ts","timestamp":"2024-09-13T18:04:03.840Z"}
{"level":"info","message":"Route /v1 added with route.ts","timestamp":"2024-09-13T18:04:03.911Z"}
{"level":"info","message":"Route /v1/auth added with route.ts","timestamp":"2024-09-13T18:04:04.508Z"}
{"level":"info","message":"Middleware /v1/protected added with middleware.ts","timestamp":"2024-09-13T18:04:05.034Z"}
{"level":"info","message":"Route /v2/demo added with route.ts","timestamp":"2024-09-13T18:04:05.110Z"}
{"level":"info","message":"4 routes have been added","timestamp":"2024-09-13T18:04:05.111Z"}
{"level":"info","message":"Routes added successfully","timestamp":"2024-09-13T18:04:05.111Z"}
{"level":"info","message":"Server is listening on http://localhost:3000","timestamp":"2024-09-13T18:04:05.114Z"}
{"level":"info","message":"Database Connected Successfully!","timestamp":"2024-09-13T18:04:08.477Z"}
{"level":"info","message":"Route  added with route.ts","timestamp":"2024-09-13T18:04:08.542Z"}
{"level":"info","message":"Route /v1 added with route.ts","timestamp":"2024-09-13T18:04:08.596Z"}
{"level":"info","message":"Route /v1/auth added with route.ts","timestamp":"2024-09-13T18:04:09.189Z"}
{"level":"info","message":"Middleware /v1/protected added with middleware.ts","timestamp":"2024-09-13T18:04:09.713Z"}
{"level":"info","message":"Route /v2/demo added with route.ts","timestamp":"2024-09-13T18:04:09.761Z"}
{"level":"info","message":"4 routes have been added","timestamp":"2024-09-13T18:04:09.762Z"}
{"level":"info","message":"Routes added successfully","timestamp":"2024-09-13T18:04:09.762Z"}
{"level":"info","message":"Server is listening on http://localhost:3000","timestamp":"2024-09-13T18:04:09.764Z"}
{"level":"info","message":"Database Connected Successfully!","timestamp":"2024-09-13T18:05:12.622Z"}
{"level":"info","message":"Route  added with route.ts","timestamp":"2024-09-13T18:05:12.692Z"}
{"level":"info","message":"Route /v1 added with route.ts","timestamp":"2024-09-13T18:05:12.757Z"}
{"level":"info","message":"Route /v1/auth added with route.ts","timestamp":"2024-09-13T18:05:13.301Z"}
{"level":"info","message":"Middleware /v1/protected added with middleware.ts","timestamp":"2024-09-13T18:05:13.769Z"}
{"level":"info","message":"Route /v2/demo added with route.ts","timestamp":"2024-09-13T18:05:13.824Z"}
{"level":"info","message":"4 routes have been added","timestamp":"2024-09-13T18:05:13.824Z"}
{"level":"info","message":"Routes added successfully","timestamp":"2024-09-13T18:05:13.825Z"}
{"level":"info","message":"Server is listening on http://localhost:3000","timestamp":"2024-09-13T18:05:13.827Z"}
{"level":"info","message":"Database Connected Successfully!","timestamp":"2024-09-13T18:05:50.221Z"}
{"level":"info","message":"Route  added with route.ts","timestamp":"2024-09-13T18:05:50.283Z"}
{"level":"info","message":"Route /v1 added with route.ts","timestamp":"2024-09-13T18:05:50.340Z"}
{"level":"info","message":"Route /v1/auth added with route.ts","timestamp":"2024-09-13T18:05:50.853Z"}
{"level":"info","message":"Middleware /v1/protected added with middleware.ts","timestamp":"2024-09-13T18:05:51.285Z"}
{"level":"info","message":"Route /v2/demo added with route.ts","timestamp":"2024-09-13T18:05:51.331Z"}
{"level":"info","message":"4 routes have been added","timestamp":"2024-09-13T18:05:51.331Z"}
{"level":"info","message":"Routes added successfully","timestamp":"2024-09-13T18:05:51.332Z"}
{"level":"info","message":"Server is listening on http://localhost:3000","timestamp":"2024-09-13T18:05:51.334Z"}
{"level":"info","message":"Database Connected Successfully!","timestamp":"2024-09-13T18:06:18.814Z"}
{"level":"info","message":"Route  added with route.ts","timestamp":"2024-09-13T18:06:18.885Z"}
{"level":"info","message":"Route /v1 added with route.ts","timestamp":"2024-09-13T18:06:18.941Z"}
{"level":"info","message":"Route /v1/auth added with route.ts","timestamp":"2024-09-13T18:06:19.453Z"}
{"level":"info","message":"Middleware /v1/protected added with middleware.ts","timestamp":"2024-09-13T18:06:19.891Z"}
{"level":"info","message":"Route /v2/demo added with route.ts","timestamp":"2024-09-13T18:06:19.941Z"}
{"level":"info","message":"4 routes have been added","timestamp":"2024-09-13T18:06:19.942Z"}
{"level":"info","message":"Routes added successfully","timestamp":"2024-09-13T18:06:19.942Z"}
{"level":"info","message":"Server is listening on http://localhost:3000","timestamp":"2024-09-13T18:06:19.944Z"}
{"level":"info","message":"Database Connected Successfully!","timestamp":"2024-09-13T18:06:51.983Z"}
{"level":"info","message":"Route  added with route.ts","timestamp":"2024-09-13T18:06:52.046Z"}
{"level":"info","message":"Route /v1 added with route.ts","timestamp":"2024-09-13T18:06:52.099Z"}
{"level":"info","message":"Route /v1/auth added with route.ts","timestamp":"2024-09-13T18:06:52.609Z"}
{"level":"info","message":"Middleware /v1/protected added with middleware.ts","timestamp":"2024-09-13T18:06:53.072Z"}
{"level":"info","message":"Route /v2/demo added with route.ts","timestamp":"2024-09-13T18:06:53.118Z"}
{"level":"info","message":"4 routes have been added","timestamp":"2024-09-13T18:06:53.118Z"}
{"level":"info","message":"Routes added successfully","timestamp":"2024-09-13T18:06:53.119Z"}
{"level":"info","message":"Server is listening on http://localhost:3000","timestamp":"2024-09-13T18:06:53.121Z"}
{"level":"info","message":"Database Connected Successfully!","timestamp":"2024-09-13T18:07:24.468Z"}
{"level":"info","message":"Route  added with route.ts","timestamp":"2024-09-13T18:07:24.533Z"}
{"level":"info","message":"Route /v1 added with route.ts","timestamp":"2024-09-13T18:07:24.594Z"}
{"level":"info","message":"Route /v1/auth added with route.ts","timestamp":"2024-09-13T18:07:25.141Z"}
{"level":"info","message":"Middleware /v1/protected added with middleware.ts","timestamp":"2024-09-13T18:07:25.573Z"}
{"level":"info","message":"Route /v2/demo added with route.ts","timestamp":"2024-09-13T18:07:25.624Z"}
{"level":"info","message":"4 routes have been added","timestamp":"2024-09-13T18:07:25.625Z"}
{"level":"info","message":"Routes added successfully","timestamp":"2024-09-13T18:07:25.625Z"}
{"level":"info","message":"Server is listening on http://localhost:3000","timestamp":"2024-09-13T18:07:25.628Z"}
{"level":"info","message":"Database Connected Successfully!","timestamp":"2024-09-13T18:07:33.062Z"}
{"level":"info","message":"Route  added with route.ts","timestamp":"2024-09-13T18:07:33.127Z"}
{"level":"info","message":"Route /v1 added with route.ts","timestamp":"2024-09-13T18:07:33.183Z"}
{"level":"info","message":"Route /v1/auth added with route.ts","timestamp":"2024-09-13T18:07:33.696Z"}
{"level":"info","message":"Middleware /v1/protected added with middleware.ts","timestamp":"2024-09-13T18:07:34.155Z"}
{"level":"info","message":"Route /v2/demo added with route.ts","timestamp":"2024-09-13T18:07:34.206Z"}
{"level":"info","message":"4 routes have been added","timestamp":"2024-09-13T18:07:34.207Z"}
{"level":"info","message":"Routes added successfully","timestamp":"2024-09-13T18:07:34.207Z"}
{"level":"info","message":"Server is listening on http://localhost:3000","timestamp":"2024-09-13T18:07:34.209Z"}
{"level":"info","message":"Database Connected Successfully!","timestamp":"2024-09-13T18:09:45.489Z"}
{"level":"info","message":"Route  added with route.ts","timestamp":"2024-09-13T18:09:45.555Z"}
{"level":"info","message":"Route /v1 added with route.ts","timestamp":"2024-09-13T18:09:45.612Z"}
{"level":"info","message":"Route /v1/auth added with route.ts","timestamp":"2024-09-13T18:09:46.134Z"}
{"level":"info","message":"Middleware /v1/protected added with middleware.ts","timestamp":"2024-09-13T18:09:46.557Z"}
{"level":"info","message":"Route /v2/demo added with route.ts","timestamp":"2024-09-13T18:09:46.604Z"}
{"level":"info","message":"4 routes have been added","timestamp":"2024-09-13T18:09:46.604Z"}
{"level":"info","message":"Routes added successfully","timestamp":"2024-09-13T18:09:46.604Z"}
{"level":"info","message":"Server is listening on http://localhost:3000","timestamp":"2024-09-13T18:09:46.607Z"}
{"level":"info","message":"{\"id\":\"cc7473cd-bc2a-4b49-88b1-eca6eeb16f31\",\"ip\":\"::1\",\"method\":\"POST\",\"url\":\"/api/v1/auth/signup\",\"status\":\"201\",\"responseTime\":\"88.134\"}","timestamp":"2024-09-13T18:29:27.452Z"}
{"level":"info","message":"Database Connected Successfully!","timestamp":"2024-09-13T18:32:07.021Z"}
{"level":"info","message":"Route  added with route.ts","timestamp":"2024-09-13T18:32:07.092Z"}
{"level":"info","message":"Route /v1 added with route.ts","timestamp":"2024-09-13T18:32:07.143Z"}
{"level":"info","message":"Route /v1/auth added with route.ts","timestamp":"2024-09-13T18:32:07.708Z"}
{"level":"info","message":"Middleware /v1/protected added with middleware.ts","timestamp":"2024-09-13T18:32:08.229Z"}
{"level":"info","message":"Route /v2/demo added with route.ts","timestamp":"2024-09-13T18:32:08.273Z"}
{"level":"info","message":"4 routes have been added","timestamp":"2024-09-13T18:32:08.274Z"}
{"level":"info","message":"Routes added successfully","timestamp":"2024-09-13T18:32:08.274Z"}
{"level":"info","message":"Server is listening on http://localhost:3000","timestamp":"2024-09-13T18:32:08.276Z"}
{"level":"error","message":"Error: User Email already exists","stack":"Error: User Email already exists\n    at signup (D:\\personal_project\\chat-app\\Back-End\\src\\api\\v1\\auth\\controller.ts:20:21)\n    at processTicksAndRejections (node:internal/process/task_queues:95:5)","status":400,"timestamp":"2024-09-13T18:33:08.845Z"}
{"level":"info","message":"{\"id\":\"8841eab0-c23a-434c-863b-22e0f8e92017\",\"ip\":\"::1\",\"method\":\"POST\",\"url\":\"/api/v1/auth/signup\",\"status\":\"400\",\"responseTime\":\"9.985\"}","timestamp":"2024-09-13T18:33:08.848Z"}
{"level":"info","message":"{\"id\":\"9f697ba5-2f7c-48b0-948d-a2b68b299630\",\"ip\":\"::1\",\"method\":\"POST\",\"url\":\"/api/v1/auth/signin\",\"status\":\"200\",\"responseTime\":\"71.192\"}","timestamp":"2024-09-13T18:34:01.683Z"}
{"level":"info","message":"{\"id\":\"fbf511e8-db82-4695-a470-1a58b6d79920\",\"ip\":\"::1\",\"method\":\"POST\",\"url\":\"/api/v1/auth/signin\",\"status\":\"200\",\"responseTime\":\"64.142\"}","timestamp":"2024-09-13T18:34:32.961Z"}
{"level":"info","message":"{\"id\":\"1f56f635-8d95-4635-be23-389fbc5bc35e\",\"ip\":\"::1\",\"method\":\"POST\",\"url\":\"/api/v1/auth/signin\",\"status\":\"200\",\"responseTime\":\"62.282\"}","timestamp":"2024-09-13T18:36:57.196Z"}
{"level":"info","message":"{\"id\":\"de8e1cf6-e39b-4d89-91eb-0bb851b38372\",\"ip\":\"::1\",\"method\":\"POST\",\"url\":\"/api/v1/auth/signin\",\"status\":\"200\",\"responseTime\":\"62.167\"}","timestamp":"2024-09-13T18:37:07.286Z"}
{"level":"info","message":"Database Connected Successfully!","timestamp":"2024-09-13T18:38:02.024Z"}
{"level":"info","message":"Route  added with route.ts","timestamp":"2024-09-13T18:38:02.084Z"}
{"level":"info","message":"Route /v1 added with route.ts","timestamp":"2024-09-13T18:38:02.139Z"}
{"level":"info","message":"Route /v1/auth added with route.ts","timestamp":"2024-09-13T18:38:02.635Z"}
{"level":"info","message":"Middleware /v1/protected added with middleware.ts","timestamp":"2024-09-13T18:38:03.060Z"}
{"level":"info","message":"Route /v2/demo added with route.ts","timestamp":"2024-09-13T18:38:03.103Z"}
{"level":"info","message":"4 routes have been added","timestamp":"2024-09-13T18:38:03.103Z"}
{"level":"info","message":"Routes added successfully","timestamp":"2024-09-13T18:38:03.104Z"}
{"level":"info","message":"Server is listening on http://localhost:3000","timestamp":"2024-09-13T18:38:03.106Z"}
{"level":"info","message":"{\"id\":\"29091559-a138-4796-9ef9-29ffc06b35eb\",\"ip\":\"::1\",\"method\":\"POST\",\"url\":\"/api/v1/auth/signin\",\"status\":\"200\",\"responseTime\":\"80.280\"}","timestamp":"2024-09-13T18:38:10.952Z"}
{"level":"info","message":"{\"id\":\"995dc619-9163-44e9-ab07-2054bdbf0a4e\",\"ip\":\"::1\",\"method\":\"POST\",\"url\":\"/api/v1/auth/signin\",\"status\":\"200\",\"responseTime\":\"64.070\"}","timestamp":"2024-09-13T18:39:31.929Z"}
{"level":"info","message":"Database Connected Successfully!","timestamp":"2024-09-14T07:00:17.927Z"}
{"level":"info","message":"Route  added with route.ts","timestamp":"2024-09-14T07:00:17.994Z"}
{"level":"info","message":"Route /v1 added with route.ts","timestamp":"2024-09-14T07:00:18.054Z"}
{"level":"info","message":"Route /v1/auth added with route.ts","timestamp":"2024-09-14T07:00:18.646Z"}
{"level":"info","message":"Middleware /v1/protected added with middleware.ts","timestamp":"2024-09-14T07:00:19.075Z"}
{"level":"info","message":"Route /v2/demo added with route.ts","timestamp":"2024-09-14T07:00:19.125Z"}
{"level":"info","message":"4 routes have been added","timestamp":"2024-09-14T07:00:19.125Z"}
{"level":"info","message":"Routes added successfully","timestamp":"2024-09-14T07:00:19.126Z"}
{"level":"info","message":"Server is listening on http://localhost:3000","timestamp":"2024-09-14T07:00:19.128Z"}
{"level":"info","message":"Database Connected Successfully!","timestamp":"2024-09-14T07:05:47.117Z"}
{"level":"info","message":"Route  added with route.ts","timestamp":"2024-09-14T07:05:47.183Z"}
{"level":"info","message":"Route /v1 added with route.ts","timestamp":"2024-09-14T07:05:47.247Z"}
{"level":"info","message":"Route /v1/auth added with route.ts","timestamp":"2024-09-14T07:05:47.748Z"}
{"level":"info","message":"Middleware /v1/protected added with middleware.ts","timestamp":"2024-09-14T07:05:48.156Z"}
{"level":"info","message":"Route /v2/demo added with route.ts","timestamp":"2024-09-14T07:05:48.201Z"}
{"level":"info","message":"4 routes have been added","timestamp":"2024-09-14T07:05:48.201Z"}
{"level":"info","message":"Routes added successfully","timestamp":"2024-09-14T07:05:48.202Z"}
{"level":"info","message":"Server is listening on http://localhost:3000","timestamp":"2024-09-14T07:05:48.203Z"}
{"level":"info","message":"Database Connected Successfully!","timestamp":"2024-09-14T07:08:13.769Z"}
{"level":"info","message":"Route  added with route.ts","timestamp":"2024-09-14T07:08:13.830Z"}
{"level":"info","message":"Route /v1 added with route.ts","timestamp":"2024-09-14T07:08:13.882Z"}
{"level":"info","message":"Route /v1/auth added with route.ts","timestamp":"2024-09-14T07:08:14.363Z"}
{"level":"info","message":"Middleware /v1/protected added with middleware.ts","timestamp":"2024-09-14T07:08:14.798Z"}
{"level":"info","message":"Route /v2/demo added with route.ts","timestamp":"2024-09-14T07:08:14.840Z"}
{"level":"info","message":"4 routes have been added","timestamp":"2024-09-14T07:08:14.840Z"}
{"level":"info","message":"Routes added successfully","timestamp":"2024-09-14T07:08:14.841Z"}
{"level":"info","message":"Server is listening on http://localhost:3000","timestamp":"2024-09-14T07:08:14.843Z"}
{"level":"info","message":"Database Connected Successfully!","timestamp":"2024-09-14T07:09:30.881Z"}
{"level":"info","message":"Route  added with route.ts","timestamp":"2024-09-14T07:09:30.944Z"}
{"level":"info","message":"Route /v1 added with route.ts","timestamp":"2024-09-14T07:09:30.995Z"}
{"level":"info","message":"Route /v1/auth added with route.ts","timestamp":"2024-09-14T07:09:31.488Z"}
{"level":"info","message":"Middleware /v1/protected added with middleware.ts","timestamp":"2024-09-14T07:09:31.900Z"}
{"level":"info","message":"Route /v2/demo added with route.ts","timestamp":"2024-09-14T07:09:31.943Z"}
{"level":"info","message":"4 routes have been added","timestamp":"2024-09-14T07:09:31.944Z"}
{"level":"info","message":"Routes added successfully","timestamp":"2024-09-14T07:09:31.944Z"}
{"level":"info","message":"Server is listening on http://localhost:3000","timestamp":"2024-09-14T07:09:31.946Z"}
{"level":"info","message":"Database Connected Successfully!","timestamp":"2024-09-14T07:14:23.828Z"}
{"level":"info","message":"Route  added with route.ts","timestamp":"2024-09-14T07:14:23.894Z"}
{"level":"info","message":"Route /v1 added with route.ts","timestamp":"2024-09-14T07:14:23.951Z"}
{"level":"info","message":"Route /v1/auth added with route.ts","timestamp":"2024-09-14T07:14:24.451Z"}
{"level":"info","message":"Middleware /v1/protected added with middleware.ts","timestamp":"2024-09-14T07:14:24.876Z"}
{"level":"info","message":"Route /v2/demo added with route.ts","timestamp":"2024-09-14T07:14:24.919Z"}
{"level":"info","message":"4 routes have been added","timestamp":"2024-09-14T07:14:24.920Z"}
{"level":"info","message":"Routes added successfully","timestamp":"2024-09-14T07:14:24.920Z"}
{"level":"info","message":"Server is listening on http://localhost:3000","timestamp":"2024-09-14T07:14:24.922Z"}
{"level":"info","message":"Database Connected Successfully!","timestamp":"2024-09-14T07:15:56.399Z"}
{"level":"info","message":"Route  added with route.ts","timestamp":"2024-09-14T07:15:56.463Z"}
{"level":"info","message":"Route /v1 added with route.ts","timestamp":"2024-09-14T07:15:56.514Z"}
{"level":"info","message":"Route /v1/auth added with route.ts","timestamp":"2024-09-14T07:15:57.012Z"}
{"level":"info","message":"Middleware /v1/protected added with middleware.ts","timestamp":"2024-09-14T07:15:57.417Z"}
{"level":"info","message":"Route /v2/demo added with route.ts","timestamp":"2024-09-14T07:15:57.464Z"}
{"level":"info","message":"4 routes have been added","timestamp":"2024-09-14T07:15:57.464Z"}
{"level":"info","message":"Routes added successfully","timestamp":"2024-09-14T07:15:57.464Z"}
{"level":"info","message":"Server is listening on http://localhost:3000","timestamp":"2024-09-14T07:15:57.466Z"}
{"level":"info","message":"Database Connected Successfully!","timestamp":"2024-09-14T07:20:25.770Z"}
{"level":"info","message":"Route  added with route.ts","timestamp":"2024-09-14T07:20:25.834Z"}
{"level":"info","message":"Route /v1 added with route.ts","timestamp":"2024-09-14T07:20:25.888Z"}
{"level":"info","message":"Route /v1/auth added with route.ts","timestamp":"2024-09-14T07:20:26.411Z"}
{"level":"info","message":"Middleware /v1/protected added with middleware.ts","timestamp":"2024-09-14T07:20:26.832Z"}
{"level":"info","message":"Route /v2/demo added with route.ts","timestamp":"2024-09-14T07:20:26.876Z"}
{"level":"info","message":"4 routes have been added","timestamp":"2024-09-14T07:20:26.877Z"}
{"level":"info","message":"Routes added successfully","timestamp":"2024-09-14T07:20:26.877Z"}
{"level":"info","message":"Server is listening on http://localhost:3000","timestamp":"2024-09-14T07:20:26.879Z"}
{"level":"info","message":"Database Connected Successfully!","timestamp":"2024-09-14T07:21:16.136Z"}
{"level":"info","message":"Route  added with route.ts","timestamp":"2024-09-14T07:21:16.196Z"}
{"level":"info","message":"Route /v1 added with route.ts","timestamp":"2024-09-14T07:21:16.247Z"}
{"level":"info","message":"Middleware /v1/protected added with middleware.ts","timestamp":"2024-09-14T07:21:16.733Z"}
{"level":"info","message":"Route /v1/auth added with route.ts","timestamp":"2024-09-14T07:21:17.164Z"}
{"level":"info","message":"Route /v2/demo added with route.ts","timestamp":"2024-09-14T07:21:17.212Z"}
{"level":"info","message":"4 routes have been added","timestamp":"2024-09-14T07:21:17.212Z"}
{"level":"info","message":"Routes added successfully","timestamp":"2024-09-14T07:21:17.213Z"}
{"level":"info","message":"Server is listening on http://localhost:3000","timestamp":"2024-09-14T07:21:17.215Z"}
{"level":"info","message":"Database Connected Successfully!","timestamp":"2024-09-14T07:21:52.283Z"}
{"level":"info","message":"Route  added with route.ts","timestamp":"2024-09-14T07:21:52.344Z"}
{"level":"info","message":"Route /v1 added with route.ts","timestamp":"2024-09-14T07:21:52.398Z"}
{"level":"info","message":"Route /v1/auth added with route.ts","timestamp":"2024-09-14T07:21:52.884Z"}
{"level":"info","message":"Middleware /v1/protected added with middleware.ts","timestamp":"2024-09-14T07:21:53.283Z"}
{"level":"info","message":"Route /v2/demo added with route.ts","timestamp":"2024-09-14T07:21:53.326Z"}
{"level":"info","message":"4 routes have been added","timestamp":"2024-09-14T07:21:53.326Z"}
{"level":"info","message":"Routes added successfully","timestamp":"2024-09-14T07:21:53.326Z"}
{"level":"info","message":"Server is listening on http://localhost:3000","timestamp":"2024-09-14T07:21:53.328Z"}
{"level":"info","message":"Database Connected Successfully!","timestamp":"2024-09-14T07:34:28.691Z"}
{"level":"info","message":"Route  added with route.ts","timestamp":"2024-09-14T07:34:28.752Z"}
{"level":"info","message":"Route /v1 added with route.ts","timestamp":"2024-09-14T07:34:28.807Z"}
{"level":"info","message":"Route /v1/auth added with route.ts","timestamp":"2024-09-14T07:34:29.306Z"}
{"level":"info","message":"Middleware /v1/protected added with middleware.ts","timestamp":"2024-09-14T07:34:29.714Z"}
{"level":"info","message":"Route /v2/demo added with route.ts","timestamp":"2024-09-14T07:34:29.756Z"}
{"level":"info","message":"4 routes have been added","timestamp":"2024-09-14T07:34:29.757Z"}
{"level":"info","message":"Routes added successfully","timestamp":"2024-09-14T07:34:29.757Z"}
{"level":"info","message":"Server is listening on http://localhost:3000","timestamp":"2024-09-14T07:34:29.759Z"}
{"level":"info","message":"Database Connected Successfully!","timestamp":"2024-09-14T07:37:53.572Z"}
{"level":"info","message":"Route  added with route.ts","timestamp":"2024-09-14T07:37:53.632Z"}
{"level":"info","message":"Route /v1 added with route.ts","timestamp":"2024-09-14T07:37:53.683Z"}
{"level":"info","message":"Middleware /v1/protected added with middleware.ts","timestamp":"2024-09-14T07:37:54.164Z"}
{"level":"info","message":"Route /v1/auth added with route.ts","timestamp":"2024-09-14T07:37:54.612Z"}
{"level":"info","message":"Route /v2/demo added with route.ts","timestamp":"2024-09-14T07:37:54.659Z"}
{"level":"info","message":"4 routes have been added","timestamp":"2024-09-14T07:37:54.660Z"}
{"level":"info","message":"Routes added successfully","timestamp":"2024-09-14T07:37:54.660Z"}
{"level":"info","message":"Server is listening on http://localhost:3000","timestamp":"2024-09-14T07:37:54.662Z"}
{"level":"info","message":"Database Connected Successfully!","timestamp":"2024-09-14T07:41:31.994Z"}
{"level":"info","message":"Route  added with route.ts","timestamp":"2024-09-14T07:41:32.056Z"}
{"level":"info","message":"Route /v1 added with route.ts","timestamp":"2024-09-14T07:41:32.108Z"}
{"level":"info","message":"Route /v1/auth added with route.ts","timestamp":"2024-09-14T07:41:32.612Z"}
{"level":"info","message":"Middleware /v1/protected added with middleware.ts","timestamp":"2024-09-14T07:41:33.053Z"}
{"level":"info","message":"Route /v2/demo added with route.ts","timestamp":"2024-09-14T07:41:33.104Z"}
{"level":"info","message":"4 routes have been added","timestamp":"2024-09-14T07:41:33.104Z"}
{"level":"info","message":"Routes added successfully","timestamp":"2024-09-14T07:41:33.105Z"}
{"level":"info","message":"Server is listening on http://localhost:3000","timestamp":"2024-09-14T07:41:33.107Z"}
{"level":"info","message":"Database Connected Successfully!","timestamp":"2024-09-14T08:20:27.851Z"}
{"level":"info","message":"Route  added with route.ts","timestamp":"2024-09-14T08:20:27.918Z"}
{"level":"info","message":"Route /v1 added with route.ts","timestamp":"2024-09-14T08:20:27.973Z"}
{"level":"info","message":"Route /v1/auth added with route.ts","timestamp":"2024-09-14T08:20:28.503Z"}
{"level":"info","message":"Middleware /v1/protected added with middleware.ts","timestamp":"2024-09-14T08:20:28.916Z"}
{"level":"info","message":"Route /v2/demo added with route.ts","timestamp":"2024-09-14T08:20:28.958Z"}
{"level":"info","message":"4 routes have been added","timestamp":"2024-09-14T08:20:28.959Z"}
{"level":"info","message":"Routes added successfully","timestamp":"2024-09-14T08:20:28.959Z"}
{"level":"info","message":"Server is listening on http://localhost:3000","timestamp":"2024-09-14T08:20:28.961Z"}
{"level":"info","message":"Database Connected Successfully!","timestamp":"2024-09-14T09:58:02.300Z"}
{"level":"info","message":"Route  added with route.ts","timestamp":"2024-09-14T09:58:02.361Z"}
{"level":"info","message":"Route /v1 added with route.ts","timestamp":"2024-09-14T09:58:02.414Z"}
{"level":"info","message":"Route /v1/auth added with route.ts","timestamp":"2024-09-14T09:58:02.895Z"}
{"level":"info","message":"Middleware /v1/protected added with middleware.ts","timestamp":"2024-09-14T09:58:03.368Z"}
{"level":"info","message":"Route /v2/demo added with route.ts","timestamp":"2024-09-14T09:58:03.412Z"}
{"level":"info","message":"4 routes have been added","timestamp":"2024-09-14T09:58:03.413Z"}
{"level":"info","message":"Routes added successfully","timestamp":"2024-09-14T09:58:03.413Z"}
{"level":"info","message":"Server is listening on http://localhost:3000","timestamp":"2024-09-14T09:58:03.415Z"}
