{"level":"info","message":"Database Connected Successfully!","timestamp":"2024-09-15T10:09:34.215Z"}
{"level":"info","message":"Route  added with route.ts","timestamp":"2024-09-15T10:09:34.292Z"}
{"level":"info","message":"Route /v2/demo added with route.ts","timestamp":"2024-09-15T10:09:34.354Z"}
{"level":"info","message":"Middleware /v1/protected added with middleware.ts","timestamp":"2024-09-15T10:09:34.868Z"}
{"level":"info","message":"Route /v1/auth added with route.ts","timestamp":"2024-09-15T10:09:35.379Z"}
{"level":"info","message":"Route /v1/protected/conversation added with route.ts","timestamp":"2024-09-15T10:09:35.483Z"}
{"level":"info","message":"4 routes have been added","timestamp":"2024-09-15T10:09:35.484Z"}
{"level":"info","message":"Routes added successfully","timestamp":"2024-09-15T10:09:35.484Z"}
{"level":"info","message":"Server is listening on http://localhost:3000","timestamp":"2024-09-15T10:09:35.486Z"}
{"level":"info","message":"{\"id\":\"7e11d763-08ea-4749-8259-26cf29968deb\",\"ip\":\"::1\",\"method\":\"POST\",\"url\":\"/api/v1/auth/signin\",\"status\":\"200\",\"responseTime\":\"81.418\"}","timestamp":"2024-09-15T10:10:54.896Z"}
{"level":"info","message":"Database Connected Successfully!","timestamp":"2024-09-15T10:12:47.935Z"}
{"level":"info","message":"Route  added with route.ts","timestamp":"2024-09-15T10:12:48.006Z"}
{"level":"info","message":"Middleware /v1/protected added with middleware.ts","timestamp":"2024-09-15T10:12:48.598Z"}
{"level":"info","message":"Route /v1/auth added with route.ts","timestamp":"2024-09-15T10:12:49.160Z"}
{"level":"info","message":"Route /v2/demo added with route.ts","timestamp":"2024-09-15T10:12:49.212Z"}
{"level":"info","message":"Route /v1/protected/conversation added with route.ts","timestamp":"2024-09-15T10:12:49.303Z"}
{"level":"info","message":"4 routes have been added","timestamp":"2024-09-15T10:12:49.304Z"}
{"level":"info","message":"Routes added successfully","timestamp":"2024-09-15T10:12:49.304Z"}
{"level":"info","message":"Server is listening on http://localhost:3000","timestamp":"2024-09-15T10:12:49.307Z"}
{"level":"info","message":"{\"id\":\"aa4041b7-3310-44b8-a741-b71ddc6d070c\",\"ip\":\"::1\",\"method\":\"POST\",\"url\":\"/api/v1/protected/conversation\",\"status\":\"500\",\"responseTime\":\"24.232\"}","timestamp":"2024-09-15T10:14:05.397Z"}
{"level":"info","message":"Database Connected Successfully!","timestamp":"2024-09-15T10:16:03.077Z"}
{"level":"info","message":"Route  added with route.ts","timestamp":"2024-09-15T10:16:03.145Z"}
{"level":"info","message":"Route /v2/demo added with route.ts","timestamp":"2024-09-15T10:16:03.204Z"}
{"level":"info","message":"Middleware /v1/protected added with middleware.ts","timestamp":"2024-09-15T10:16:03.673Z"}
{"level":"info","message":"Route /v1/auth added with route.ts","timestamp":"2024-09-15T10:16:04.130Z"}
{"level":"info","message":"Route /v1/protected/conversation added with route.ts","timestamp":"2024-09-15T10:16:04.213Z"}
{"level":"info","message":"4 routes have been added","timestamp":"2024-09-15T10:16:04.214Z"}
{"level":"info","message":"Routes added successfully","timestamp":"2024-09-15T10:16:04.214Z"}
{"level":"info","message":"Server is listening on http://localhost:3000","timestamp":"2024-09-15T10:16:04.217Z"}
{"level":"info","message":"{\"id\":\"23a09d15-6e9f-497f-9522-fa1e1f9af84f\",\"ip\":\"::1\",\"method\":\"POST\",\"url\":\"/api/v1/protected/conversation\",\"status\":\"500\",\"responseTime\":\"22.790\"}","timestamp":"2024-09-15T10:16:08.249Z"}
{"level":"info","message":"{\"id\":\"c902a897-1ec4-4cee-a806-956ea1c350e0\",\"ip\":\"::1\",\"method\":\"POST\",\"url\":\"/api/v1/protected/conversation\",\"status\":\"500\",\"responseTime\":\"6.446\"}","timestamp":"2024-09-15T10:16:12.887Z"}
{"level":"info","message":"Database Connected Successfully!","timestamp":"2024-09-15T10:17:32.838Z"}
{"level":"info","message":"Route  added with route.ts","timestamp":"2024-09-15T10:17:32.911Z"}
{"level":"info","message":"Middleware /v1/protected added with middleware.ts","timestamp":"2024-09-15T10:17:33.448Z"}
{"level":"info","message":"Route /v1/auth added with route.ts","timestamp":"2024-09-15T10:17:33.905Z"}
{"level":"info","message":"Route /v2/demo added with route.ts","timestamp":"2024-09-15T10:17:33.957Z"}
{"level":"info","message":"Route /v1/protected/conversation added with route.ts","timestamp":"2024-09-15T10:17:34.063Z"}
{"level":"info","message":"4 routes have been added","timestamp":"2024-09-15T10:17:34.063Z"}
{"level":"info","message":"Routes added successfully","timestamp":"2024-09-15T10:17:34.064Z"}
{"level":"info","message":"Server is listening on http://localhost:3000","timestamp":"2024-09-15T10:17:34.067Z"}
{"level":"info","message":"Database Connected Successfully!","timestamp":"2024-09-15T10:17:41.478Z"}
{"level":"info","message":"Route  added with route.ts","timestamp":"2024-09-15T10:17:41.557Z"}
{"level":"info","message":"Middleware /v1/protected added with middleware.ts","timestamp":"2024-09-15T10:17:42.082Z"}
{"level":"info","message":"Route /v1/auth added with route.ts","timestamp":"2024-09-15T10:17:42.541Z"}
{"level":"info","message":"Route /v2/demo added with route.ts","timestamp":"2024-09-15T10:17:42.590Z"}
{"level":"info","message":"Route /v1/protected/conversation added with route.ts","timestamp":"2024-09-15T10:17:42.676Z"}
{"level":"info","message":"4 routes have been added","timestamp":"2024-09-15T10:17:42.677Z"}
{"level":"info","message":"Routes added successfully","timestamp":"2024-09-15T10:17:42.677Z"}
{"level":"info","message":"Server is listening on http://localhost:3000","timestamp":"2024-09-15T10:17:42.679Z"}
{"level":"info","message":"Database Connected Successfully!","timestamp":"2024-09-15T11:37:57.679Z"}
{"level":"info","message":"Route  added with route.ts","timestamp":"2024-09-15T11:37:57.756Z"}
{"level":"info","message":"Route /v1/auth added with route.ts","timestamp":"2024-09-15T11:37:58.298Z"}
{"level":"info","message":"Middleware /v1/protected added with middleware.ts","timestamp":"2024-09-15T11:37:58.772Z"}
{"level":"info","message":"Route /v2/demo added with route.ts","timestamp":"2024-09-15T11:37:58.835Z"}
{"level":"info","message":"Route /v1/protected/conversation added with route.ts","timestamp":"2024-09-15T11:37:58.927Z"}
{"level":"info","message":"4 routes have been added","timestamp":"2024-09-15T11:37:58.928Z"}
{"level":"info","message":"Routes added successfully","timestamp":"2024-09-15T11:37:58.928Z"}
{"level":"info","message":"Server is listening on http://localhost:3000","timestamp":"2024-09-15T11:37:58.930Z"}
{"level":"info","message":"Database Connected Successfully!","timestamp":"2024-09-15T11:38:56.094Z"}
{"level":"info","message":"Route  added with route.ts","timestamp":"2024-09-15T11:38:56.173Z"}
{"level":"info","message":"Middleware /v1/protected added with middleware.ts","timestamp":"2024-09-15T11:38:56.781Z"}
{"level":"info","message":"Route /v1/auth added with route.ts","timestamp":"2024-09-15T11:38:57.321Z"}
{"level":"info","message":"Route /v2/demo added with route.ts","timestamp":"2024-09-15T11:38:57.377Z"}
{"level":"info","message":"Route /v1/protected/conversation added with route.ts","timestamp":"2024-09-15T11:38:57.480Z"}
{"level":"info","message":"4 routes have been added","timestamp":"2024-09-15T11:38:57.481Z"}
{"level":"info","message":"Routes added successfully","timestamp":"2024-09-15T11:38:57.481Z"}
{"level":"info","message":"Server is listening on http://localhost:3000","timestamp":"2024-09-15T11:38:57.483Z"}
{"level":"info","message":"Database Connected Successfully!","timestamp":"2024-09-15T11:39:15.272Z"}
{"level":"info","message":"Route  added with route.ts","timestamp":"2024-09-15T11:39:15.348Z"}
{"level":"info","message":"Route /v2/demo added with route.ts","timestamp":"2024-09-15T11:39:15.418Z"}
{"level":"info","message":"Route /v1/auth added with route.ts","timestamp":"2024-09-15T11:39:15.964Z"}
{"level":"info","message":"Middleware /v1/protected added with middleware.ts","timestamp":"2024-09-15T11:39:16.408Z"}
{"level":"info","message":"Route /v1/protected/conversation added with route.ts","timestamp":"2024-09-15T11:39:16.496Z"}
{"level":"info","message":"4 routes have been added","timestamp":"2024-09-15T11:39:16.497Z"}
{"level":"info","message":"Routes added successfully","timestamp":"2024-09-15T11:39:16.497Z"}
{"level":"info","message":"Server is listening on http://localhost:3000","timestamp":"2024-09-15T11:39:16.499Z"}
{"level":"info","message":"{\"id\":\"c8fb2c00-01e3-4b52-aa83-2e5ac656ceb5\",\"ip\":\"::1\",\"method\":\"POST\",\"url\":\"/api/v1/protected/conversation\",\"status\":\"201\",\"responseTime\":\"24.368\"}","timestamp":"2024-09-15T11:40:10.146Z"}
{"level":"info","message":"Database Connected Successfully!","timestamp":"2024-09-15T11:41:13.406Z"}
{"level":"info","message":"Route  added with route.ts","timestamp":"2024-09-15T11:41:13.505Z"}
{"level":"info","message":"Route /v1/auth added with route.ts","timestamp":"2024-09-15T11:41:14.107Z"}
{"level":"info","message":"Route /v2/demo added with route.ts","timestamp":"2024-09-15T11:41:14.162Z"}
{"level":"info","message":"Middleware /v1/protected added with middleware.ts","timestamp":"2024-09-15T11:41:14.659Z"}
{"level":"info","message":"Database Connected Successfully!","timestamp":"2024-09-15T11:41:52.330Z"}
{"level":"info","message":"Route  added with route.ts","timestamp":"2024-09-15T11:41:52.432Z"}
{"level":"info","message":"Route /v1/auth added with route.ts","timestamp":"2024-09-15T11:41:53.104Z"}
{"level":"info","message":"Middleware /v1/protected added with middleware.ts","timestamp":"2024-09-15T11:41:53.611Z"}
{"level":"info","message":"Route /v2/demo added with route.ts","timestamp":"2024-09-15T11:41:53.671Z"}
{"level":"info","message":"Route /v1/protected/conversation added with route.ts","timestamp":"2024-09-15T11:41:54.195Z"}
{"level":"info","message":"4 routes have been added","timestamp":"2024-09-15T11:41:54.195Z"}
{"level":"info","message":"Routes added successfully","timestamp":"2024-09-15T11:41:54.196Z"}
{"level":"info","message":"Server is listening on http://localhost:3000","timestamp":"2024-09-15T11:41:54.198Z"}
{"level":"info","message":"{\"id\":\"e412c4a2-b49d-4167-8e33-9deefcb93bae\",\"ip\":\"::1\",\"method\":\"POST\",\"url\":\"/api/v1/protected/conversation\",\"status\":\"201\",\"responseTime\":\"24.229\"}","timestamp":"2024-09-15T11:41:58.143Z"}
{"level":"info","message":"Database Connected Successfully!","timestamp":"2024-09-15T12:02:17.027Z"}
{"level":"info","message":"Route  added with route.ts","timestamp":"2024-09-15T12:02:17.103Z"}
{"level":"info","message":"Middleware /v1/protected added with middleware.ts","timestamp":"2024-09-15T12:02:17.626Z"}
{"level":"info","message":"Route /v1/auth added with route.ts","timestamp":"2024-09-15T12:02:18.105Z"}
{"level":"info","message":"Route /v2/demo added with route.ts","timestamp":"2024-09-15T12:02:18.154Z"}
{"level":"info","message":"Route /v1/protected/conversation added with route.ts","timestamp":"2024-09-15T12:02:18.636Z"}
{"level":"info","message":"4 routes have been added","timestamp":"2024-09-15T12:02:18.636Z"}
{"level":"info","message":"Routes added successfully","timestamp":"2024-09-15T12:02:18.637Z"}
{"level":"info","message":"Server is listening on http://localhost:3000","timestamp":"2024-09-15T12:02:18.638Z"}
{"level":"info","message":"Database Connected Successfully!","timestamp":"2024-09-15T12:02:24.768Z"}
{"level":"info","message":"Route  added with route.ts","timestamp":"2024-09-15T12:02:24.839Z"}
{"level":"info","message":"Middleware /v1/protected added with middleware.ts","timestamp":"2024-09-15T12:02:25.329Z"}
{"level":"info","message":"Route /v1/auth added with route.ts","timestamp":"2024-09-15T12:02:25.768Z"}
{"level":"info","message":"Route /v2/demo added with route.ts","timestamp":"2024-09-15T12:02:25.816Z"}
{"level":"info","message":"Route /v1/protected/conversation added with route.ts","timestamp":"2024-09-15T12:02:26.285Z"}
{"level":"info","message":"4 routes have been added","timestamp":"2024-09-15T12:02:26.285Z"}
{"level":"info","message":"Routes added successfully","timestamp":"2024-09-15T12:02:26.286Z"}
{"level":"info","message":"Server is listening on http://localhost:3000","timestamp":"2024-09-15T12:02:26.287Z"}
{"level":"info","message":"Database Connected Successfully!","timestamp":"2024-09-15T12:06:17.973Z"}
{"level":"info","message":"Route  added with route.ts","timestamp":"2024-09-15T12:06:18.047Z"}
{"level":"info","message":"Route /v1/auth added with route.ts","timestamp":"2024-09-15T12:06:18.565Z"}
{"level":"info","message":"Middleware /v1/protected added with middleware.ts","timestamp":"2024-09-15T12:06:18.995Z"}
{"level":"info","message":"Route /v2/demo added with route.ts","timestamp":"2024-09-15T12:06:19.041Z"}
{"level":"info","message":"Database Connected Successfully!","timestamp":"2024-09-15T12:06:27.071Z"}
{"level":"info","message":"Route  added with route.ts","timestamp":"2024-09-15T12:06:27.145Z"}
{"level":"info","message":"Route /v2/demo added with route.ts","timestamp":"2024-09-15T12:06:27.200Z"}
{"level":"info","message":"Route /v1/auth added with route.ts","timestamp":"2024-09-15T12:06:27.725Z"}
{"level":"info","message":"Middleware /v1/protected added with middleware.ts","timestamp":"2024-09-15T12:06:28.134Z"}
{"level":"info","message":"Database Connected Successfully!","timestamp":"2024-09-15T12:06:44.561Z"}
{"level":"info","message":"Route  added with route.ts","timestamp":"2024-09-15T12:06:44.632Z"}
{"level":"info","message":"Route /v1/auth added with route.ts","timestamp":"2024-09-15T12:06:45.169Z"}
{"level":"info","message":"Middleware /v1/protected added with middleware.ts","timestamp":"2024-09-15T12:06:45.609Z"}
{"level":"info","message":"Route /v2/demo added with route.ts","timestamp":"2024-09-15T12:06:45.659Z"}
{"level":"info","message":"Route /v1/protected/conversation added with route.ts","timestamp":"2024-09-15T12:06:46.146Z"}
{"level":"info","message":"4 routes have been added","timestamp":"2024-09-15T12:06:46.147Z"}
{"level":"info","message":"Routes added successfully","timestamp":"2024-09-15T12:06:46.147Z"}
{"level":"info","message":"Server is listening on http://localhost:3000","timestamp":"2024-09-15T12:06:46.149Z"}
{"level":"info","message":"{\"id\":\"56a3bbec-2033-41a8-ace7-bb33387b8f11\",\"ip\":\"::1\",\"method\":\"POST\",\"url\":\"/api/v1/protected/conversation\",\"status\":\"500\",\"responseTime\":\"18.385\"}","timestamp":"2024-09-15T12:07:03.855Z"}
{"level":"info","message":"Database Connected Successfully!","timestamp":"2024-09-15T12:07:24.518Z"}
{"level":"info","message":"Route  added with route.ts","timestamp":"2024-09-15T12:07:24.588Z"}
{"level":"info","message":"Middleware /v1/protected added with middleware.ts","timestamp":"2024-09-15T12:07:25.065Z"}
{"level":"info","message":"Route /v1/auth added with route.ts","timestamp":"2024-09-15T12:07:25.506Z"}
{"level":"info","message":"Route /v2/demo added with route.ts","timestamp":"2024-09-15T12:07:25.554Z"}
{"level":"info","message":"Route /v1/protected/conversation added with route.ts","timestamp":"2024-09-15T12:07:26.019Z"}
{"level":"info","message":"4 routes have been added","timestamp":"2024-09-15T12:07:26.019Z"}
{"level":"info","message":"Routes added successfully","timestamp":"2024-09-15T12:07:26.020Z"}
{"level":"info","message":"Server is listening on http://localhost:3000","timestamp":"2024-09-15T12:07:26.022Z"}
{"level":"info","message":"{\"id\":\"49c1036f-b163-4e9f-abd4-b8389d1d2a0b\",\"ip\":\"::1\",\"method\":\"POST\",\"url\":\"/api/v1/protected/conversation\",\"status\":\"200\",\"responseTime\":\"16.305\"}","timestamp":"2024-09-15T12:07:29.738Z"}
{"level":"info","message":"{\"id\":\"77e9bdb1-8d9d-4014-a790-93bafe029ccf\",\"ip\":\"::1\",\"method\":\"POST\",\"url\":\"/api/v1/protected/conversation\",\"status\":\"200\",\"responseTime\":\"5.104\"}","timestamp":"2024-09-15T12:07:32.890Z"}
{"level":"info","message":"{\"id\":\"2e4d3d80-2b13-4800-915e-1fbdd737115f\",\"ip\":\"::1\",\"method\":\"POST\",\"url\":\"/api/v1/protected/conversation\",\"status\":\"200\",\"responseTime\":\"5.010\"}","timestamp":"2024-09-15T12:07:33.700Z"}
{"level":"info","message":"{\"id\":\"4f882458-1504-481f-a957-c9f1cb9d9670\",\"ip\":\"::1\",\"method\":\"POST\",\"url\":\"/api/v1/protected/conversation\",\"status\":\"200\",\"responseTime\":\"5.162\"}","timestamp":"2024-09-15T12:07:34.383Z"}
{"level":"info","message":"{\"id\":\"4d775751-21e7-443e-9bf1-dd5f8682bbbd\",\"ip\":\"::1\",\"method\":\"POST\",\"url\":\"/api/v1/protected/conversation\",\"status\":\"200\",\"responseTime\":\"5.793\"}","timestamp":"2024-09-15T12:07:34.706Z"}
{"level":"info","message":"{\"id\":\"72208caf-9e1b-4303-be10-30a2ee5e15cd\",\"ip\":\"::1\",\"method\":\"POST\",\"url\":\"/api/v1/protected/conversation\",\"status\":\"200\",\"responseTime\":\"5.651\"}","timestamp":"2024-09-15T12:07:36.896Z"}
{"level":"info","message":"{\"id\":\"ad2914ea-1c04-402b-89e3-26aed283f808\",\"ip\":\"::1\",\"method\":\"POST\",\"url\":\"/api/v1/protected/conversation\",\"status\":\"200\",\"responseTime\":\"4.654\"}","timestamp":"2024-09-15T12:07:37.517Z"}
{"level":"info","message":"{\"id\":\"58c5eadc-398a-4c05-8f0b-c71e6eabe77f\",\"ip\":\"::1\",\"method\":\"POST\",\"url\":\"/api/v1/protected/conversation\",\"status\":\"200\",\"responseTime\":\"4.568\"}","timestamp":"2024-09-15T12:07:38.314Z"}
{"level":"info","message":"{\"id\":\"9f48182c-b553-4d76-a656-200bc1cc7e83\",\"ip\":\"::1\",\"method\":\"POST\",\"url\":\"/api/v1/protected/conversation\",\"status\":\"200\",\"responseTime\":\"4.910\"}","timestamp":"2024-09-15T12:07:38.954Z"}
{"level":"info","message":"{\"id\":\"34bbbe65-8a66-4e05-9e15-e95549b65aa0\",\"ip\":\"::1\",\"method\":\"POST\",\"url\":\"/api/v1/protected/conversation\",\"status\":\"201\",\"responseTime\":\"7.943\"}","timestamp":"2024-09-15T12:08:32.636Z"}
{"level":"info","message":"{\"id\":\"460d62be-7690-4111-b604-0e52caf7784b\",\"ip\":\"::1\",\"method\":\"POST\",\"url\":\"/api/v1/protected/conversation\",\"status\":\"200\",\"responseTime\":\"4.481\"}","timestamp":"2024-09-15T12:08:36.526Z"}
{"level":"info","message":"{\"id\":\"1f876c99-c058-40bf-a0c2-3148ca3614f2\",\"ip\":\"::1\",\"method\":\"POST\",\"url\":\"/api/v1/protected/conversation\",\"status\":\"200\",\"responseTime\":\"4.205\"}","timestamp":"2024-09-15T12:08:40.292Z"}
{"level":"info","message":"{\"id\":\"0b56e832-d6da-415c-b9cf-15eb33021c86\",\"ip\":\"::1\",\"method\":\"POST\",\"url\":\"/api/v1/protected/conversation\",\"status\":\"200\",\"responseTime\":\"4.542\"}","timestamp":"2024-09-15T12:08:41.228Z"}
{"level":"info","message":"{\"id\":\"a3ab9f4f-af3b-4059-93d0-957661e7952d\",\"ip\":\"::1\",\"method\":\"POST\",\"url\":\"/api/v1/protected/conversation\",\"status\":\"200\",\"responseTime\":\"4.462\"}","timestamp":"2024-09-15T12:08:41.940Z"}
{"level":"info","message":"{\"id\":\"25d6ef54-705e-45b2-a165-1523ab5c778c\",\"ip\":\"::1\",\"method\":\"POST\",\"url\":\"/api/v1/protected/conversation\",\"status\":\"200\",\"responseTime\":\"5.068\"}","timestamp":"2024-09-15T12:08:42.621Z"}
{"level":"info","message":"Database Connected Successfully!","timestamp":"2024-09-15T12:09:48.018Z"}
{"level":"info","message":"Route  added with route.ts","timestamp":"2024-09-15T12:09:48.081Z"}
{"level":"info","message":"Route /v1/auth added with route.ts","timestamp":"2024-09-15T12:09:48.572Z"}
{"level":"info","message":"Middleware /v1/protected added with middleware.ts","timestamp":"2024-09-15T12:09:48.973Z"}
{"level":"info","message":"Route /v2/demo added with route.ts","timestamp":"2024-09-15T12:09:49.018Z"}
{"level":"info","message":"Route /v1/protected/conversation added with route.ts","timestamp":"2024-09-15T12:09:49.476Z"}
{"level":"info","message":"4 routes have been added","timestamp":"2024-09-15T12:09:49.477Z"}
{"level":"info","message":"Routes added successfully","timestamp":"2024-09-15T12:09:49.477Z"}
{"level":"info","message":"Server is listening on http://localhost:3000","timestamp":"2024-09-15T12:09:49.479Z"}
{"level":"info","message":"Database Connected Successfully!","timestamp":"2024-09-15T12:10:04.576Z"}
{"level":"info","message":"Route  added with route.ts","timestamp":"2024-09-15T12:10:04.648Z"}
{"level":"info","message":"Route /v1/auth added with route.ts","timestamp":"2024-09-15T12:10:05.156Z"}
{"level":"info","message":"Middleware /v1/protected added with middleware.ts","timestamp":"2024-09-15T12:10:05.571Z"}
{"level":"info","message":"Route /v2/demo added with route.ts","timestamp":"2024-09-15T12:10:05.615Z"}
{"level":"info","message":"Route /v1/protected/conversation added with route.ts","timestamp":"2024-09-15T12:10:06.103Z"}
{"level":"info","message":"4 routes have been added","timestamp":"2024-09-15T12:10:06.103Z"}
{"level":"info","message":"Routes added successfully","timestamp":"2024-09-15T12:10:06.104Z"}
{"level":"info","message":"Server is listening on http://localhost:3000","timestamp":"2024-09-15T12:10:06.106Z"}
{"level":"info","message":"Database Connected Successfully!","timestamp":"2024-09-15T12:10:15.821Z"}
{"level":"info","message":"Route  added with route.ts","timestamp":"2024-09-15T12:10:15.892Z"}
{"level":"info","message":"Route /v1/auth added with route.ts","timestamp":"2024-09-15T12:10:16.394Z"}
{"level":"info","message":"Middleware /v1/protected added with middleware.ts","timestamp":"2024-09-15T12:10:16.811Z"}
{"level":"info","message":"Route /v2/demo added with route.ts","timestamp":"2024-09-15T12:10:16.860Z"}
{"level":"info","message":"Route /v1/protected/conversation added with route.ts","timestamp":"2024-09-15T12:10:17.329Z"}
{"level":"info","message":"4 routes have been added","timestamp":"2024-09-15T12:10:17.330Z"}
{"level":"info","message":"Routes added successfully","timestamp":"2024-09-15T12:10:17.330Z"}
{"level":"info","message":"Server is listening on http://localhost:3000","timestamp":"2024-09-15T12:10:17.332Z"}
{"level":"info","message":"{\"id\":\"25dc00e7-797a-4be1-8a69-e49add71572a\",\"ip\":\"::1\",\"method\":\"POST\",\"url\":\"/api/v1/protected/conversation\",\"status\":\"201\",\"responseTime\":\"23.530\"}","timestamp":"2024-09-15T12:10:32.349Z"}
{"level":"info","message":"{\"id\":\"0f8e93ae-44d9-48cb-ba40-949d17ff96fd\",\"ip\":\"::1\",\"method\":\"POST\",\"url\":\"/api/v1/protected/conversation\",\"status\":\"200\",\"responseTime\":\"5.425\"}","timestamp":"2024-09-15T12:10:36.421Z"}
{"level":"info","message":"{\"id\":\"f8b3fe5d-1e97-47b1-ab67-5a1f639e0c64\",\"ip\":\"::1\",\"method\":\"POST\",\"url\":\"/api/v1/protected/conversation\",\"status\":\"200\",\"responseTime\":\"4.561\"}","timestamp":"2024-09-15T12:10:37.416Z"}
{"level":"info","message":"{\"id\":\"09d9e64c-e87d-484c-8949-4ec2ad415d11\",\"ip\":\"::1\",\"method\":\"POST\",\"url\":\"/api/v1/protected/conversation\",\"status\":\"200\",\"responseTime\":\"4.735\"}","timestamp":"2024-09-15T12:10:38.483Z"}
{"level":"info","message":"{\"id\":\"79a7a061-efec-474a-880c-d74dfb2867c5\",\"ip\":\"::1\",\"method\":\"POST\",\"url\":\"/api/v1/protected/conversation\",\"status\":\"200\",\"responseTime\":\"5.469\"}","timestamp":"2024-09-15T12:10:48.059Z"}
{"level":"info","message":"Database Connected Successfully!","timestamp":"2024-09-15T12:16:58.123Z"}
{"level":"info","message":"Route  added with route.ts","timestamp":"2024-09-15T12:16:58.196Z"}
{"level":"info","message":"Middleware /v1/protected added with middleware.ts","timestamp":"2024-09-15T12:16:58.704Z"}
{"level":"info","message":"Route /v1/auth added with route.ts","timestamp":"2024-09-15T12:16:59.174Z"}
{"level":"info","message":"Route /v2/demo added with route.ts","timestamp":"2024-09-15T12:16:59.224Z"}
{"level":"info","message":"Route /v1/protected/conversation added with route.ts","timestamp":"2024-09-15T12:16:59.744Z"}
{"level":"info","message":"4 routes have been added","timestamp":"2024-09-15T12:16:59.744Z"}
{"level":"info","message":"Routes added successfully","timestamp":"2024-09-15T12:16:59.745Z"}
{"level":"info","message":"Server is listening on http://localhost:3000","timestamp":"2024-09-15T12:16:59.747Z"}
{"level":"info","message":"Database Connected Successfully!","timestamp":"2024-09-15T12:17:26.519Z"}
{"level":"info","message":"Route  added with route.ts","timestamp":"2024-09-15T12:17:26.592Z"}
{"level":"info","message":"Route /v1/auth added with route.ts","timestamp":"2024-09-15T12:17:27.123Z"}
{"level":"info","message":"Middleware /v1/protected added with middleware.ts","timestamp":"2024-09-15T12:17:27.551Z"}
{"level":"info","message":"Route /v2/demo added with route.ts","timestamp":"2024-09-15T12:17:27.607Z"}
{"level":"info","message":"Route /v1/protected/conversation added with route.ts","timestamp":"2024-09-15T12:17:28.098Z"}
{"level":"info","message":"4 routes have been added","timestamp":"2024-09-15T12:17:28.098Z"}
{"level":"info","message":"Routes added successfully","timestamp":"2024-09-15T12:17:28.099Z"}
{"level":"info","message":"Server is listening on http://localhost:3000","timestamp":"2024-09-15T12:17:28.101Z"}
{"level":"info","message":"Database Connected Successfully!","timestamp":"2024-09-15T12:19:11.892Z"}
{"level":"info","message":"Route  added with route.ts","timestamp":"2024-09-15T12:19:11.979Z"}
{"level":"info","message":"Middleware /v1/protected added with middleware.ts","timestamp":"2024-09-15T12:19:12.481Z"}
{"level":"info","message":"Route /v1/auth added with route.ts","timestamp":"2024-09-15T12:19:12.959Z"}
{"level":"info","message":"Route /v2/demo added with route.ts","timestamp":"2024-09-15T12:19:13.011Z"}
{"level":"info","message":"Route /v1/protected/conversation added with route.ts","timestamp":"2024-09-15T12:19:13.500Z"}
{"level":"info","message":"4 routes have been added","timestamp":"2024-09-15T12:19:13.500Z"}
{"level":"info","message":"Routes added successfully","timestamp":"2024-09-15T12:19:13.500Z"}
{"level":"info","message":"Server is listening on http://localhost:3000","timestamp":"2024-09-15T12:19:13.503Z"}
{"level":"info","message":"Database Connected Successfully!","timestamp":"2024-09-15T12:20:07.817Z"}
{"level":"info","message":"Route  added with route.ts","timestamp":"2024-09-15T12:20:07.893Z"}
{"level":"info","message":"Middleware /v1/protected added with middleware.ts","timestamp":"2024-09-15T12:20:08.389Z"}
{"level":"info","message":"Route /v1/auth added with route.ts","timestamp":"2024-09-15T12:20:08.838Z"}
{"level":"info","message":"Route /v2/demo added with route.ts","timestamp":"2024-09-15T12:20:08.888Z"}
{"level":"info","message":"Route /v1/protected/conversation added with route.ts","timestamp":"2024-09-15T12:20:09.397Z"}
{"level":"info","message":"4 routes have been added","timestamp":"2024-09-15T12:20:09.397Z"}
{"level":"info","message":"Routes added successfully","timestamp":"2024-09-15T12:20:09.398Z"}
{"level":"info","message":"Server is listening on http://localhost:3000","timestamp":"2024-09-15T12:20:09.399Z"}
{"level":"info","message":"Database Connected Successfully!","timestamp":"2024-09-15T12:20:36.896Z"}
{"level":"info","message":"Route  added with route.ts","timestamp":"2024-09-15T12:20:36.981Z"}
{"level":"info","message":"Middleware /v1/protected added with middleware.ts","timestamp":"2024-09-15T12:20:37.524Z"}
{"level":"info","message":"Route /v1/auth added with route.ts","timestamp":"2024-09-15T12:20:37.999Z"}
{"level":"info","message":"Route /v2/demo added with route.ts","timestamp":"2024-09-15T12:20:38.049Z"}
{"level":"info","message":"Route /v1/protected/conversation added with route.ts","timestamp":"2024-09-15T12:20:38.535Z"}
{"level":"info","message":"4 routes have been added","timestamp":"2024-09-15T12:20:38.536Z"}
{"level":"info","message":"Routes added successfully","timestamp":"2024-09-15T12:20:38.536Z"}
{"level":"info","message":"Server is listening on http://localhost:3000","timestamp":"2024-09-15T12:20:38.538Z"}
{"level":"info","message":"Database Connected Successfully!","timestamp":"2024-09-15T12:21:12.529Z"}
{"level":"info","message":"Route  added with route.ts","timestamp":"2024-09-15T12:21:12.595Z"}
{"level":"info","message":"Middleware /v1/protected added with middleware.ts","timestamp":"2024-09-15T12:21:13.087Z"}
{"level":"info","message":"Route /v1/auth added with route.ts","timestamp":"2024-09-15T12:21:13.562Z"}
{"level":"info","message":"Route /v2/demo added with route.ts","timestamp":"2024-09-15T12:21:13.610Z"}
{"level":"info","message":"Route /v1/protected/conversation added with route.ts","timestamp":"2024-09-15T12:21:14.179Z"}
{"level":"info","message":"4 routes have been added","timestamp":"2024-09-15T12:21:14.180Z"}
{"level":"info","message":"Routes added successfully","timestamp":"2024-09-15T12:21:14.180Z"}
{"level":"info","message":"Server is listening on http://localhost:3000","timestamp":"2024-09-15T12:21:14.182Z"}
{"level":"info","message":"Database Connected Successfully!","timestamp":"2024-09-15T12:21:51.764Z"}
{"level":"info","message":"Route  added with route.ts","timestamp":"2024-09-15T12:21:51.841Z"}
{"level":"info","message":"Route /v1/auth added with route.ts","timestamp":"2024-09-15T12:21:52.379Z"}
{"level":"info","message":"Middleware /v1/protected added with middleware.ts","timestamp":"2024-09-15T12:21:52.825Z"}
{"level":"info","message":"Route /v2/demo added with route.ts","timestamp":"2024-09-15T12:21:52.875Z"}
{"level":"info","message":"Route /v1/protected/conversation added with route.ts","timestamp":"2024-09-15T12:21:53.377Z"}
{"level":"info","message":"4 routes have been added","timestamp":"2024-09-15T12:21:53.378Z"}
{"level":"info","message":"Routes added successfully","timestamp":"2024-09-15T12:21:53.378Z"}
{"level":"info","message":"Server is listening on http://localhost:3000","timestamp":"2024-09-15T12:21:53.380Z"}
{"level":"info","message":"Database Connected Successfully!","timestamp":"2024-09-15T12:22:58.336Z"}
{"level":"info","message":"Route  added with route.ts","timestamp":"2024-09-15T12:22:58.417Z"}
{"level":"info","message":"Route /v1/auth added with route.ts","timestamp":"2024-09-15T12:22:58.992Z"}
{"level":"info","message":"Database Connected Successfully!","timestamp":"2024-09-15T12:23:02.891Z"}
{"level":"info","message":"Route  added with route.ts","timestamp":"2024-09-15T12:23:02.973Z"}
{"level":"info","message":"Route /v1/auth added with route.ts","timestamp":"2024-09-15T12:23:03.542Z"}
{"level":"info","message":"Route /v2/demo added with route.ts","timestamp":"2024-09-15T12:23:03.594Z"}
{"level":"info","message":"Middleware /v1/protected added with middleware.ts","timestamp":"2024-09-15T12:23:04.049Z"}
{"level":"info","message":"Route /v1/protected/conversation added with route.ts","timestamp":"2024-09-15T12:23:04.566Z"}
{"level":"info","message":"4 routes have been added","timestamp":"2024-09-15T12:23:04.567Z"}
{"level":"info","message":"Routes added successfully","timestamp":"2024-09-15T12:23:04.567Z"}
{"level":"info","message":"Server is listening on http://localhost:3000","timestamp":"2024-09-15T12:23:04.569Z"}
{"level":"info","message":"Database Connected Successfully!","timestamp":"2024-09-15T12:23:36.314Z"}
{"level":"info","message":"Route  added with route.ts","timestamp":"2024-09-15T12:23:36.376Z"}
{"level":"info","message":"Route /v1/auth added with route.ts","timestamp":"2024-09-15T12:23:36.894Z"}
{"level":"info","message":"Middleware /v1/protected added with middleware.ts","timestamp":"2024-09-15T12:23:37.346Z"}
{"level":"info","message":"Route /v2/demo added with route.ts","timestamp":"2024-09-15T12:23:37.393Z"}
{"level":"info","message":"Route /v1/protected/conversation added with route.ts","timestamp":"2024-09-15T12:23:37.896Z"}
{"level":"info","message":"4 routes have been added","timestamp":"2024-09-15T12:23:37.897Z"}
{"level":"info","message":"Routes added successfully","timestamp":"2024-09-15T12:23:37.897Z"}
{"level":"info","message":"Server is listening on http://localhost:3000","timestamp":"2024-09-15T12:23:37.899Z"}
{"level":"info","message":"Database Connected Successfully!","timestamp":"2024-09-15T12:25:04.619Z"}
{"level":"info","message":"Route  added with route.ts","timestamp":"2024-09-15T12:25:04.688Z"}
{"level":"info","message":"Middleware /v1/protected added with middleware.ts","timestamp":"2024-09-15T12:25:05.202Z"}
{"level":"info","message":"Route /v1/auth added with route.ts","timestamp":"2024-09-15T12:25:05.659Z"}
{"level":"info","message":"Route /v2/demo added with route.ts","timestamp":"2024-09-15T12:25:05.715Z"}
{"level":"info","message":"Route /v1/protected/conversation added with route.ts","timestamp":"2024-09-15T12:25:06.225Z"}
{"level":"info","message":"4 routes have been added","timestamp":"2024-09-15T12:25:06.226Z"}
{"level":"info","message":"Routes added successfully","timestamp":"2024-09-15T12:25:06.226Z"}
{"level":"info","message":"Server is listening on http://localhost:3000","timestamp":"2024-09-15T12:25:06.228Z"}
{"level":"info","message":"Database Connected Successfully!","timestamp":"2024-09-15T12:25:29.624Z"}
{"level":"info","message":"Route  added with route.ts","timestamp":"2024-09-15T12:25:29.694Z"}
{"level":"info","message":"Route /v1/auth added with route.ts","timestamp":"2024-09-15T12:25:30.247Z"}
{"level":"info","message":"Middleware /v1/protected added with middleware.ts","timestamp":"2024-09-15T12:25:30.717Z"}
{"level":"info","message":"Route /v2/demo added with route.ts","timestamp":"2024-09-15T12:25:30.765Z"}
{"level":"info","message":"Route /v1/protected/conversation added with route.ts","timestamp":"2024-09-15T12:25:31.270Z"}
{"level":"info","message":"4 routes have been added","timestamp":"2024-09-15T12:25:31.270Z"}
{"level":"info","message":"Routes added successfully","timestamp":"2024-09-15T12:25:31.271Z"}
{"level":"info","message":"Server is listening on http://localhost:3000","timestamp":"2024-09-15T12:25:31.273Z"}
{"level":"info","message":"Database Connected Successfully!","timestamp":"2024-09-15T12:26:06.088Z"}
{"level":"info","message":"Route  added with route.ts","timestamp":"2024-09-15T12:26:06.158Z"}
{"level":"info","message":"Middleware /v1/protected added with middleware.ts","timestamp":"2024-09-15T12:26:06.687Z"}
{"level":"info","message":"Route /v1/auth added with route.ts","timestamp":"2024-09-15T12:26:07.155Z"}
{"level":"info","message":"Route /v2/demo added with route.ts","timestamp":"2024-09-15T12:26:07.209Z"}
{"level":"info","message":"Route /v1/protected/conversation added with route.ts","timestamp":"2024-09-15T12:26:07.707Z"}
{"level":"info","message":"4 routes have been added","timestamp":"2024-09-15T12:26:07.708Z"}
{"level":"info","message":"Routes added successfully","timestamp":"2024-09-15T12:26:07.708Z"}
{"level":"info","message":"Server is listening on http://localhost:3000","timestamp":"2024-09-15T12:26:07.710Z"}
{"level":"info","message":"Database Connected Successfully!","timestamp":"2024-09-15T12:27:03.969Z"}
{"level":"info","message":"Route  added with route.ts","timestamp":"2024-09-15T12:27:04.050Z"}
{"level":"info","message":"Route /v1/auth added with route.ts","timestamp":"2024-09-15T12:27:04.577Z"}
{"level":"info","message":"Middleware /v1/protected added with middleware.ts","timestamp":"2024-09-15T12:27:04.997Z"}
{"level":"info","message":"Route /v2/demo added with route.ts","timestamp":"2024-09-15T12:27:05.052Z"}
{"level":"info","message":"Route /v1/protected/conversation added with route.ts","timestamp":"2024-09-15T12:27:05.535Z"}
{"level":"info","message":"4 routes have been added","timestamp":"2024-09-15T12:27:05.535Z"}
{"level":"info","message":"Routes added successfully","timestamp":"2024-09-15T12:27:05.536Z"}
{"level":"info","message":"Server is listening on http://localhost:3000","timestamp":"2024-09-15T12:27:05.538Z"}
{"level":"info","message":"Database Connected Successfully!","timestamp":"2024-09-15T12:28:49.245Z"}
{"level":"info","message":"Route  added with route.ts","timestamp":"2024-09-15T12:28:49.323Z"}
{"level":"info","message":"Route /v1/auth added with route.ts","timestamp":"2024-09-15T12:28:49.835Z"}
{"level":"info","message":"Middleware /v1/protected added with middleware.ts","timestamp":"2024-09-15T12:28:50.266Z"}
{"level":"info","message":"Route /v2/demo added with route.ts","timestamp":"2024-09-15T12:28:50.317Z"}
{"level":"info","message":"Route /v1/protected/conversation added with route.ts","timestamp":"2024-09-15T12:28:50.792Z"}
{"level":"info","message":"4 routes have been added","timestamp":"2024-09-15T12:28:50.793Z"}
{"level":"info","message":"Routes added successfully","timestamp":"2024-09-15T12:28:50.793Z"}
{"level":"info","message":"Server is listening on http://localhost:3000","timestamp":"2024-09-15T12:28:50.795Z"}
{"level":"info","message":"Database Connected Successfully!","timestamp":"2024-09-15T12:29:19.639Z"}
{"level":"info","message":"Route  added with route.ts","timestamp":"2024-09-15T12:29:19.719Z"}
{"level":"info","message":"Middleware /v1/protected added with middleware.ts","timestamp":"2024-09-15T12:29:20.252Z"}
{"level":"info","message":"Route /v1/auth added with route.ts","timestamp":"2024-09-15T12:29:20.745Z"}
{"level":"info","message":"Route /v2/demo added with route.ts","timestamp":"2024-09-15T12:29:20.791Z"}
{"level":"info","message":"Route /v1/protected/conversation added with route.ts","timestamp":"2024-09-15T12:29:21.286Z"}
{"level":"info","message":"4 routes have been added","timestamp":"2024-09-15T12:29:21.287Z"}
{"level":"info","message":"Routes added successfully","timestamp":"2024-09-15T12:29:21.287Z"}
{"level":"info","message":"Server is listening on http://localhost:3000","timestamp":"2024-09-15T12:29:21.289Z"}
{"level":"info","message":"Database Connected Successfully!","timestamp":"2024-09-15T12:31:13.037Z"}
{"level":"info","message":"Route  added with route.ts","timestamp":"2024-09-15T12:31:13.106Z"}
{"level":"info","message":"Route /v1/auth added with route.ts","timestamp":"2024-09-15T12:31:13.651Z"}
{"level":"info","message":"Middleware /v1/protected added with middleware.ts","timestamp":"2024-09-15T12:31:14.083Z"}
{"level":"info","message":"Route /v2/demo added with route.ts","timestamp":"2024-09-15T12:31:14.172Z"}
{"level":"info","message":"Route /v1/protected/conversation added with route.ts","timestamp":"2024-09-15T12:31:14.711Z"}
{"level":"info","message":"4 routes have been added","timestamp":"2024-09-15T12:31:14.712Z"}
{"level":"info","message":"Routes added successfully","timestamp":"2024-09-15T12:31:14.712Z"}
{"level":"info","message":"Server is listening on http://localhost:3000","timestamp":"2024-09-15T12:31:14.714Z"}
{"level":"info","message":"Database Connected Successfully!","timestamp":"2024-09-15T12:31:35.387Z"}
{"level":"info","message":"Route  added with route.ts","timestamp":"2024-09-15T12:31:35.460Z"}
{"level":"info","message":"Route /v1/auth added with route.ts","timestamp":"2024-09-15T12:31:36.012Z"}
{"level":"info","message":"Middleware /v1/protected added with middleware.ts","timestamp":"2024-09-15T12:31:36.440Z"}
{"level":"info","message":"Route /v2/demo added with route.ts","timestamp":"2024-09-15T12:31:36.485Z"}
{"level":"info","message":"Route /v1/protected/conversation added with route.ts","timestamp":"2024-09-15T12:31:36.965Z"}
{"level":"info","message":"4 routes have been added","timestamp":"2024-09-15T12:31:36.966Z"}
{"level":"info","message":"Routes added successfully","timestamp":"2024-09-15T12:31:36.967Z"}
{"level":"info","message":"Server is listening on http://localhost:3000","timestamp":"2024-09-15T12:31:36.968Z"}
{"level":"info","message":"Database Connected Successfully!","timestamp":"2024-09-15T12:35:43.010Z"}
{"level":"info","message":"Route  added with route.ts","timestamp":"2024-09-15T12:35:43.090Z"}
{"level":"info","message":"Route /v2/demo added with route.ts","timestamp":"2024-09-15T12:35:43.147Z"}
{"level":"info","message":"Route /v1/auth added with route.ts","timestamp":"2024-09-15T12:35:43.671Z"}
{"level":"info","message":"Middleware /v1/protected added with middleware.ts","timestamp":"2024-09-15T12:35:44.111Z"}
{"level":"info","message":"Route /v1/protected/conversation added with route.ts","timestamp":"2024-09-15T12:35:44.656Z"}
{"level":"info","message":"4 routes have been added","timestamp":"2024-09-15T12:35:44.657Z"}
{"level":"info","message":"Routes added successfully","timestamp":"2024-09-15T12:35:44.657Z"}
{"level":"info","message":"Server is listening on http://localhost:3000","timestamp":"2024-09-15T12:35:44.659Z"}
{"level":"info","message":"Database Connected Successfully!","timestamp":"2024-09-15T12:38:26.525Z"}
{"level":"info","message":"Route  added with route.ts","timestamp":"2024-09-15T12:38:26.598Z"}
{"level":"info","message":"Middleware /v1/protected added with middleware.ts","timestamp":"2024-09-15T12:38:27.100Z"}
{"level":"info","message":"Route /v1/auth added with route.ts","timestamp":"2024-09-15T12:38:27.556Z"}
{"level":"info","message":"Route /v2/demo added with route.ts","timestamp":"2024-09-15T12:38:27.605Z"}
{"level":"info","message":"Route /v1/protected/conversation added with route.ts","timestamp":"2024-09-15T12:38:28.086Z"}
{"level":"info","message":"4 routes have been added","timestamp":"2024-09-15T12:38:28.087Z"}
{"level":"info","message":"Routes added successfully","timestamp":"2024-09-15T12:38:28.087Z"}
{"level":"info","message":"Server is listening on http://localhost:3000","timestamp":"2024-09-15T12:38:28.089Z"}
{"level":"info","message":"Database Connected Successfully!","timestamp":"2024-09-15T12:40:42.597Z"}
{"level":"info","message":"Route  added with route.ts","timestamp":"2024-09-15T12:40:42.683Z"}
{"level":"info","message":"Route /v1/auth added with route.ts","timestamp":"2024-09-15T12:40:43.237Z"}
{"level":"info","message":"Middleware /v1/protected added with middleware.ts","timestamp":"2024-09-15T12:40:43.740Z"}
{"level":"info","message":"Route /v2/demo added with route.ts","timestamp":"2024-09-15T12:40:43.793Z"}
{"level":"info","message":"Route /v1/protected/conversation added with route.ts","timestamp":"2024-09-15T12:40:44.340Z"}
{"level":"info","message":"4 routes have been added","timestamp":"2024-09-15T12:40:44.340Z"}
{"level":"info","message":"Routes added successfully","timestamp":"2024-09-15T12:40:44.341Z"}
{"level":"info","message":"Server is listening on http://localhost:3000","timestamp":"2024-09-15T12:40:44.343Z"}
{"level":"info","message":"Database Connected Successfully!","timestamp":"2024-09-15T12:41:18.182Z"}
{"level":"info","message":"Route  added with route.ts","timestamp":"2024-09-15T12:41:18.260Z"}
{"level":"info","message":"Middleware /v1/protected added with middleware.ts","timestamp":"2024-09-15T12:41:18.773Z"}
{"level":"info","message":"Route /v1/auth added with route.ts","timestamp":"2024-09-15T12:41:19.236Z"}
{"level":"info","message":"Route /v2/demo added with route.ts","timestamp":"2024-09-15T12:41:19.287Z"}
{"level":"info","message":"Route /v1/protected/conversation added with route.ts","timestamp":"2024-09-15T12:41:19.778Z"}
{"level":"info","message":"4 routes have been added","timestamp":"2024-09-15T12:41:19.779Z"}
{"level":"info","message":"Routes added successfully","timestamp":"2024-09-15T12:41:19.779Z"}
{"level":"info","message":"Server is listening on http://localhost:3000","timestamp":"2024-09-15T12:41:19.781Z"}
{"level":"info","message":"Database Connected Successfully!","timestamp":"2024-09-15T12:42:04.550Z"}
{"level":"info","message":"Route  added with route.ts","timestamp":"2024-09-15T12:42:04.627Z"}
{"level":"info","message":"Middleware /v1/protected added with middleware.ts","timestamp":"2024-09-15T12:42:05.121Z"}
{"level":"info","message":"Route /v1/auth added with route.ts","timestamp":"2024-09-15T12:42:05.592Z"}
{"level":"info","message":"Route /v2/demo added with route.ts","timestamp":"2024-09-15T12:42:05.638Z"}
{"level":"info","message":"Route /v1/protected/conversation added with route.ts","timestamp":"2024-09-15T12:42:06.120Z"}
{"level":"info","message":"4 routes have been added","timestamp":"2024-09-15T12:42:06.120Z"}
{"level":"info","message":"Routes added successfully","timestamp":"2024-09-15T12:42:06.121Z"}
{"level":"info","message":"Server is listening on http://localhost:3000","timestamp":"2024-09-15T12:42:06.122Z"}
{"level":"info","message":"Database Connected Successfully!","timestamp":"2024-09-15T12:44:13.475Z"}
{"level":"info","message":"Route  added with route.ts","timestamp":"2024-09-15T12:44:13.555Z"}
{"level":"info","message":"Route /v1/auth added with route.ts","timestamp":"2024-09-15T12:44:14.082Z"}
{"level":"info","message":"Middleware /v1/protected added with middleware.ts","timestamp":"2024-09-15T12:44:14.512Z"}
{"level":"info","message":"Route /v2/demo added with route.ts","timestamp":"2024-09-15T12:44:14.567Z"}
{"level":"info","message":"Route /v1/protected/conversation added with route.ts","timestamp":"2024-09-15T12:44:15.066Z"}
{"level":"info","message":"4 routes have been added","timestamp":"2024-09-15T12:44:15.067Z"}
{"level":"info","message":"Routes added successfully","timestamp":"2024-09-15T12:44:15.067Z"}
{"level":"info","message":"Server is listening on http://localhost:3000","timestamp":"2024-09-15T12:44:15.069Z"}
{"level":"info","message":"Database Connected Successfully!","timestamp":"2024-09-15T12:45:52.582Z"}
{"level":"info","message":"Route  added with route.ts","timestamp":"2024-09-15T12:45:52.653Z"}
{"level":"info","message":"Route /v1/auth added with route.ts","timestamp":"2024-09-15T12:45:53.223Z"}
{"level":"info","message":"Middleware /v1/protected added with middleware.ts","timestamp":"2024-09-15T12:45:53.674Z"}
{"level":"info","message":"Route /v2/demo added with route.ts","timestamp":"2024-09-15T12:45:53.727Z"}
{"level":"info","message":"Route /v1/protected/conversation added with route.ts","timestamp":"2024-09-15T12:45:54.210Z"}
{"level":"info","message":"4 routes have been added","timestamp":"2024-09-15T12:45:54.210Z"}
{"level":"info","message":"Routes added successfully","timestamp":"2024-09-15T12:45:54.211Z"}
{"level":"info","message":"Server is listening on http://localhost:3000","timestamp":"2024-09-15T12:45:54.213Z"}
{"level":"info","message":"Database Connected Successfully!","timestamp":"2024-09-15T12:49:01.605Z"}
{"level":"info","message":"Route  added with route.ts","timestamp":"2024-09-15T12:49:01.683Z"}
{"level":"info","message":"Middleware /v1/protected added with middleware.ts","timestamp":"2024-09-15T12:49:02.174Z"}
{"level":"info","message":"Route /v1/auth added with route.ts","timestamp":"2024-09-15T12:49:02.693Z"}
{"level":"info","message":"Route /v2/demo added with route.ts","timestamp":"2024-09-15T12:49:02.740Z"}
{"level":"info","message":"Route /v1/protected/conversation added with route.ts","timestamp":"2024-09-15T12:49:03.262Z"}
{"level":"info","message":"4 routes have been added","timestamp":"2024-09-15T12:49:03.263Z"}
{"level":"info","message":"Routes added successfully","timestamp":"2024-09-15T12:49:03.263Z"}
{"level":"info","message":"Server is listening on http://localhost:3000","timestamp":"2024-09-15T12:49:03.265Z"}
{"level":"info","message":"Database Connected Successfully!","timestamp":"2024-09-15T12:50:23.071Z"}
{"level":"info","message":"Route  added with route.ts","timestamp":"2024-09-15T12:50:23.140Z"}
{"level":"info","message":"Route /v1/auth added with route.ts","timestamp":"2024-09-15T12:50:23.673Z"}
{"level":"info","message":"Middleware /v1/protected added with middleware.ts","timestamp":"2024-09-15T12:50:24.103Z"}
{"level":"info","message":"Route /v2/demo added with route.ts","timestamp":"2024-09-15T12:50:24.156Z"}
{"level":"info","message":"Route /v1/protected/conversation added with route.ts","timestamp":"2024-09-15T12:50:24.645Z"}
{"level":"info","message":"4 routes have been added","timestamp":"2024-09-15T12:50:24.646Z"}
{"level":"info","message":"Routes added successfully","timestamp":"2024-09-15T12:50:24.646Z"}
{"level":"info","message":"Server is listening on http://localhost:3000","timestamp":"2024-09-15T12:50:24.648Z"}
{"level":"info","message":"Database Connected Successfully!","timestamp":"2024-09-15T12:52:43.157Z"}
{"level":"info","message":"Route  added with route.ts","timestamp":"2024-09-15T12:52:43.233Z"}
{"level":"info","message":"Route /v1/auth added with route.ts","timestamp":"2024-09-15T12:52:43.755Z"}
{"level":"info","message":"Middleware /v1/protected added with middleware.ts","timestamp":"2024-09-15T12:52:44.178Z"}
{"level":"info","message":"Route /v2/demo added with route.ts","timestamp":"2024-09-15T12:52:44.223Z"}
{"level":"info","message":"Route /v1/protected/conversation added with route.ts","timestamp":"2024-09-15T12:52:44.702Z"}
{"level":"info","message":"4 routes have been added","timestamp":"2024-09-15T12:52:44.703Z"}
{"level":"info","message":"Routes added successfully","timestamp":"2024-09-15T12:52:44.703Z"}
{"level":"info","message":"Server is listening on http://localhost:3000","timestamp":"2024-09-15T12:52:44.705Z"}
{"level":"info","message":"Database Connected Successfully!","timestamp":"2024-09-15T12:53:09.198Z"}
{"level":"info","message":"Route  added with route.ts","timestamp":"2024-09-15T12:53:09.283Z"}
{"level":"info","message":"Route /v1/auth added with route.ts","timestamp":"2024-09-15T12:53:09.837Z"}
{"level":"info","message":"Route /v2/demo added with route.ts","timestamp":"2024-09-15T12:53:09.891Z"}
{"level":"info","message":"Middleware /v1/protected added with middleware.ts","timestamp":"2024-09-15T12:53:10.328Z"}
{"level":"info","message":"Route /v1/protected/conversation added with route.ts","timestamp":"2024-09-15T12:53:10.827Z"}
{"level":"info","message":"4 routes have been added","timestamp":"2024-09-15T12:53:10.827Z"}
{"level":"info","message":"Routes added successfully","timestamp":"2024-09-15T12:53:10.828Z"}
{"level":"info","message":"Server is listening on http://localhost:3000","timestamp":"2024-09-15T12:53:10.830Z"}
{"level":"info","message":"Database Connected Successfully!","timestamp":"2024-09-15T12:53:58.930Z"}
{"level":"info","message":"Route  added with route.ts","timestamp":"2024-09-15T12:53:59.008Z"}
{"level":"info","message":"Route /v1/auth added with route.ts","timestamp":"2024-09-15T12:53:59.527Z"}
{"level":"info","message":"Middleware /v1/protected added with middleware.ts","timestamp":"2024-09-15T12:53:59.967Z"}
{"level":"info","message":"Route /v2/demo added with route.ts","timestamp":"2024-09-15T12:54:00.015Z"}
{"level":"info","message":"Route /v1/protected/conversation added with route.ts","timestamp":"2024-09-15T12:54:00.508Z"}
{"level":"info","message":"4 routes have been added","timestamp":"2024-09-15T12:54:00.509Z"}
{"level":"info","message":"Routes added successfully","timestamp":"2024-09-15T12:54:00.509Z"}
{"level":"info","message":"Server is listening on http://localhost:3000","timestamp":"2024-09-15T12:54:00.511Z"}
{"level":"info","message":"Database Connected Successfully!","timestamp":"2024-09-15T12:55:06.397Z"}
{"level":"info","message":"Route  added with route.ts","timestamp":"2024-09-15T12:55:06.471Z"}
{"level":"info","message":"Middleware /v1/protected added with middleware.ts","timestamp":"2024-09-15T12:55:06.974Z"}
{"level":"info","message":"Route /v1/auth added with route.ts","timestamp":"2024-09-15T12:55:07.449Z"}
{"level":"info","message":"Route /v2/demo added with route.ts","timestamp":"2024-09-15T12:55:07.501Z"}
{"level":"info","message":"Route /v1/protected/conversation added with route.ts","timestamp":"2024-09-15T12:55:08.022Z"}
{"level":"info","message":"4 routes have been added","timestamp":"2024-09-15T12:55:08.023Z"}
{"level":"info","message":"Routes added successfully","timestamp":"2024-09-15T12:55:08.023Z"}
{"level":"info","message":"Server is listening on http://localhost:3000","timestamp":"2024-09-15T12:55:08.025Z"}
{"level":"info","message":"Database Connected Successfully!","timestamp":"2024-09-15T12:55:34.857Z"}
{"level":"info","message":"Route  added with route.ts","timestamp":"2024-09-15T12:55:34.931Z"}
{"level":"info","message":"Route /v1/auth added with route.ts","timestamp":"2024-09-15T12:55:35.507Z"}
{"level":"info","message":"Middleware /v1/protected added with middleware.ts","timestamp":"2024-09-15T12:55:35.944Z"}
{"level":"info","message":"Route /v2/demo added with route.ts","timestamp":"2024-09-15T12:55:35.991Z"}
{"level":"info","message":"Route /v1/protected/conversation added with route.ts","timestamp":"2024-09-15T12:55:36.465Z"}
{"level":"info","message":"4 routes have been added","timestamp":"2024-09-15T12:55:36.465Z"}
{"level":"info","message":"Routes added successfully","timestamp":"2024-09-15T12:55:36.466Z"}
{"level":"info","message":"Server is listening on http://localhost:3000","timestamp":"2024-09-15T12:55:36.468Z"}
{"level":"info","message":"Database Connected Successfully!","timestamp":"2024-09-15T12:56:12.532Z"}
{"level":"info","message":"Route  added with route.ts","timestamp":"2024-09-15T12:56:12.612Z"}
{"level":"info","message":"Middleware /v1/protected added with middleware.ts","timestamp":"2024-09-15T12:56:13.222Z"}
{"level":"info","message":"Route /v1/auth added with route.ts","timestamp":"2024-09-15T12:56:13.678Z"}
{"level":"info","message":"Route /v2/demo added with route.ts","timestamp":"2024-09-15T12:56:13.724Z"}
{"level":"info","message":"Route /v1/protected/conversation added with route.ts","timestamp":"2024-09-15T12:56:14.213Z"}
{"level":"info","message":"4 routes have been added","timestamp":"2024-09-15T12:56:14.214Z"}
{"level":"info","message":"Routes added successfully","timestamp":"2024-09-15T12:56:14.214Z"}
{"level":"info","message":"Server is listening on http://localhost:3000","timestamp":"2024-09-15T12:56:14.216Z"}
{"level":"info","message":"Database Connected Successfully!","timestamp":"2024-09-15T12:57:10.235Z"}
{"level":"info","message":"Route  added with route.ts","timestamp":"2024-09-15T12:57:10.315Z"}
{"level":"info","message":"Route /v1/auth added with route.ts","timestamp":"2024-09-15T12:57:10.865Z"}
{"level":"info","message":"Middleware /v1/protected added with middleware.ts","timestamp":"2024-09-15T12:57:11.286Z"}
{"level":"info","message":"Route /v2/demo added with route.ts","timestamp":"2024-09-15T12:57:11.335Z"}
{"level":"info","message":"Route /v1/protected/conversation added with route.ts","timestamp":"2024-09-15T12:57:11.821Z"}
{"level":"info","message":"4 routes have been added","timestamp":"2024-09-15T12:57:11.822Z"}
{"level":"info","message":"Routes added successfully","timestamp":"2024-09-15T12:57:11.822Z"}
{"level":"info","message":"Server is listening on http://localhost:3000","timestamp":"2024-09-15T12:57:11.824Z"}
{"level":"info","message":"Database Connected Successfully!","timestamp":"2024-09-15T12:57:22.187Z"}
{"level":"info","message":"Route  added with route.ts","timestamp":"2024-09-15T12:57:22.259Z"}
{"level":"info","message":"Middleware /v1/protected added with middleware.ts","timestamp":"2024-09-15T12:57:22.797Z"}
{"level":"info","message":"Route /v1/auth added with route.ts","timestamp":"2024-09-15T12:57:23.277Z"}
{"level":"info","message":"Route /v2/demo added with route.ts","timestamp":"2024-09-15T12:57:23.336Z"}
{"level":"info","message":"Route /v1/protected/conversation added with route.ts","timestamp":"2024-09-15T12:57:23.848Z"}
{"level":"info","message":"4 routes have been added","timestamp":"2024-09-15T12:57:23.849Z"}
{"level":"info","message":"Routes added successfully","timestamp":"2024-09-15T12:57:23.849Z"}
{"level":"info","message":"Server is listening on http://localhost:3000","timestamp":"2024-09-15T12:57:23.851Z"}
{"level":"info","message":"Database Connected Successfully!","timestamp":"2024-09-15T12:57:29.846Z"}
{"level":"info","message":"Route  added with route.ts","timestamp":"2024-09-15T12:57:29.920Z"}
{"level":"info","message":"Route /v1/auth added with route.ts","timestamp":"2024-09-15T12:57:30.447Z"}
{"level":"info","message":"Middleware /v1/protected added with middleware.ts","timestamp":"2024-09-15T12:57:30.867Z"}
{"level":"info","message":"Route /v2/demo added with route.ts","timestamp":"2024-09-15T12:57:30.911Z"}
{"level":"info","message":"Route /v1/protected/conversation added with route.ts","timestamp":"2024-09-15T12:57:31.429Z"}
{"level":"info","message":"4 routes have been added","timestamp":"2024-09-15T12:57:31.430Z"}
{"level":"info","message":"Routes added successfully","timestamp":"2024-09-15T12:57:31.430Z"}
{"level":"info","message":"Server is listening on http://localhost:3000","timestamp":"2024-09-15T12:57:31.432Z"}
{"level":"info","message":"Database Connected Successfully!","timestamp":"2024-09-15T12:57:57.719Z"}
{"level":"info","message":"Route  added with route.ts","timestamp":"2024-09-15T12:57:57.793Z"}
{"level":"info","message":"Route /v1/auth added with route.ts","timestamp":"2024-09-15T12:57:58.319Z"}
{"level":"info","message":"Middleware /v1/protected added with middleware.ts","timestamp":"2024-09-15T12:57:58.758Z"}
{"level":"info","message":"Route /v2/demo added with route.ts","timestamp":"2024-09-15T12:57:58.807Z"}
{"level":"info","message":"Route /v1/protected/conversation added with route.ts","timestamp":"2024-09-15T12:57:59.286Z"}
{"level":"info","message":"4 routes have been added","timestamp":"2024-09-15T12:57:59.287Z"}
{"level":"info","message":"Routes added successfully","timestamp":"2024-09-15T12:57:59.287Z"}
{"level":"info","message":"Server is listening on http://localhost:3000","timestamp":"2024-09-15T12:57:59.289Z"}
{"level":"info","message":"Database Connected Successfully!","timestamp":"2024-09-15T13:02:08.461Z"}
{"level":"info","message":"Route  added with route.ts","timestamp":"2024-09-15T13:02:08.532Z"}
{"level":"info","message":"Middleware /v1/protected added with middleware.ts","timestamp":"2024-09-15T13:02:09.029Z"}
{"level":"info","message":"Route /v1/auth added with route.ts","timestamp":"2024-09-15T13:02:09.534Z"}
{"level":"info","message":"Route /v2/demo added with route.ts","timestamp":"2024-09-15T13:02:09.591Z"}
{"level":"info","message":"Route /v1/protected/conversation added with route.ts","timestamp":"2024-09-15T13:02:10.084Z"}
{"level":"info","message":"4 routes have been added","timestamp":"2024-09-15T13:02:10.085Z"}
{"level":"info","message":"Routes added successfully","timestamp":"2024-09-15T13:02:10.085Z"}
{"level":"info","message":"Server is listening on http://localhost:3000","timestamp":"2024-09-15T13:02:10.087Z"}
{"level":"info","message":"Database Connected Successfully!","timestamp":"2024-09-15T13:02:21.189Z"}
{"level":"info","message":"Route  added with route.ts","timestamp":"2024-09-15T13:02:21.262Z"}
{"level":"info","message":"Route /v1/auth added with route.ts","timestamp":"2024-09-15T13:02:21.769Z"}
{"level":"info","message":"Middleware /v1/protected added with middleware.ts","timestamp":"2024-09-15T13:02:22.180Z"}
{"level":"info","message":"Route /v2/demo added with route.ts","timestamp":"2024-09-15T13:02:22.224Z"}
{"level":"info","message":"Route /v1/protected/conversation added with route.ts","timestamp":"2024-09-15T13:02:22.686Z"}
{"level":"info","message":"4 routes have been added","timestamp":"2024-09-15T13:02:22.686Z"}
{"level":"info","message":"Routes added successfully","timestamp":"2024-09-15T13:02:22.687Z"}
{"level":"info","message":"Server is listening on http://localhost:3000","timestamp":"2024-09-15T13:02:22.689Z"}
{"level":"info","message":"Database Connected Successfully!","timestamp":"2024-09-15T13:05:08.064Z"}
{"level":"info","message":"Route  added with route.ts","timestamp":"2024-09-15T13:05:08.141Z"}
{"level":"info","message":"Route /v1/auth added with route.ts","timestamp":"2024-09-15T13:05:08.725Z"}
{"level":"info","message":"Middleware /v1/protected added with middleware.ts","timestamp":"2024-09-15T13:05:09.158Z"}
{"level":"info","message":"Route /v2/demo added with route.ts","timestamp":"2024-09-15T13:05:09.210Z"}
{"level":"info","message":"Route /v1/protected/conversation added with route.ts","timestamp":"2024-09-15T13:05:09.720Z"}
{"level":"info","message":"4 routes have been added","timestamp":"2024-09-15T13:05:09.720Z"}
{"level":"info","message":"Routes added successfully","timestamp":"2024-09-15T13:05:09.721Z"}
{"level":"info","message":"Server is listening on http://localhost:3000","timestamp":"2024-09-15T13:05:09.722Z"}
{"level":"info","message":"Database Connected Successfully!","timestamp":"2024-09-15T13:13:51.928Z"}
{"level":"info","message":"Route  added with route.ts","timestamp":"2024-09-15T13:13:52.002Z"}
{"level":"info","message":"Route /v1/auth added with route.ts","timestamp":"2024-09-15T13:13:52.501Z"}
{"level":"info","message":"Middleware /v1/protected added with middleware.ts","timestamp":"2024-09-15T13:13:52.927Z"}
{"level":"info","message":"Route /v2/demo added with route.ts","timestamp":"2024-09-15T13:13:52.982Z"}
{"level":"info","message":"Route /v1/protected/conversation added with route.ts","timestamp":"2024-09-15T13:13:53.458Z"}
{"level":"info","message":"4 routes have been added","timestamp":"2024-09-15T13:13:53.458Z"}
{"level":"info","message":"Routes added successfully","timestamp":"2024-09-15T13:13:53.459Z"}
{"level":"info","message":"Server is listening on http://localhost:3000","timestamp":"2024-09-15T13:13:53.461Z"}
{"level":"info","message":"Database Connected Successfully!","timestamp":"2024-09-15T13:14:35.052Z"}
{"level":"info","message":"Route  added with route.ts","timestamp":"2024-09-15T13:14:35.122Z"}
{"level":"info","message":"Route /v1/auth added with route.ts","timestamp":"2024-09-15T13:14:35.647Z"}
{"level":"info","message":"Middleware /v1/protected added with middleware.ts","timestamp":"2024-09-15T13:14:36.069Z"}
{"level":"info","message":"Route /v2/demo added with route.ts","timestamp":"2024-09-15T13:14:36.122Z"}
{"level":"info","message":"Route /v1/protected/conversation added with route.ts","timestamp":"2024-09-15T13:14:36.591Z"}
{"level":"info","message":"4 routes have been added","timestamp":"2024-09-15T13:14:36.591Z"}
{"level":"info","message":"Routes added successfully","timestamp":"2024-09-15T13:14:36.592Z"}
{"level":"info","message":"Server is listening on http://localhost:3000","timestamp":"2024-09-15T13:14:36.594Z"}
{"level":"info","message":"Database Connected Successfully!","timestamp":"2024-09-15T13:15:10.993Z"}
{"level":"info","message":"Route  added with route.ts","timestamp":"2024-09-15T13:15:11.083Z"}
{"level":"info","message":"Route /v1/auth added with route.ts","timestamp":"2024-09-15T13:15:11.627Z"}
{"level":"info","message":"Middleware /v1/protected added with middleware.ts","timestamp":"2024-09-15T13:15:12.054Z"}
{"level":"info","message":"Route /v2/demo added with route.ts","timestamp":"2024-09-15T13:15:12.107Z"}
{"level":"info","message":"Route /v1/protected/conversation added with route.ts","timestamp":"2024-09-15T13:15:12.583Z"}
{"level":"info","message":"4 routes have been added","timestamp":"2024-09-15T13:15:12.583Z"}
{"level":"info","message":"Routes added successfully","timestamp":"2024-09-15T13:15:12.583Z"}
{"level":"info","message":"Server is listening on http://localhost:3000","timestamp":"2024-09-15T13:15:12.585Z"}
{"level":"info","message":"Database Connected Successfully!","timestamp":"2024-09-15T16:15:17.672Z"}
{"level":"info","message":"Route  added with route.ts","timestamp":"2024-09-15T16:15:17.745Z"}
{"level":"info","message":"Route /v1/auth added with route.ts","timestamp":"2024-09-15T16:15:18.327Z"}
{"level":"info","message":"Middleware /v1/protected added with middleware.ts","timestamp":"2024-09-15T16:15:18.810Z"}
{"level":"info","message":"Route /v2/demo added with route.ts","timestamp":"2024-09-15T16:15:18.869Z"}
{"level":"info","message":"Route /v1/protected/conversation added with route.ts","timestamp":"2024-09-15T16:15:19.420Z"}
{"level":"info","message":"4 routes have been added","timestamp":"2024-09-15T16:15:19.420Z"}
{"level":"info","message":"Routes added successfully","timestamp":"2024-09-15T16:15:19.421Z"}
{"level":"info","message":"Server is listening on http://localhost:3000","timestamp":"2024-09-15T16:15:19.422Z"}
{"level":"info","message":"Database Connected Successfully!","timestamp":"2024-09-15T16:15:33.019Z"}
{"level":"info","message":"Route  added with route.ts","timestamp":"2024-09-15T16:15:33.093Z"}
{"level":"info","message":"Route /v2/demo added with route.ts","timestamp":"2024-09-15T16:15:33.150Z"}
{"level":"info","message":"Middleware /v1/protected added with middleware.ts","timestamp":"2024-09-15T16:15:33.662Z"}
{"level":"info","message":"Route /v1/auth added with route.ts","timestamp":"2024-09-15T16:15:34.122Z"}
{"level":"info","message":"Route /v1/protected/conversation added with route.ts","timestamp":"2024-09-15T16:15:34.637Z"}
{"level":"info","message":"4 routes have been added","timestamp":"2024-09-15T16:15:34.638Z"}
{"level":"info","message":"Routes added successfully","timestamp":"2024-09-15T16:15:34.639Z"}
{"level":"info","message":"Server is listening on http://localhost:3000","timestamp":"2024-09-15T16:15:34.641Z"}
{"level":"info","message":"Database Connected Successfully!","timestamp":"2024-09-15T16:28:26.555Z"}
{"level":"info","message":"Route  added with route.ts","timestamp":"2024-09-15T16:28:26.632Z"}
{"level":"info","message":"Middleware /v1/protected added with middleware.ts","timestamp":"2024-09-15T16:28:27.243Z"}
{"level":"info","message":"Route /v2/demo added with route.ts","timestamp":"2024-09-15T16:28:27.297Z"}
{"level":"info","message":"Route /v1/auth added with route.ts","timestamp":"2024-09-15T16:28:27.826Z"}
{"level":"info","message":"Database Connected Successfully!","timestamp":"2024-09-15T16:31:03.431Z"}
{"level":"info","message":"Route  added with route.ts","timestamp":"2024-09-15T16:31:03.499Z"}
{"level":"info","message":"Route /v1/auth added with route.ts","timestamp":"2024-09-15T16:31:04.039Z"}
{"level":"info","message":"Middleware /v1/protected added with middleware.ts","timestamp":"2024-09-15T16:31:04.462Z"}
{"level":"info","message":"Route /v2/demo added with route.ts","timestamp":"2024-09-15T16:31:04.511Z"}
{"level":"info","message":"Database Connected Successfully!","timestamp":"2024-09-15T16:32:01.224Z"}
{"level":"info","message":"Route  added with route.ts","timestamp":"2024-09-15T16:32:01.300Z"}
{"level":"info","message":"Route /v1/auth added with route.ts","timestamp":"2024-09-15T16:32:01.912Z"}
{"level":"info","message":"Middleware /v1/protected added with middleware.ts","timestamp":"2024-09-15T16:32:02.405Z"}
{"level":"info","message":"Route /v2/demo added with route.ts","timestamp":"2024-09-15T16:32:02.476Z"}
{"level":"info","message":"Route /v1/protected/conversation added with route.ts","timestamp":"2024-09-15T16:32:03.055Z"}
{"level":"info","message":"4 routes have been added","timestamp":"2024-09-15T16:32:03.055Z"}
{"level":"info","message":"Routes added successfully","timestamp":"2024-09-15T16:32:03.056Z"}
{"level":"info","message":"Server is listening on http://localhost:3000","timestamp":"2024-09-15T16:32:03.058Z"}
{"level":"info","message":"Database Connected Successfully!","timestamp":"2024-09-15T16:32:27.414Z"}
{"level":"info","message":"Route  added with route.ts","timestamp":"2024-09-15T16:32:27.493Z"}
{"level":"info","message":"Middleware /v1/protected added with middleware.ts","timestamp":"2024-09-15T16:32:28.012Z"}
{"level":"info","message":"Route /v1/auth added with route.ts","timestamp":"2024-09-15T16:32:28.504Z"}
{"level":"info","message":"Route /v2/demo added with route.ts","timestamp":"2024-09-15T16:32:28.559Z"}
{"level":"info","message":"Route /v1/protected/conversation added with route.ts","timestamp":"2024-09-15T16:32:29.082Z"}
{"level":"info","message":"4 routes have been added","timestamp":"2024-09-15T16:32:29.083Z"}
{"level":"info","message":"Routes added successfully","timestamp":"2024-09-15T16:32:29.084Z"}
{"level":"info","message":"Server is listening on http://localhost:3000","timestamp":"2024-09-15T16:32:29.086Z"}
{"level":"info","message":"Database Connected Successfully!","timestamp":"2024-09-15T16:32:53.235Z"}
{"level":"info","message":"Route  added with route.ts","timestamp":"2024-09-15T16:32:53.310Z"}
{"level":"info","message":"Route /v1/auth added with route.ts","timestamp":"2024-09-15T16:32:53.877Z"}
{"level":"info","message":"Middleware /v1/protected added with middleware.ts","timestamp":"2024-09-15T16:32:54.363Z"}
{"level":"info","message":"Route /v2/demo added with route.ts","timestamp":"2024-09-15T16:32:54.411Z"}
{"level":"info","message":"Route /v1/protected/conversation added with route.ts","timestamp":"2024-09-15T16:32:54.933Z"}
{"level":"info","message":"4 routes have been added","timestamp":"2024-09-15T16:32:54.934Z"}
{"level":"info","message":"Routes added successfully","timestamp":"2024-09-15T16:32:54.935Z"}
{"level":"info","message":"Server is listening on http://localhost:3000","timestamp":"2024-09-15T16:32:54.937Z"}
{"level":"info","message":"Database Connected Successfully!","timestamp":"2024-09-15T16:32:59.089Z"}
{"level":"info","message":"Route  added with route.ts","timestamp":"2024-09-15T16:32:59.163Z"}
{"level":"info","message":"Route /v1/auth added with route.ts","timestamp":"2024-09-15T16:32:59.715Z"}
{"level":"info","message":"Middleware /v1/protected added with middleware.ts","timestamp":"2024-09-15T16:33:00.146Z"}
{"level":"info","message":"Route /v2/demo added with route.ts","timestamp":"2024-09-15T16:33:00.197Z"}
{"level":"info","message":"Route /v1/protected/conversation added with route.ts","timestamp":"2024-09-15T16:33:00.728Z"}
{"level":"info","message":"4 routes have been added","timestamp":"2024-09-15T16:33:00.729Z"}
{"level":"info","message":"Routes added successfully","timestamp":"2024-09-15T16:33:00.729Z"}
{"level":"info","message":"Server is listening on http://localhost:3000","timestamp":"2024-09-15T16:33:00.731Z"}
{"level":"info","message":"Database Connected Successfully!","timestamp":"2024-09-15T16:33:48.703Z"}
{"level":"info","message":"Route  added with route.ts","timestamp":"2024-09-15T16:33:48.781Z"}
{"level":"info","message":"Route /v1/auth added with route.ts","timestamp":"2024-09-15T16:33:49.301Z"}
{"level":"info","message":"Route /v2/demo added with route.ts","timestamp":"2024-09-15T16:33:49.360Z"}
{"level":"info","message":"Middleware /v1/protected added with middleware.ts","timestamp":"2024-09-15T16:33:49.807Z"}
{"level":"info","message":"Route /v1/protected/conversation added with route.ts","timestamp":"2024-09-15T16:33:50.326Z"}
{"level":"info","message":"Route /v1/protected/message added with route.ts","timestamp":"2024-09-15T16:33:50.889Z"}
{"level":"info","message":"5 routes have been added","timestamp":"2024-09-15T16:33:50.889Z"}
{"level":"info","message":"Routes added successfully","timestamp":"2024-09-15T16:33:50.890Z"}
{"level":"info","message":"Server is listening on http://localhost:3000","timestamp":"2024-09-15T16:33:50.892Z"}
{"level":"info","message":"Database Connected Successfully!","timestamp":"2024-09-15T16:36:35.288Z"}
{"level":"info","message":"Route  added with route.ts","timestamp":"2024-09-15T16:36:35.367Z"}
{"level":"info","message":"Route /v2/demo added with route.ts","timestamp":"2024-09-15T16:36:35.425Z"}
{"level":"info","message":"Route /v1/auth added with route.ts","timestamp":"2024-09-15T16:36:35.962Z"}
{"level":"info","message":"Middleware /v1/protected added with middleware.ts","timestamp":"2024-09-15T16:36:36.387Z"}
{"level":"info","message":"Route /v1/protected/conversation added with route.ts","timestamp":"2024-09-15T16:36:36.878Z"}
{"level":"info","message":"Route /v1/protected/message added with route.ts","timestamp":"2024-09-15T16:36:37.364Z"}
{"level":"info","message":"5 routes have been added","timestamp":"2024-09-15T16:36:37.364Z"}
{"level":"info","message":"Routes added successfully","timestamp":"2024-09-15T16:36:37.365Z"}
{"level":"info","message":"Server is listening on http://localhost:3000","timestamp":"2024-09-15T16:36:37.368Z"}
{"level":"info","message":"Database Connected Successfully!","timestamp":"2024-09-15T16:36:51.941Z"}
{"level":"info","message":"Route  added with route.ts","timestamp":"2024-09-15T16:36:52.009Z"}
{"level":"info","message":"Route /v1/auth added with route.ts","timestamp":"2024-09-15T16:36:52.534Z"}
{"level":"info","message":"Middleware /v1/protected added with middleware.ts","timestamp":"2024-09-15T16:36:52.966Z"}
{"level":"info","message":"Route /v2/demo added with route.ts","timestamp":"2024-09-15T16:36:53.020Z"}
{"level":"info","message":"Route /v1/protected/conversation added with route.ts","timestamp":"2024-09-15T16:36:53.521Z"}
{"level":"info","message":"Route /v1/protected/message added with route.ts","timestamp":"2024-09-15T16:36:53.979Z"}
{"level":"info","message":"5 routes have been added","timestamp":"2024-09-15T16:36:53.980Z"}
{"level":"info","message":"Routes added successfully","timestamp":"2024-09-15T16:36:53.980Z"}
{"level":"info","message":"Server is listening on http://localhost:3000","timestamp":"2024-09-15T16:36:53.982Z"}
{"level":"info","message":"Database Connected Successfully!","timestamp":"2024-09-15T16:40:11.226Z"}
{"level":"info","message":"Route  added with route.ts","timestamp":"2024-09-15T16:40:11.303Z"}
{"level":"info","message":"Route /v2/demo added with route.ts","timestamp":"2024-09-15T16:40:11.360Z"}
{"level":"info","message":"Middleware /v1/protected added with middleware.ts","timestamp":"2024-09-15T16:40:11.851Z"}
{"level":"info","message":"Route /v1/auth added with route.ts","timestamp":"2024-09-15T16:40:12.307Z"}
{"level":"info","message":"Database Connected Successfully!","timestamp":"2024-09-15T16:40:16.036Z"}
{"level":"info","message":"Route  added with route.ts","timestamp":"2024-09-15T16:40:16.122Z"}
{"level":"info","message":"Middleware /v1/protected added with middleware.ts","timestamp":"2024-09-15T16:40:16.635Z"}
{"level":"info","message":"Route /v1/auth added with route.ts","timestamp":"2024-09-15T16:40:17.107Z"}
{"level":"info","message":"Route /v2/demo added with route.ts","timestamp":"2024-09-15T16:40:17.157Z"}
{"level":"info","message":"Route /v1/protected/conversation added with route.ts","timestamp":"2024-09-15T16:40:17.675Z"}
{"level":"info","message":"Route /v1/protected/message added with route.ts","timestamp":"2024-09-15T16:40:18.161Z"}
{"level":"info","message":"5 routes have been added","timestamp":"2024-09-15T16:40:18.161Z"}
{"level":"info","message":"Routes added successfully","timestamp":"2024-09-15T16:40:18.161Z"}
{"level":"info","message":"Server is listening on http://localhost:3000","timestamp":"2024-09-15T16:40:18.164Z"}
{"level":"info","message":"Database Connected Successfully!","timestamp":"2024-09-15T16:42:08.585Z"}
{"level":"info","message":"Route  added with route.ts","timestamp":"2024-09-15T16:42:08.656Z"}
{"level":"info","message":"Route /v1/auth added with route.ts","timestamp":"2024-09-15T16:42:09.233Z"}
{"level":"info","message":"Middleware /v1/protected added with middleware.ts","timestamp":"2024-09-15T16:42:09.683Z"}
{"level":"info","message":"Route /v2/demo added with route.ts","timestamp":"2024-09-15T16:42:09.740Z"}
{"level":"info","message":"Database Connected Successfully!","timestamp":"2024-09-15T16:43:35.566Z"}
{"level":"info","message":"Route  added with route.ts","timestamp":"2024-09-15T16:43:35.636Z"}
{"level":"info","message":"Route /v1/auth added with route.ts","timestamp":"2024-09-15T16:43:36.200Z"}
{"level":"info","message":"Middleware /v1/protected added with middleware.ts","timestamp":"2024-09-15T16:43:36.643Z"}
{"level":"info","message":"Route /v2/demo added with route.ts","timestamp":"2024-09-15T16:43:36.693Z"}
{"level":"info","message":"Database Connected Successfully!","timestamp":"2024-09-15T16:43:44.232Z"}
{"level":"info","message":"Route  added with route.ts","timestamp":"2024-09-15T16:43:44.303Z"}
{"level":"info","message":"Route /v2/demo added with route.ts","timestamp":"2024-09-15T16:43:44.370Z"}
{"level":"info","message":"Middleware /v1/protected added with middleware.ts","timestamp":"2024-09-15T16:43:44.876Z"}
{"level":"info","message":"Route /v1/auth added with route.ts","timestamp":"2024-09-15T16:43:45.348Z"}
{"level":"info","message":"Database Connected Successfully!","timestamp":"2024-09-15T16:51:09.241Z"}
{"level":"info","message":"Route  added with route.ts","timestamp":"2024-09-15T16:51:09.319Z"}
{"level":"info","message":"Route /v1/auth added with route.ts","timestamp":"2024-09-15T16:51:09.852Z"}
{"level":"info","message":"Middleware /v1/protected added with middleware.ts","timestamp":"2024-09-15T16:51:10.289Z"}
{"level":"info","message":"Route /v2/demo added with route.ts","timestamp":"2024-09-15T16:51:10.336Z"}
{"level":"info","message":"Database Connected Successfully!","timestamp":"2024-09-15T16:51:32.135Z"}
{"level":"info","message":"Route  added with route.ts","timestamp":"2024-09-15T16:51:32.224Z"}
{"level":"info","message":"Middleware /v1/protected added with middleware.ts","timestamp":"2024-09-15T16:51:32.776Z"}
{"level":"info","message":"Route /v1/auth added with route.ts","timestamp":"2024-09-15T16:51:33.270Z"}
{"level":"info","message":"Route /v2/demo added with route.ts","timestamp":"2024-09-15T16:51:33.326Z"}
{"level":"info","message":"Route /v1/protected/conversation added with route.ts","timestamp":"2024-09-15T16:51:33.892Z"}
{"level":"info","message":"Route /v1/protected/message added with route.ts","timestamp":"2024-09-15T16:51:34.001Z"}
{"level":"info","message":"5 routes have been added","timestamp":"2024-09-15T16:51:34.002Z"}
{"level":"info","message":"Routes added successfully","timestamp":"2024-09-15T16:51:34.002Z"}
{"level":"info","message":"Server is listening on http://localhost:3000","timestamp":"2024-09-15T16:51:34.005Z"}
{"level":"info","message":"Database Connected Successfully!","timestamp":"2024-09-15T17:47:13.291Z"}
{"level":"info","message":"Route  added with route.ts","timestamp":"2024-09-15T17:47:13.364Z"}
{"level":"info","message":"Middleware /v1/protected added with middleware.ts","timestamp":"2024-09-15T17:47:13.823Z"}
{"level":"info","message":"Route /v1/auth added with route.ts","timestamp":"2024-09-15T17:47:14.254Z"}
{"level":"info","message":"Route /v2/demo added with route.ts","timestamp":"2024-09-15T17:47:14.300Z"}
{"level":"info","message":"Route /v1/protected/conversation added with route.ts","timestamp":"2024-09-15T17:47:14.759Z"}
{"level":"info","message":"Route /v1/protected/message added with route.ts","timestamp":"2024-09-15T17:47:14.864Z"}
{"level":"info","message":"Route /v1/protected/user added with route.ts","timestamp":"2024-09-15T17:47:15.280Z"}
{"level":"info","message":"6 routes have been added","timestamp":"2024-09-15T17:47:15.280Z"}
{"level":"info","message":"Routes added successfully","timestamp":"2024-09-15T17:47:15.281Z"}
{"level":"info","message":"Server is listening on http://localhost:3000","timestamp":"2024-09-15T17:47:15.283Z"}
{"level":"info","message":"{\"id\":\"4b8a9ad7-927e-49f5-9db7-1ead55d8bce0\",\"ip\":\"::1\",\"method\":\"GET\",\"url\":\"/api/v1/protected/user?search=Elias\",\"status\":\"200\",\"responseTime\":\"18.628\"}","timestamp":"2024-09-15T17:47:18.519Z"}
{"level":"info","message":"{\"id\":\"8c3514fd-7971-440c-b632-10863664b1d7\",\"ip\":\"::1\",\"method\":\"GET\",\"url\":\"/api/v1/protected/user?search=murshed\",\"status\":\"200\",\"responseTime\":\"6.105\"}","timestamp":"2024-09-15T17:47:26.157Z"}
{"level":"info","message":"{\"id\":\"89b03b86-f141-4c17-a574-e00440a96626\",\"ip\":\"::1\",\"method\":\"GET\",\"url\":\"/api/v1/protected/user?search=ur\",\"status\":\"200\",\"responseTime\":\"4.933\"}","timestamp":"2024-09-15T17:47:34.230Z"}
{"level":"info","message":"Database Connected Successfully!","timestamp":"2024-09-15T17:49:51.506Z"}
{"level":"info","message":"Route  added with route.ts","timestamp":"2024-09-15T17:49:51.578Z"}
{"level":"info","message":"Route /v1/auth added with route.ts","timestamp":"2024-09-15T17:49:52.085Z"}
{"level":"info","message":"Middleware /v1/protected added with middleware.ts","timestamp":"2024-09-15T17:49:52.495Z"}
{"level":"info","message":"Route /v2/demo added with route.ts","timestamp":"2024-09-15T17:49:52.538Z"}
{"level":"info","message":"Route /v1/protected/conversation added with route.ts","timestamp":"2024-09-15T17:49:53.004Z"}
{"level":"info","message":"Route /v1/protected/message added with route.ts","timestamp":"2024-09-15T17:49:53.106Z"}
{"level":"info","message":"Route /v1/protected/user added with route.ts","timestamp":"2024-09-15T17:49:53.523Z"}
{"level":"info","message":"6 routes have been added","timestamp":"2024-09-15T17:49:53.523Z"}
{"level":"info","message":"Routes added successfully","timestamp":"2024-09-15T17:49:53.524Z"}
{"level":"info","message":"Server is listening on http://localhost:3000","timestamp":"2024-09-15T17:49:53.528Z"}
{"level":"info","message":"Database Connected Successfully!","timestamp":"2024-09-15T17:49:58.845Z"}
{"level":"info","message":"Route  added with route.ts","timestamp":"2024-09-15T17:49:58.920Z"}
{"level":"info","message":"Middleware /v1/protected added with middleware.ts","timestamp":"2024-09-15T17:49:59.441Z"}
{"level":"info","message":"Route /v1/auth added with route.ts","timestamp":"2024-09-15T17:49:59.943Z"}
{"level":"info","message":"Route /v2/demo added with route.ts","timestamp":"2024-09-15T17:49:59.992Z"}
{"level":"info","message":"Route /v1/protected/conversation added with route.ts","timestamp":"2024-09-15T17:50:00.517Z"}
{"level":"info","message":"Route /v1/protected/message added with route.ts","timestamp":"2024-09-15T17:50:00.635Z"}
{"level":"info","message":"Route /v1/protected/user added with route.ts","timestamp":"2024-09-15T17:50:01.083Z"}
{"level":"info","message":"6 routes have been added","timestamp":"2024-09-15T17:50:01.084Z"}
{"level":"info","message":"Routes added successfully","timestamp":"2024-09-15T17:50:01.084Z"}
{"level":"info","message":"Server is listening on http://localhost:3000","timestamp":"2024-09-15T17:50:01.086Z"}
{"level":"info","message":"{\"id\":\"2736ea67-fd3e-4fcd-8d0e-deb234d251c9\",\"ip\":\"::1\",\"method\":\"GET\",\"url\":\"/api/v1/protected/user?search=\",\"status\":\"400\",\"responseTime\":\"15.976\"}","timestamp":"2024-09-15T17:50:03.217Z"}
{"level":"info","message":"{\"id\":\"4412df50-498a-4b28-8591-12927edd880f\",\"ip\":\"::1\",\"method\":\"GET\",\"url\":\"/api/v1/protected/user?search=%22asda%22\",\"status\":\"404\",\"responseTime\":\"7.080\"}","timestamp":"2024-09-15T17:50:22.084Z"}
{"level":"info","message":"{\"id\":\"ceece343-40f3-49e5-a3ff-246d81eb06db\",\"ip\":\"::1\",\"method\":\"GET\",\"url\":\"/api/v1/protected/user?search=ur\",\"status\":\"200\",\"responseTime\":\"7.228\"}","timestamp":"2024-09-15T17:50:27.841Z"}
{"level":"info","message":"{\"id\":\"5d5c5f51-888d-45a0-811b-5051d348e2ba\",\"ip\":\"::1\",\"method\":\"GET\",\"url\":\"/api/v1/protected/user?search=asdfasf\",\"status\":\"404\",\"responseTime\":\"4.827\"}","timestamp":"2024-09-15T17:50:33.049Z"}
{"level":"info","message":"Database Connected Successfully!","timestamp":"2024-09-15T17:51:33.137Z"}
{"level":"info","message":"Route  added with route.ts","timestamp":"2024-09-15T17:51:33.220Z"}
{"level":"info","message":"Route /v1/auth added with route.ts","timestamp":"2024-09-15T17:51:33.741Z"}
{"level":"info","message":"Middleware /v1/protected added with middleware.ts","timestamp":"2024-09-15T17:51:34.137Z"}
{"level":"info","message":"Route /v2/demo added with route.ts","timestamp":"2024-09-15T17:51:34.179Z"}
{"level":"info","message":"Route /v1/protected/conversation added with route.ts","timestamp":"2024-09-15T17:51:34.637Z"}
{"level":"info","message":"Route /v1/protected/message added with route.ts","timestamp":"2024-09-15T17:51:34.748Z"}
{"level":"info","message":"Route /v1/protected/user added with route.ts","timestamp":"2024-09-15T17:51:35.197Z"}
{"level":"info","message":"6 routes have been added","timestamp":"2024-09-15T17:51:35.197Z"}
{"level":"info","message":"Routes added successfully","timestamp":"2024-09-15T17:51:35.198Z"}
{"level":"info","message":"Server is listening on http://localhost:3000","timestamp":"2024-09-15T17:51:35.200Z"}
{"level":"info","message":"Database Connected Successfully!","timestamp":"2024-09-15T17:51:44.705Z"}
{"level":"info","message":"Route  added with route.ts","timestamp":"2024-09-15T17:51:44.775Z"}
{"level":"info","message":"Route /v1/auth added with route.ts","timestamp":"2024-09-15T17:51:45.304Z"}
{"level":"info","message":"Middleware /v1/protected added with middleware.ts","timestamp":"2024-09-15T17:51:45.727Z"}
{"level":"info","message":"Route /v2/demo added with route.ts","timestamp":"2024-09-15T17:51:45.774Z"}
{"level":"info","message":"Route /v1/protected/conversation added with route.ts","timestamp":"2024-09-15T17:51:46.260Z"}
{"level":"info","message":"Route /v1/protected/message added with route.ts","timestamp":"2024-09-15T17:51:46.358Z"}
{"level":"info","message":"Route /v1/protected/user added with route.ts","timestamp":"2024-09-15T17:51:46.801Z"}
{"level":"info","message":"6 routes have been added","timestamp":"2024-09-15T17:51:46.802Z"}
{"level":"info","message":"Routes added successfully","timestamp":"2024-09-15T17:51:46.803Z"}
{"level":"info","message":"Server is listening on http://localhost:3000","timestamp":"2024-09-15T17:51:46.805Z"}
{"level":"info","message":"{\"id\":\"45146079-5d1a-4f2e-8add-edecbeb0a740\",\"ip\":\"::1\",\"method\":\"GET\",\"url\":\"/api/v1/protected/user?search=asdfasf\",\"status\":\"404\",\"responseTime\":\"21.098\"}","timestamp":"2024-09-15T17:51:47.936Z"}
{"level":"info","message":"{\"id\":\"125834e5-fa6c-40a6-a877-9267f36268a2\",\"ip\":\"::1\",\"method\":\"GET\",\"url\":\"/api/v1/protected/user?search=asdfasf\",\"status\":\"404\",\"responseTime\":\"7.535\"}","timestamp":"2024-09-15T17:51:55.891Z"}
{"level":"info","message":"{\"id\":\"35d00c16-7ee2-4610-8abe-ec5e2f4a4bc2\",\"ip\":\"::1\",\"method\":\"GET\",\"url\":\"/api/v1/protected/user?search=asdfasf\",\"status\":\"404\",\"responseTime\":\"5.533\"}","timestamp":"2024-09-15T17:51:56.951Z"}
{"level":"info","message":"{\"id\":\"13be1376-90e5-445f-b393-d475ef5756e4\",\"ip\":\"::1\",\"method\":\"GET\",\"url\":\"/api/v1/protected/user?search=asdfasf\",\"status\":\"404\",\"responseTime\":\"6.492\"}","timestamp":"2024-09-15T17:51:57.743Z"}
{"level":"info","message":"{\"id\":\"24930247-16ca-4857-92bf-aed947753b89\",\"ip\":\"::1\",\"method\":\"GET\",\"url\":\"/api/v1/protected/user?search=asdfasf\",\"status\":\"404\",\"responseTime\":\"6.333\"}","timestamp":"2024-09-15T17:51:58.609Z"}
{"level":"info","message":"{\"id\":\"a28bb68f-8ca9-4273-a9eb-4fb24b155217\",\"ip\":\"::1\",\"method\":\"GET\",\"url\":\"/api/v1/protected/user?search=asdfasf\",\"status\":\"404\",\"responseTime\":\"5.532\"}","timestamp":"2024-09-15T17:51:59.306Z"}
{"level":"info","message":"{\"id\":\"0116a457-0e4d-45fb-9a8b-a9a33f616333\",\"ip\":\"::1\",\"method\":\"GET\",\"url\":\"/api/v1/protected/user?search=asdfasf\",\"status\":\"404\",\"responseTime\":\"5.614\"}","timestamp":"2024-09-15T17:51:59.973Z"}
{"level":"info","message":"{\"id\":\"e4157549-55b9-4654-b244-dc83ce71273c\",\"ip\":\"::1\",\"method\":\"GET\",\"url\":\"/api/v1/protected/user?search=asdfasf\",\"status\":\"404\",\"responseTime\":\"4.715\"}","timestamp":"2024-09-15T17:52:00.703Z"}
{"level":"info","message":"{\"id\":\"f41c1c74-29bb-4296-b90b-2e8d08f48aff\",\"ip\":\"::1\",\"method\":\"GET\",\"url\":\"/api/v1/protected/user?search=ur\",\"status\":\"200\",\"responseTime\":\"6.538\"}","timestamp":"2024-09-15T17:52:05.144Z"}
{"level":"info","message":"{\"id\":\"af72d9d6-4101-49f1-890c-2dd36ef9c9af\",\"ip\":\"::1\",\"method\":\"GET\",\"url\":\"/api/v1/protected/user\",\"status\":\"400\",\"responseTime\":\"4.605\"}","timestamp":"2024-09-15T17:52:19.910Z"}
{"level":"info","message":"{\"id\":\"44840b63-3f3d-453d-b4ab-02cd52765833\",\"ip\":\"::1\",\"method\":\"GET\",\"url\":\"/api/v1/protected/user?search=as\",\"status\":\"200\",\"responseTime\":\"6.895\"}","timestamp":"2024-09-15T17:53:36.745Z"}
{"level":"info","message":"{\"id\":\"ee2212d4-7909-46bf-ac00-315f0494cd61\",\"ip\":\"::1\",\"method\":\"GET\",\"url\":\"/api/v1/protected/user?search=e\",\"status\":\"200\",\"responseTime\":\"5.961\"}","timestamp":"2024-09-15T17:53:42.532Z"}
